# JRE version: Java(TM) SE Runtime Environment (17.0.7+8) (build 17.0.7+8-LTS-224)
# Java VM: Java HotSpot(TM) 64-Bit Server VM (17.0.7+8-LTS-224, mixed mode, sharing, tiered, compressed oops, compressed class ptrs, g1 gc, windows-amd64)
GC Precious Log:
 CPUs: 4 total, 4 available
 Memory: 16263M
 Large Page Support: Disabled
 NUMA Support: Disabled
 Compressed Oops: Enabled (32-bit)
 Heap Region Size: 1M
 Heap Min Capacity: 64M
 Heap Initial Capacity: 64M
 Heap Max Capacity: 64M
 Pre-touch: Disabled
 Parallel Workers: 4
 Concurrent Workers: 1
 Concurrent Refinement Workers: 4
 Periodic GC: Disabled
Heap:
 garbage-first heap   total 65536K, used 14069K [0x00000000fc000000, 0x0000000100000000)
  region size 1024K, 5 young (5120K), 2 survivors (2048K)
 Metaspace       used 9409K, committed 9600K, reserved 1064960K
  class space    used 1206K, committed 1280K, reserved 1048576K
GC Heap History (6 events):
Event: 5.671 GC heap before
{Heap before GC invocations=0 (full 0):
 garbage-first heap   total 65536K, used 15360K [0x00000000fc000000, 0x0000000100000000)
  region size 1024K, 13 young (13312K), 0 survivors (0K)
 Metaspace       used 2034K, committed 2176K, reserved 1056768K
  class space    used 198K, committed 256K, reserved 1048576K
}
Event: 5.865 GC heap after
{Heap after GC invocations=1 (full 0):
 garbage-first heap   total 65536K, used 3448K [0x00000000fc000000, 0x0000000100000000)
  region size 1024K, 2 young (2048K), 2 survivors (2048K)
 Metaspace       used 2034K, committed 2176K, reserved 1056768K
  class space    used 198K, committed 256K, reserved 1048576K
}
Event: 8.944 GC heap before
{Heap before GC invocations=1 (full 0):
 garbage-first heap   total 65536K, used 20856K [0x00000000fc000000, 0x0000000100000000)
  region size 1024K, 17 young (17408K), 2 survivors (2048K)
 Metaspace       used 5579K, committed 5760K, reserved 1056768K
  class space    used 774K, committed 832K, reserved 1048576K
}
Event: 8.947 GC heap after
{Heap after GC invocations=2 (full 0):
 garbage-first heap   total 65536K, used 10240K [0x00000000fc000000, 0x0000000100000000)
  region size 1024K, 3 young (3072K), 3 survivors (3072K)
 Metaspace       used 5579K, committed 5760K, reserved 1056768K
  class space    used 774K, committed 832K, reserved 1048576K
}
Event: 1120.099 GC heap before
{Heap before GC invocations=2 (full 0):
 garbage-first heap   total 65536K, used 30720K [0x00000000fc000000, 0x0000000100000000)
  region size 1024K, 23 young (23552K), 3 survivors (3072K)
 Metaspace       used 9409K, committed 9600K, reserved 1064960K
  class space    used 1206K, committed 1280K, reserved 1048576K
}
Event: 1120.114 GC heap after
{Heap after GC invocations=3 (full 0):
 garbage-first heap   total 65536K, used 12021K [0x00000000fc000000, 0x0000000100000000)
  region size 1024K, 2 young (2048K), 2 survivors (2048K)
 Metaspace       used 9409K, committed 9600K, reserved 1064960K
  class space    used 1206K, committed 1280K, reserved 1048576K
}

