# JRE version: Java(TM) SE Runtime Environment (17.0.7+8) (build 17.0.7+8-LTS-224)
# Java VM: Java HotSpot(TM) 64-Bit Server VM (17.0.7+8-LTS-224, mixed mode, tiered, compressed oops, compressed class ptrs, g1 gc, windows-amd64)
GC Precious Log:
 CPUs: 4 total, 4 available
 Memory: 16263M
 Large Page Support: Disabled
 NUMA Support: Disabled
 Compressed Oops: Enabled (32-bit)
 Heap Region Size: 1M
 Heap Min Capacity: 8M
 Heap Initial Capacity: 256M
 Heap Max Capacity: 2G
 Pre-touch: Disabled
 Parallel Workers: 4
 Concurrent Workers: 1
 Concurrent Refinement Workers: 4
 Periodic GC: Disabled
Heap:
 garbage-first heap   total 68608K, used 46558K [0x0000000080000000, 0x0000000100000000)
  region size 1024K, 39 young (39936K), 9 survivors (9216K)
 Metaspace       used 26038K, committed 26240K, reserved 446464K
  class space    used 3291K, committed 3392K, reserved 421888K
GC Heap History (8 events):
Event: 3.203 GC heap before
{Heap before GC invocations=0 (full 0):
 garbage-first heap   total 262144K, used 15360K [0x0000000080000000, 0x0000000100000000)
  region size 1024K, 13 young (13312K), 0 survivors (0K)
 Metaspace       used 6943K, committed 7168K, reserved 430080K
  class space    used 583K, committed 704K, reserved 421888K
}
Event: 3.321 GC heap after
{Heap after GC invocations=1 (full 0):
 garbage-first heap   total 262144K, used 3976K [0x0000000080000000, 0x0000000100000000)
  region size 1024K, 2 young (2048K), 2 survivors (2048K)
 Metaspace       used 6943K, committed 7168K, reserved 430080K
  class space    used 583K, committed 704K, reserved 421888K
}
Event: 4.527 GC heap before
{Heap before GC invocations=1 (full 0):
 garbage-first heap   total 262144K, used 20360K [0x0000000080000000, 0x0000000100000000)
  region size 1024K, 16 young (16384K), 2 survivors (2048K)
 Metaspace       used 10672K, committed 10816K, reserved 438272K
  class space    used 1091K, committed 1152K, reserved 421888K
}
Event: 4.530 GC heap after
{Heap after GC invocations=2 (full 0):
 garbage-first heap   total 262144K, used 9216K [0x0000000080000000, 0x0000000100000000)
  region size 1024K, 2 young (2048K), 2 survivors (2048K)
 Metaspace       used 10672K, committed 10816K, reserved 438272K
  class space    used 1091K, committed 1152K, reserved 421888K
}
Event: 5.777 GC heap before
{Heap before GC invocations=2 (full 0):
 garbage-first heap   total 262144K, used 31744K [0x0000000080000000, 0x0000000100000000)
  region size 1024K, 23 young (23552K), 2 survivors (2048K)
 Metaspace       used 10803K, committed 10944K, reserved 438272K
  class space    used 1093K, committed 1152K, reserved 421888K
}
Event: 5.780 GC heap after
{Heap after GC invocations=3 (full 0):
 garbage-first heap   total 262144K, used 12715K [0x0000000080000000, 0x0000000100000000)
  region size 1024K, 3 young (3072K), 3 survivors (3072K)
 Metaspace       used 10803K, committed 10944K, reserved 438272K
  class space    used 1093K, committed 1152K, reserved 421888K
}
Event: 12.856 GC heap before
{Heap before GC invocations=3 (full 0):
 garbage-first heap   total 262144K, used 57771K [0x0000000080000000, 0x0000000100000000)
  region size 1024K, 48 young (49152K), 3 survivors (3072K)
 Metaspace       used 21250K, committed 21504K, reserved 446464K
  class space    used 2537K, committed 2624K, reserved 421888K
}
Event: 12.864 GC heap after
{Heap after GC invocations=4 (full 0):
 garbage-first heap   total 262144K, used 17886K [0x0000000080000000, 0x0000000100000000)
  region size 1024K, 9 young (9216K), 9 survivors (9216K)
 Metaspace       used 21250K, committed 21504K, reserved 446464K
  class space    used 2537K, committed 2624K, reserved 421888K
}

