# JRE version: Java(TM) SE Runtime Environment (17.0.7+8) (build 17.0.7+8-LTS-224)
# Java VM: Java HotSpot(TM) 64-Bit Server VM (17.0.7+8-LTS-224, mixed mode, sharing, tiered, compressed oops, compressed class ptrs, g1 gc, windows-amd64)
GC Precious Log:
 CPUs: 4 total, 4 available
 Memory: 16263M
 Large Page Support: Disabled
 NUMA Support: Disabled
 Compressed Oops: Enabled (32-bit)
 Heap Region Size: 1M
 Heap Min Capacity: 8M
 Heap Initial Capacity: 256M
 Heap Max Capacity: 2G
 Pre-touch: Disabled
 Parallel Workers: 4
 Concurrent Workers: 1
 Concurrent Refinement Workers: 4
 Periodic GC: Disabled
Heap:
 garbage-first heap   total 524288K, used 351305K [0x0000000080000000, 0x0000000100000000)
  region size 1024K, 32 young (32768K), 13 survivors (13312K)
 Metaspace       used 123414K, committed 125888K, reserved 536576K
  class space    used 16611K, committed 17728K, reserved 421888K
GC Heap History (20 events):
Event: 1005.736 GC heap before
{Heap before GC invocations=97 (full 0):
 garbage-first heap   total 347136K, used 311220K [0x0000000080000000, 0x0000000100000000)
  region size 1024K, 16 young (16384K), 2 survivors (2048K)
 Metaspace       used 116638K, committed 118784K, reserved 528384K
  class space    used 15860K, committed 16832K, reserved 421888K
}
Event: 1005.744 GC heap after
{Heap after GC invocations=98 (full 0):
 garbage-first heap   total 347136K, used 299982K [0x0000000080000000, 0x0000000100000000)
  region size 1024K, 2 young (2048K), 2 survivors (2048K)
 Metaspace       used 116638K, committed 118784K, reserved 528384K
  class space    used 15860K, committed 16832K, reserved 421888K
}
Event: 1006.727 GC heap before
{Heap before GC invocations=98 (full 0):
 garbage-first heap   total 524288K, used 314318K [0x0000000080000000, 0x0000000100000000)
  region size 1024K, 16 young (16384K), 2 survivors (2048K)
 Metaspace       used 117423K, committed 119616K, reserved 528384K
  class space    used 15968K, committed 16960K, reserved 421888K
}
Event: 1006.736 GC heap after
{Heap after GC invocations=99 (full 0):
 garbage-first heap   total 524288K, used 302265K [0x0000000080000000, 0x0000000100000000)
  region size 1024K, 2 young (2048K), 2 survivors (2048K)
 Metaspace       used 117423K, committed 119616K, reserved 528384K
  class space    used 15968K, committed 16960K, reserved 421888K
}
Event: 1014.172 GC heap before
{Heap before GC invocations=100 (full 0):
 garbage-first heap   total 524288K, used 421049K [0x0000000080000000, 0x0000000100000000)
  region size 1024K, 119 young (121856K), 2 survivors (2048K)
 Metaspace       used 119187K, committed 121408K, reserved 528384K
  class space    used 16137K, committed 17152K, reserved 421888K
}
Event: 1014.198 GC heap after
{Heap after GC invocations=101 (full 0):
 garbage-first heap   total 524288K, used 317390K [0x0000000080000000, 0x0000000100000000)
  region size 1024K, 15 young (15360K), 15 survivors (15360K)
 Metaspace       used 119187K, committed 121408K, reserved 528384K
  class space    used 16137K, committed 17152K, reserved 421888K
}
Event: 1017.711 GC heap before
{Heap before GC invocations=101 (full 0):
 garbage-first heap   total 524288K, used 326606K [0x0000000080000000, 0x0000000100000000)
  region size 1024K, 25 young (25600K), 15 survivors (15360K)
 Metaspace       used 120063K, committed 122240K, reserved 528384K
  class space    used 16214K, committed 17152K, reserved 421888K
}
Event: 1017.735 GC heap after
{Heap after GC invocations=102 (full 0):
 garbage-first heap   total 524288K, used 314583K [0x0000000080000000, 0x0000000100000000)
  region size 1024K, 2 young (2048K), 2 survivors (2048K)
 Metaspace       used 120063K, committed 122240K, reserved 528384K
  class space    used 16214K, committed 17152K, reserved 421888K
}
Event: 1073.544 GC heap before
{Heap before GC invocations=102 (full 0):
 garbage-first heap   total 524288K, used 425175K [0x0000000080000000, 0x0000000100000000)
  region size 1024K, 111 young (113664K), 2 survivors (2048K)
 Metaspace       used 120785K, committed 123008K, reserved 528384K
  class space    used 16289K, committed 17280K, reserved 421888K
}
Event: 1073.554 GC heap after
{Heap after GC invocations=103 (full 0):
 garbage-first heap   total 524288K, used 317828K [0x0000000080000000, 0x0000000100000000)
  region size 1024K, 6 young (6144K), 6 survivors (6144K)
 Metaspace       used 120785K, committed 123008K, reserved 528384K
  class space    used 16289K, committed 17280K, reserved 421888K
}
Event: 1090.341 GC heap before
{Heap before GC invocations=103 (full 0):
 garbage-first heap   total 524288K, used 430468K [0x0000000080000000, 0x0000000100000000)
  region size 1024K, 117 young (119808K), 6 survivors (6144K)
 Metaspace       used 121314K, committed 123584K, reserved 536576K
  class space    used 16341K, committed 17344K, reserved 421888K
}
Event: 1090.351 GC heap after
{Heap after GC invocations=104 (full 0):
 garbage-first heap   total 524288K, used 320587K [0x0000000080000000, 0x0000000100000000)
  region size 1024K, 8 young (8192K), 8 survivors (8192K)
 Metaspace       used 121314K, committed 123584K, reserved 536576K
  class space    used 16341K, committed 17344K, reserved 421888K
}
Event: 1133.002 GC heap before
{Heap before GC invocations=104 (full 0):
 garbage-first heap   total 524288K, used 437323K [0x0000000080000000, 0x0000000100000000)
  region size 1024K, 122 young (124928K), 8 survivors (8192K)
 Metaspace       used 121709K, committed 123968K, reserved 536576K
  class space    used 16365K, committed 17344K, reserved 421888K
}
Event: 1133.017 GC heap after
{Heap after GC invocations=105 (full 0):
 garbage-first heap   total 524288K, used 326183K [0x0000000080000000, 0x0000000100000000)
  region size 1024K, 14 young (14336K), 14 survivors (14336K)
 Metaspace       used 121709K, committed 123968K, reserved 536576K
  class space    used 16365K, committed 17344K, reserved 421888K
}
Event: 1169.895 GC heap before
{Heap before GC invocations=105 (full 0):
 garbage-first heap   total 524288K, used 438823K [0x0000000080000000, 0x0000000100000000)
  region size 1024K, 125 young (128000K), 14 survivors (14336K)
 Metaspace       used 121767K, committed 124032K, reserved 536576K
  class space    used 16371K, committed 17344K, reserved 421888K
}
Event: 1169.910 GC heap after
{Heap after GC invocations=106 (full 0):
 garbage-first heap   total 524288K, used 326028K [0x0000000080000000, 0x0000000100000000)
  region size 1024K, 8 young (8192K), 8 survivors (8192K)
 Metaspace       used 121767K, committed 124032K, reserved 536576K
  class space    used 16371K, committed 17344K, reserved 421888K
}
Event: 1219.420 GC heap before
{Heap before GC invocations=106 (full 0):
 garbage-first heap   total 524288K, used 442764K [0x0000000080000000, 0x0000000100000000)
  region size 1024K, 123 young (125952K), 8 survivors (8192K)
 Metaspace       used 122143K, committed 124416K, reserved 536576K
  class space    used 16431K, committed 17472K, reserved 421888K
}
Event: 1219.432 GC heap after
{Heap after GC invocations=107 (full 0):
 garbage-first heap   total 524288K, used 327564K [0x0000000080000000, 0x0000000100000000)
  region size 1024K, 9 young (9216K), 9 survivors (9216K)
 Metaspace       used 122143K, committed 124416K, reserved 536576K
  class space    used 16431K, committed 17472K, reserved 421888K
}
Event: 1277.169 GC heap before
{Heap before GC invocations=107 (full 0):
 garbage-first heap   total 524288K, used 447372K [0x0000000080000000, 0x0000000100000000)
  region size 1024K, 127 young (130048K), 9 survivors (9216K)
 Metaspace       used 123012K, committed 125376K, reserved 536576K
  class space    used 16535K, committed 17600K, reserved 421888K
}
Event: 1277.188 GC heap after
{Heap after GC invocations=108 (full 0):
 garbage-first heap   total 524288K, used 333897K [0x0000000080000000, 0x0000000100000000)
  region size 1024K, 13 young (13312K), 13 survivors (13312K)
 Metaspace       used 123012K, committed 125376K, reserved 536576K
  class space    used 16535K, committed 17600K, reserved 421888K
}

