# JRE version: Java(TM) SE Runtime Environment (17.0.7+8) (build 17.0.7+8-LTS-224)
# Java VM: Java HotSpot(TM) 64-Bit Server VM (17.0.7+8-LTS-224, mixed mode, sharing, tiered, compressed oops, compressed class ptrs, g1 gc, windows-amd64)
GC Precious Log:
 CPUs: 4 total, 4 available
 Memory: 16263M
 Large Page Support: Disabled
 NUMA Support: Disabled
 Compressed Oops: Enabled (32-bit)
 Heap Region Size: 1M
 Heap Min Capacity: 8M
 Heap Initial Capacity: 256M
 Heap Max Capacity: 2G
 Pre-touch: Disabled
 Parallel Workers: 4
 Concurrent Workers: 1
 Concurrent Refinement Workers: 4
 Periodic GC: Disabled
Heap:
 garbage-first heap   total 280576K, used 188314K [0x0000000080000000, 0x0000000100000000)
  region size 1024K, 26 young (26624K), 2 survivors (2048K)
 Metaspace       used 96462K, committed 97984K, reserved 512000K
  class space    used 13294K, committed 14016K, reserved 421888K
GC Heap History (20 events):
Event: 581.966 GC heap before
{Heap before GC invocations=64 (full 0):
 garbage-first heap   total 220160K, used 173724K [0x0000000080000000, 0x0000000100000000)
  region size 1024K, 50 young (51200K), 2 survivors (2048K)
 Metaspace       used 86445K, committed 87744K, reserved 503808K
  class space    used 11875K, committed 12480K, reserved 421888K
}
Event: 581.978 GC heap after
{Heap after GC invocations=65 (full 0):
 garbage-first heap   total 220160K, used 132752K [0x0000000080000000, 0x0000000100000000)
  region size 1024K, 7 young (7168K), 7 survivors (7168K)
 Metaspace       used 86445K, committed 87744K, reserved 503808K
  class space    used 11875K, committed 12480K, reserved 421888K
}
Event: 599.220 GC heap before
{Heap before GC invocations=65 (full 0):
 garbage-first heap   total 220160K, used 175760K [0x0000000080000000, 0x0000000100000000)
  region size 1024K, 49 young (50176K), 7 survivors (7168K)
 Metaspace       used 87136K, committed 88576K, reserved 503808K
  class space    used 11986K, committed 12672K, reserved 421888K
}
Event: 599.238 GC heap after
{Heap after GC invocations=66 (full 0):
 garbage-first heap   total 220160K, used 140029K [0x0000000080000000, 0x0000000100000000)
  region size 1024K, 7 young (7168K), 7 survivors (7168K)
 Metaspace       used 87136K, committed 88576K, reserved 503808K
  class space    used 11986K, committed 12672K, reserved 421888K
}
Event: 608.091 GC heap before
{Heap before GC invocations=66 (full 0):
 garbage-first heap   total 220160K, used 177917K [0x0000000080000000, 0x0000000100000000)
  region size 1024K, 44 young (45056K), 7 survivors (7168K)
 Metaspace       used 89399K, committed 90880K, reserved 503808K
  class space    used 12303K, committed 12992K, reserved 421888K
}
Event: 608.104 GC heap after
{Heap after GC invocations=67 (full 0):
 garbage-first heap   total 220160K, used 144951K [0x0000000080000000, 0x0000000100000000)
  region size 1024K, 5 young (5120K), 5 survivors (5120K)
 Metaspace       used 89399K, committed 90880K, reserved 503808K
  class space    used 12303K, committed 12992K, reserved 421888K
}
Event: 610.950 GC heap before
{Heap before GC invocations=67 (full 0):
 garbage-first heap   total 220160K, used 180791K [0x0000000080000000, 0x0000000100000000)
  region size 1024K, 40 young (40960K), 5 survivors (5120K)
 Metaspace       used 90444K, committed 91968K, reserved 503808K
  class space    used 12468K, committed 13184K, reserved 421888K
}
Event: 610.962 GC heap after
{Heap after GC invocations=68 (full 0):
 garbage-first heap   total 220160K, used 148418K [0x0000000080000000, 0x0000000100000000)
  region size 1024K, 4 young (4096K), 4 survivors (4096K)
 Metaspace       used 90444K, committed 91968K, reserved 503808K
  class space    used 12468K, committed 13184K, reserved 421888K
}
Event: 615.944 GC heap before
{Heap before GC invocations=68 (full 0):
 garbage-first heap   total 220160K, used 183234K [0x0000000080000000, 0x0000000100000000)
  region size 1024K, 38 young (38912K), 4 survivors (4096K)
 Metaspace       used 92631K, committed 94080K, reserved 503808K
  class space    used 12762K, committed 13440K, reserved 421888K
}
Event: 615.953 GC heap after
{Heap after GC invocations=69 (full 0):
 garbage-first heap   total 220160K, used 151889K [0x0000000080000000, 0x0000000100000000)
  region size 1024K, 4 young (4096K), 4 survivors (4096K)
 Metaspace       used 92631K, committed 94080K, reserved 503808K
  class space    used 12762K, committed 13440K, reserved 421888K
}
Event: 617.959 GC heap before
{Heap before GC invocations=69 (full 0):
 garbage-first heap   total 220160K, used 183633K [0x0000000080000000, 0x0000000100000000)
  region size 1024K, 35 young (35840K), 4 survivors (4096K)
 Metaspace       used 93246K, committed 94656K, reserved 503808K
  class space    used 12837K, committed 13504K, reserved 421888K
}
Event: 617.968 GC heap after
{Heap after GC invocations=70 (full 0):
 garbage-first heap   total 220160K, used 156227K [0x0000000080000000, 0x0000000100000000)
  region size 1024K, 5 young (5120K), 5 survivors (5120K)
 Metaspace       used 93246K, committed 94656K, reserved 503808K
  class space    used 12837K, committed 13504K, reserved 421888K
}
Event: 619.783 GC heap before
{Heap before GC invocations=70 (full 0):
 garbage-first heap   total 220160K, used 184899K [0x0000000080000000, 0x0000000100000000)
  region size 1024K, 33 young (33792K), 5 survivors (5120K)
 Metaspace       used 94411K, committed 95872K, reserved 512000K
  class space    used 12995K, committed 13696K, reserved 421888K
}
Event: 619.792 GC heap after
{Heap after GC invocations=71 (full 0):
 garbage-first heap   total 220160K, used 159961K [0x0000000080000000, 0x0000000100000000)
  region size 1024K, 4 young (4096K), 4 survivors (4096K)
 Metaspace       used 94411K, committed 95872K, reserved 512000K
  class space    used 12995K, committed 13696K, reserved 421888K
}
Event: 626.709 GC heap before
{Heap before GC invocations=71 (full 0):
 garbage-first heap   total 220160K, used 186585K [0x0000000080000000, 0x0000000100000000)
  region size 1024K, 30 young (30720K), 4 survivors (4096K)
 Metaspace       used 95037K, committed 96512K, reserved 512000K
  class space    used 13073K, committed 13760K, reserved 421888K
}
Event: 626.717 GC heap after
{Heap after GC invocations=72 (full 0):
 garbage-first heap   total 220160K, used 162825K [0x0000000080000000, 0x0000000100000000)
  region size 1024K, 3 young (3072K), 3 survivors (3072K)
 Metaspace       used 95037K, committed 96512K, reserved 512000K
  class space    used 13073K, committed 13760K, reserved 421888K
}
Event: 629.475 GC heap before
{Heap before GC invocations=73 (full 0):
 garbage-first heap   total 280576K, used 183305K [0x0000000080000000, 0x0000000100000000)
  region size 1024K, 23 young (23552K), 3 survivors (3072K)
 Metaspace       used 96063K, committed 97536K, reserved 512000K
  class space    used 13223K, committed 13888K, reserved 421888K
}
Event: 629.482 GC heap after
{Heap after GC invocations=74 (full 0):
 garbage-first heap   total 280576K, used 164990K [0x0000000080000000, 0x0000000100000000)
  region size 1024K, 3 young (3072K), 3 survivors (3072K)
 Metaspace       used 96063K, committed 97536K, reserved 512000K
  class space    used 13223K, committed 13888K, reserved 421888K
}
Event: 639.649 GC heap before
{Heap before GC invocations=74 (full 0):
 garbage-first heap   total 280576K, used 174206K [0x0000000080000000, 0x0000000100000000)
  region size 1024K, 13 young (13312K), 3 survivors (3072K)
 Metaspace       used 96169K, committed 97664K, reserved 512000K
  class space    used 13244K, committed 13952K, reserved 421888K
}
Event: 639.661 GC heap after
{Heap after GC invocations=75 (full 0):
 garbage-first heap   total 280576K, used 164762K [0x0000000080000000, 0x0000000100000000)
  region size 1024K, 2 young (2048K), 2 survivors (2048K)
 Metaspace       used 96169K, committed 97664K, reserved 512000K
  class space    used 13244K, committed 13952K, reserved 421888K
}

