# JRE version: Java(TM) SE Runtime Environment (17.0.7+8) (build 17.0.7+8-LTS-224)
# Java VM: Java HotSpot(TM) 64-Bit Server VM (17.0.7+8-LTS-224, mixed mode, sharing, tiered, compressed oops, compressed class ptrs, g1 gc, windows-amd64)
GC Precious Log:
 CPUs: 4 total, 4 available
 Memory: 16263M
 Large Page Support: Disabled
 NUMA Support: Disabled
 Compressed Oops: Enabled (32-bit)
 Heap Region Size: 1M
 Heap Min Capacity: 8M
 Heap Initial Capacity: 256M
 Heap Max Capacity: 2G
 Pre-touch: Disabled
 Parallel Workers: 4
 Concurrent Workers: 1
 Concurrent Refinement Workers: 4
 Periodic GC: Disabled
Heap:
 garbage-first heap   total 117760K, used 81977K [0x0000000080000000, 0x0000000100000000)
  region size 1024K, 11 young (11264K), 1 survivors (1024K)
 Metaspace       used 70232K, committed 70912K, reserved 487424K
  class space    used 9471K, committed 9792K, reserved 421888K
GC Heap History (20 events):
Event: 196.186 GC heap before
{Heap before GC invocations=32 (full 0):
 garbage-first heap   total 94208K, used 67849K [0x0000000080000000, 0x0000000100000000)
  region size 1024K, 18 young (18432K), 3 survivors (3072K)
 Metaspace       used 59255K, committed 59904K, reserved 479232K
  class space    used 8189K, committed 8512K, reserved 421888K
}
Event: 196.194 GC heap after
{Heap after GC invocations=33 (full 0):
 garbage-first heap   total 94208K, used 56836K [0x0000000080000000, 0x0000000100000000)
  region size 1024K, 3 young (3072K), 3 survivors (3072K)
 Metaspace       used 59255K, committed 59904K, reserved 479232K
  class space    used 8189K, committed 8512K, reserved 421888K
}
Event: 200.989 GC heap before
{Heap before GC invocations=33 (full 0):
 garbage-first heap   total 94208K, used 74244K [0x0000000080000000, 0x0000000100000000)
  region size 1024K, 21 young (21504K), 3 survivors (3072K)
 Metaspace       used 59449K, committed 60160K, reserved 479232K
  class space    used 8200K, committed 8512K, reserved 421888K
}
Event: 200.994 GC heap after
{Heap after GC invocations=34 (full 0):
 garbage-first heap   total 94208K, used 56138K [0x0000000080000000, 0x0000000100000000)
  region size 1024K, 1 young (1024K), 1 survivors (1024K)
 Metaspace       used 59449K, committed 60160K, reserved 479232K
  class space    used 8200K, committed 8512K, reserved 421888K
}
Event: 239.094 GC heap before
{Heap before GC invocations=35 (full 0):
 garbage-first heap   total 99328K, used 79690K [0x0000000080000000, 0x0000000100000000)
  region size 1024K, 20 young (20480K), 1 survivors (1024K)
 Metaspace       used 59623K, committed 60288K, reserved 479232K
  class space    used 8224K, committed 8512K, reserved 421888K
}
Event: 239.097 GC heap after
{Heap after GC invocations=36 (full 0):
 garbage-first heap   total 99328K, used 67300K [0x0000000080000000, 0x0000000100000000)
  region size 1024K, 3 young (3072K), 3 survivors (3072K)
 Metaspace       used 59623K, committed 60288K, reserved 479232K
  class space    used 8224K, committed 8512K, reserved 421888K
}
Event: 254.427 GC heap before
{Heap before GC invocations=36 (full 0):
 garbage-first heap   total 99328K, used 68324K [0x0000000080000000, 0x0000000100000000)
  region size 1024K, 4 young (4096K), 3 survivors (3072K)
 Metaspace       used 59659K, committed 60288K, reserved 479232K
  class space    used 8228K, committed 8512K, reserved 421888K
}
Event: 254.430 GC heap after
{Heap after GC invocations=37 (full 0):
 garbage-first heap   total 99328K, used 66929K [0x0000000080000000, 0x0000000100000000)
  region size 1024K, 1 young (1024K), 1 survivors (1024K)
 Metaspace       used 59659K, committed 60288K, reserved 479232K
  class space    used 8228K, committed 8512K, reserved 421888K
}
Event: 432.324 GC heap before
{Heap before GC invocations=37 (full 0):
 garbage-first heap   total 99328K, used 79217K [0x0000000080000000, 0x0000000100000000)
  region size 1024K, 13 young (13312K), 1 survivors (1024K)
 Metaspace       used 59927K, committed 60608K, reserved 479232K
  class space    used 8256K, committed 8576K, reserved 421888K
}
Event: 432.329 GC heap after
{Heap after GC invocations=38 (full 0):
 garbage-first heap   total 99328K, used 67708K [0x0000000080000000, 0x0000000100000000)
  region size 1024K, 1 young (1024K), 1 survivors (1024K)
 Metaspace       used 59927K, committed 60608K, reserved 479232K
  class space    used 8256K, committed 8576K, reserved 421888K
}
Event: 440.933 GC heap before
{Heap before GC invocations=39 (full 0):
 garbage-first heap   total 117760K, used 78972K [0x0000000080000000, 0x0000000100000000)
  region size 1024K, 12 young (12288K), 1 survivors (1024K)
 Metaspace       used 60832K, committed 61568K, reserved 479232K
  class space    used 8367K, committed 8704K, reserved 421888K
}
Event: 440.936 GC heap after
{Heap after GC invocations=40 (full 0):
 garbage-first heap   total 117760K, used 68181K [0x0000000080000000, 0x0000000100000000)
  region size 1024K, 2 young (2048K), 2 survivors (2048K)
 Metaspace       used 60832K, committed 61568K, reserved 479232K
  class space    used 8367K, committed 8704K, reserved 421888K
}
Event: 441.669 GC heap before
{Heap before GC invocations=40 (full 0):
 garbage-first heap   total 117760K, used 71253K [0x0000000080000000, 0x0000000100000000)
  region size 1024K, 5 young (5120K), 2 survivors (2048K)
 Metaspace       used 61263K, committed 61952K, reserved 479232K
  class space    used 8430K, committed 8768K, reserved 421888K
}
Event: 441.673 GC heap after
{Heap after GC invocations=41 (full 0):
 garbage-first heap   total 117760K, used 68256K [0x0000000080000000, 0x0000000100000000)
  region size 1024K, 1 young (1024K), 1 survivors (1024K)
 Metaspace       used 61263K, committed 61952K, reserved 479232K
  class space    used 8430K, committed 8768K, reserved 421888K
}
Event: 445.500 GC heap before
{Heap before GC invocations=41 (full 0):
 garbage-first heap   total 117760K, used 94880K [0x0000000080000000, 0x0000000100000000)
  region size 1024K, 28 young (28672K), 1 survivors (1024K)
 Metaspace       used 66084K, committed 66752K, reserved 487424K
  class space    used 8990K, committed 9280K, reserved 421888K
}
Event: 445.504 GC heap after
{Heap after GC invocations=42 (full 0):
 garbage-first heap   total 117760K, used 69164K [0x0000000080000000, 0x0000000100000000)
  region size 1024K, 2 young (2048K), 2 survivors (2048K)
 Metaspace       used 66084K, committed 66752K, reserved 487424K
  class space    used 8990K, committed 9280K, reserved 421888K
}
Event: 450.475 GC heap before
{Heap before GC invocations=43 (full 0):
 garbage-first heap   total 117760K, used 95788K [0x0000000080000000, 0x0000000100000000)
  region size 1024K, 29 young (29696K), 2 survivors (2048K)
 Metaspace       used 69193K, committed 69952K, reserved 487424K
  class space    used 9340K, committed 9664K, reserved 421888K
}
Event: 450.481 GC heap after
{Heap after GC invocations=44 (full 0):
 garbage-first heap   total 117760K, used 72521K [0x0000000080000000, 0x0000000100000000)
  region size 1024K, 4 young (4096K), 4 survivors (4096K)
 Metaspace       used 69193K, committed 69952K, reserved 487424K
  class space    used 9340K, committed 9664K, reserved 421888K
}
Event: 450.911 GC heap before
{Heap before GC invocations=44 (full 0):
 garbage-first heap   total 117760K, used 73545K [0x0000000080000000, 0x0000000100000000)
  region size 1024K, 5 young (5120K), 4 survivors (4096K)
 Metaspace       used 69294K, committed 70016K, reserved 487424K
  class space    used 9351K, committed 9664K, reserved 421888K
}
Event: 450.917 GC heap after
{Heap after GC invocations=45 (full 0):
 garbage-first heap   total 117760K, used 72761K [0x0000000080000000, 0x0000000100000000)
  region size 1024K, 1 young (1024K), 1 survivors (1024K)
 Metaspace       used 69294K, committed 70016K, reserved 487424K
  class space    used 9351K, committed 9664K, reserved 421888K
}

