# JRE version: Java(TM) SE Runtime Environment (17.0.7+8) (build 17.0.7+8-LTS-224)
# Java VM: Java HotSpot(TM) 64-Bit Server VM (17.0.7+8-LTS-224, mixed mode, sharing, tiered, compressed oops, compressed class ptrs, g1 gc, windows-amd64)
GC Precious Log:
 CPUs: 4 total, 4 available
 Memory: 16263M
 Large Page Support: Disabled
 NUMA Support: Disabled
 Compressed Oops: Enabled (32-bit)
 Heap Region Size: 1M
 Heap Min Capacity: 8M
 Heap Initial Capacity: 256M
 Heap Max Capacity: 2G
 Pre-touch: Disabled
 Parallel Workers: 4
 Concurrent Workers: 1
 Concurrent Refinement Workers: 4
 Periodic GC: Disabled
Heap:
 garbage-first heap   total 291840K, used 196312K [0x0000000080000000, 0x0000000100000000)
  region size 1024K, 18 young (18432K), 2 survivors (2048K)
 Metaspace       used 97963K, committed 99648K, reserved 512000K
  class space    used 13530K, committed 14272K, reserved 421888K
GC Heap History (20 events):
Event: 959.835 GC heap before
{Heap before GC invocations=82 (full 0):
 garbage-first heap   total 232448K, used 144263K [0x0000000080000000, 0x0000000100000000)
  region size 1024K, 11 young (11264K), 5 survivors (5120K)
 Metaspace       used 87593K, committed 88960K, reserved 503808K
  class space    used 12060K, committed 12672K, reserved 421888K
}
Event: 959.845 GC heap after
{Heap after GC invocations=83 (full 0):
 garbage-first heap   total 232448K, used 139312K [0x0000000080000000, 0x0000000100000000)
  region size 1024K, 2 young (2048K), 2 survivors (2048K)
 Metaspace       used 87593K, committed 88960K, reserved 503808K
  class space    used 12060K, committed 12672K, reserved 421888K
}
Event: 967.914 GC heap before
{Heap before GC invocations=83 (full 0):
 garbage-first heap   total 232448K, used 184368K [0x0000000080000000, 0x0000000100000000)
  region size 1024K, 46 young (47104K), 2 survivors (2048K)
 Metaspace       used 90001K, committed 91392K, reserved 503808K
  class space    used 12411K, committed 13056K, reserved 421888K
}
Event: 967.922 GC heap after
{Heap after GC invocations=84 (full 0):
 garbage-first heap   total 232448K, used 143630K [0x0000000080000000, 0x0000000100000000)
  region size 1024K, 6 young (6144K), 6 survivors (6144K)
 Metaspace       used 90001K, committed 91392K, reserved 503808K
  class space    used 12411K, committed 13056K, reserved 421888K
}
Event: 972.687 GC heap before
{Heap before GC invocations=85 (full 0):
 garbage-first heap   total 254976K, used 187662K [0x0000000080000000, 0x0000000100000000)
  region size 1024K, 49 young (50176K), 6 survivors (6144K)
 Metaspace       used 92395K, committed 93888K, reserved 503808K
  class space    used 12734K, committed 13376K, reserved 421888K
}
Event: 972.699 GC heap after
{Heap after GC invocations=86 (full 0):
 garbage-first heap   total 254976K, used 148422K [0x0000000080000000, 0x0000000100000000)
  region size 1024K, 5 young (5120K), 5 survivors (5120K)
 Metaspace       used 92395K, committed 93888K, reserved 503808K
  class space    used 12734K, committed 13376K, reserved 421888K
}
Event: 973.135 GC heap before
{Heap before GC invocations=86 (full 0):
 garbage-first heap   total 254976K, used 155590K [0x0000000080000000, 0x0000000100000000)
  region size 1024K, 12 young (12288K), 5 survivors (5120K)
 Metaspace       used 92541K, committed 94016K, reserved 503808K
  class space    used 12756K, committed 13440K, reserved 421888K
}
Event: 973.143 GC heap after
{Heap after GC invocations=87 (full 0):
 garbage-first heap   total 254976K, used 147674K [0x0000000080000000, 0x0000000100000000)
  region size 1024K, 2 young (2048K), 2 survivors (2048K)
 Metaspace       used 92541K, committed 94016K, reserved 503808K
  class space    used 12756K, committed 13440K, reserved 421888K
}
Event: 978.261 GC heap before
{Heap before GC invocations=87 (full 0):
 garbage-first heap   total 254976K, used 205018K [0x0000000080000000, 0x0000000100000000)
  region size 1024K, 58 young (59392K), 2 survivors (2048K)
 Metaspace       used 94007K, committed 95488K, reserved 512000K
  class space    used 12963K, committed 13632K, reserved 421888K
}
Event: 978.270 GC heap after
{Heap after GC invocations=88 (full 0):
 garbage-first heap   total 254976K, used 154558K [0x0000000080000000, 0x0000000100000000)
  region size 1024K, 8 young (8192K), 8 survivors (8192K)
 Metaspace       used 94007K, committed 95488K, reserved 512000K
  class space    used 12963K, committed 13632K, reserved 421888K
}
Event: 987.382 GC heap before
{Heap before GC invocations=89 (full 0):
 garbage-first heap   total 271360K, used 206782K [0x0000000080000000, 0x0000000100000000)
  region size 1024K, 59 young (60416K), 8 survivors (8192K)
 Metaspace       used 96010K, committed 97536K, reserved 512000K
  class space    used 13221K, committed 13888K, reserved 421888K
}
Event: 987.397 GC heap after
{Heap after GC invocations=90 (full 0):
 garbage-first heap   total 271360K, used 160480K [0x0000000080000000, 0x0000000100000000)
  region size 1024K, 6 young (6144K), 6 survivors (6144K)
 Metaspace       used 96010K, committed 97536K, reserved 512000K
  class space    used 13221K, committed 13888K, reserved 421888K
}
Event: 989.125 GC heap before
{Heap before GC invocations=90 (full 0):
 garbage-first heap   total 271360K, used 167648K [0x0000000080000000, 0x0000000100000000)
  region size 1024K, 13 young (13312K), 6 survivors (6144K)
 Metaspace       used 96122K, committed 97600K, reserved 512000K
  class space    used 13244K, committed 13888K, reserved 421888K
}
Event: 989.137 GC heap after
{Heap after GC invocations=91 (full 0):
 garbage-first heap   total 271360K, used 160940K [0x0000000080000000, 0x0000000100000000)
  region size 1024K, 2 young (2048K), 2 survivors (2048K)
 Metaspace       used 96122K, committed 97600K, reserved 512000K
  class space    used 13244K, committed 13888K, reserved 421888K
}
Event: 994.565 GC heap before
{Heap before GC invocations=91 (full 0):
 garbage-first heap   total 271360K, used 220332K [0x0000000080000000, 0x0000000100000000)
  region size 1024K, 60 young (61440K), 2 survivors (2048K)
 Metaspace       used 96727K, committed 98368K, reserved 512000K
  class space    used 13345K, committed 14080K, reserved 421888K
}
Event: 994.579 GC heap after
{Heap after GC invocations=92 (full 0):
 garbage-first heap   total 271360K, used 171969K [0x0000000080000000, 0x0000000100000000)
  region size 1024K, 8 young (8192K), 8 survivors (8192K)
 Metaspace       used 96727K, committed 98368K, reserved 512000K
  class space    used 13345K, committed 14080K, reserved 421888K
}
Event: 1007.505 GC heap before
{Heap before GC invocations=93 (full 0):
 garbage-first heap   total 291840K, used 221121K [0x0000000080000000, 0x0000000100000000)
  region size 1024K, 56 young (57344K), 8 survivors (8192K)
 Metaspace       used 97524K, committed 99200K, reserved 512000K
  class space    used 13460K, committed 14208K, reserved 421888K
}
Event: 1007.525 GC heap after
{Heap after GC invocations=94 (full 0):
 garbage-first heap   total 291840K, used 179608K [0x0000000080000000, 0x0000000100000000)
  region size 1024K, 7 young (7168K), 7 survivors (7168K)
 Metaspace       used 97524K, committed 99200K, reserved 512000K
  class space    used 13460K, committed 14208K, reserved 421888K
}
Event: 1008.811 GC heap before
{Heap before GC invocations=94 (full 0):
 garbage-first heap   total 291840K, used 185752K [0x0000000080000000, 0x0000000100000000)
  region size 1024K, 14 young (14336K), 7 survivors (7168K)
 Metaspace       used 97551K, committed 99264K, reserved 512000K
  class space    used 13461K, committed 14208K, reserved 421888K
}
Event: 1008.824 GC heap after
{Heap after GC invocations=95 (full 0):
 garbage-first heap   total 291840K, used 180952K [0x0000000080000000, 0x0000000100000000)
  region size 1024K, 2 young (2048K), 2 survivors (2048K)
 Metaspace       used 97551K, committed 99264K, reserved 512000K
  class space    used 13461K, committed 14208K, reserved 421888K
}

