# JRE version: Java(TM) SE Runtime Environment (17.0.7+8) (build 17.0.7+8-LTS-224)
# Java VM: Java HotSpot(TM) 64-Bit Server VM (17.0.7+8-LTS-224, mixed mode, sharing, tiered, compressed oops, compressed class ptrs, g1 gc, windows-amd64)
GC Precious Log:
 CPUs: 4 total, 4 available
 Memory: 16263M
 Large Page Support: Disabled
 NUMA Support: Disabled
 Compressed Oops: Enabled (32-bit)
 Heap Region Size: 1M
 Heap Min Capacity: 8M
 Heap Initial Capacity: 256M
 Heap Max Capacity: 2G
 Pre-touch: Disabled
 Parallel Workers: 4
 Concurrent Workers: 1
 Concurrent Refinement Workers: 4
 Periodic GC: Disabled
Heap:
 garbage-first heap   total 91136K, used 53471K [0x0000000080000000, 0x0000000100000000)
  region size 1024K, 6 young (6144K), 3 survivors (3072K)
 Metaspace       used 55484K, committed 56192K, reserved 471040K
  class space    used 7680K, committed 8000K, reserved 421888K
GC Heap History (20 events):
Event: 185.315 GC heap before
{Heap before GC invocations=15 (full 0):
 garbage-first heap   total 75776K, used 60803K [0x0000000080000000, 0x0000000100000000)
  region size 1024K, 20 young (20480K), 1 survivors (1024K)
 Metaspace       used 43826K, committed 44352K, reserved 462848K
  class space    used 6036K, committed 6272K, reserved 421888K
}
Event: 185.320 GC heap after
{Heap after GC invocations=16 (full 0):
 garbage-first heap   total 75776K, used 44744K [0x0000000080000000, 0x0000000100000000)
  region size 1024K, 3 young (3072K), 3 survivors (3072K)
 Metaspace       used 43826K, committed 44352K, reserved 462848K
  class space    used 6036K, committed 6272K, reserved 421888K
}
Event: 187.282 GC heap before
{Heap before GC invocations=16 (full 0):
 garbage-first heap   total 75776K, used 61128K [0x0000000080000000, 0x0000000100000000)
  region size 1024K, 19 young (19456K), 3 survivors (3072K)
 Metaspace       used 45654K, committed 46208K, reserved 462848K
  class space    used 6348K, committed 6592K, reserved 421888K
}
Event: 187.286 GC heap after
{Heap after GC invocations=17 (full 0):
 garbage-first heap   total 75776K, used 45300K [0x0000000080000000, 0x0000000100000000)
  region size 1024K, 1 young (1024K), 1 survivors (1024K)
 Metaspace       used 45654K, committed 46208K, reserved 462848K
  class space    used 6348K, committed 6592K, reserved 421888K
}
Event: 189.106 GC heap before
{Heap before GC invocations=18 (full 0):
 garbage-first heap   total 78848K, used 61684K [0x0000000080000000, 0x0000000100000000)
  region size 1024K, 17 young (17408K), 1 survivors (1024K)
 Metaspace       used 47461K, committed 48000K, reserved 471040K
  class space    used 6596K, committed 6848K, reserved 421888K
}
Event: 189.109 GC heap after
{Heap after GC invocations=19 (full 0):
 garbage-first heap   total 78848K, used 46183K [0x0000000080000000, 0x0000000100000000)
  region size 1024K, 2 young (2048K), 2 survivors (2048K)
 Metaspace       used 47461K, committed 48000K, reserved 471040K
  class space    used 6596K, committed 6848K, reserved 421888K
}
Event: 189.135 GC heap before
{Heap before GC invocations=19 (full 0):
 garbage-first heap   total 78848K, used 47207K [0x0000000080000000, 0x0000000100000000)
  region size 1024K, 3 young (3072K), 2 survivors (2048K)
 Metaspace       used 47557K, committed 48128K, reserved 471040K
  class space    used 6614K, committed 6848K, reserved 421888K
}
Event: 189.139 GC heap after
{Heap after GC invocations=20 (full 0):
 garbage-first heap   total 78848K, used 45446K [0x0000000080000000, 0x0000000100000000)
  region size 1024K, 1 young (1024K), 1 survivors (1024K)
 Metaspace       used 47557K, committed 48128K, reserved 471040K
  class space    used 6614K, committed 6848K, reserved 421888K
}
Event: 191.528 GC heap before
{Heap before GC invocations=20 (full 0):
 garbage-first heap   total 78848K, used 63878K [0x0000000080000000, 0x0000000100000000)
  region size 1024K, 19 young (19456K), 1 survivors (1024K)
 Metaspace       used 50097K, committed 50688K, reserved 471040K
  class space    used 6968K, committed 7232K, reserved 421888K
}
Event: 191.531 GC heap after
{Heap after GC invocations=21 (full 0):
 garbage-first heap   total 78848K, used 45878K [0x0000000080000000, 0x0000000100000000)
  region size 1024K, 1 young (1024K), 1 survivors (1024K)
 Metaspace       used 50097K, committed 50688K, reserved 471040K
  class space    used 6968K, committed 7232K, reserved 421888K
}
Event: 193.423 GC heap before
{Heap before GC invocations=22 (full 0):
 garbage-first heap   total 80896K, used 63286K [0x0000000080000000, 0x0000000100000000)
  region size 1024K, 19 young (19456K), 1 survivors (1024K)
 Metaspace       used 51426K, committed 52032K, reserved 471040K
  class space    used 7127K, committed 7360K, reserved 421888K
}
Event: 193.428 GC heap after
{Heap after GC invocations=23 (full 0):
 garbage-first heap   total 80896K, used 48375K [0x0000000080000000, 0x0000000100000000)
  region size 1024K, 3 young (3072K), 3 survivors (3072K)
 Metaspace       used 51426K, committed 52032K, reserved 471040K
  class space    used 7127K, committed 7360K, reserved 421888K
}
Event: 196.799 GC heap before
{Heap before GC invocations=23 (full 0):
 garbage-first heap   total 80896K, used 65783K [0x0000000080000000, 0x0000000100000000)
  region size 1024K, 20 young (20480K), 3 survivors (3072K)
 Metaspace       used 53259K, committed 53888K, reserved 471040K
  class space    used 7371K, committed 7616K, reserved 421888K
}
Event: 196.803 GC heap after
{Heap after GC invocations=24 (full 0):
 garbage-first heap   total 80896K, used 47769K [0x0000000080000000, 0x0000000100000000)
  region size 1024K, 1 young (1024K), 1 survivors (1024K)
 Metaspace       used 53259K, committed 53888K, reserved 471040K
  class space    used 7371K, committed 7616K, reserved 421888K
}
Event: 198.430 GC heap before
{Heap before GC invocations=25 (full 0):
 garbage-first heap   total 81920K, used 66201K [0x0000000080000000, 0x0000000100000000)
  region size 1024K, 20 young (20480K), 1 survivors (1024K)
 Metaspace       used 54349K, committed 54976K, reserved 471040K
  class space    used 7548K, committed 7808K, reserved 421888K
}
Event: 198.435 GC heap after
{Heap after GC invocations=26 (full 0):
 garbage-first heap   total 81920K, used 49604K [0x0000000080000000, 0x0000000100000000)
  region size 1024K, 3 young (3072K), 3 survivors (3072K)
 Metaspace       used 54349K, committed 54976K, reserved 471040K
  class space    used 7548K, committed 7808K, reserved 421888K
}
Event: 198.677 GC heap before
{Heap before GC invocations=26 (full 0):
 garbage-first heap   total 81920K, used 50628K [0x0000000080000000, 0x0000000100000000)
  region size 1024K, 4 young (4096K), 3 survivors (3072K)
 Metaspace       used 54453K, committed 55104K, reserved 471040K
  class space    used 7565K, committed 7808K, reserved 421888K
}
Event: 198.681 GC heap after
{Heap after GC invocations=27 (full 0):
 garbage-first heap   total 81920K, used 48954K [0x0000000080000000, 0x0000000100000000)
  region size 1024K, 1 young (1024K), 1 survivors (1024K)
 Metaspace       used 54453K, committed 55104K, reserved 471040K
  class space    used 7565K, committed 7808K, reserved 421888K
}
Event: 201.630 GC heap before
{Heap before GC invocations=27 (full 0):
 garbage-first heap   total 81920K, used 66362K [0x0000000080000000, 0x0000000100000000)
  region size 1024K, 19 young (19456K), 1 survivors (1024K)
 Metaspace       used 55310K, committed 55936K, reserved 471040K
  class space    used 7654K, committed 7936K, reserved 421888K
}
Event: 201.635 GC heap after
{Heap after GC invocations=28 (full 0):
 garbage-first heap   total 81920K, used 51423K [0x0000000080000000, 0x0000000100000000)
  region size 1024K, 3 young (3072K), 3 survivors (3072K)
 Metaspace       used 55310K, committed 55936K, reserved 471040K
  class space    used 7654K, committed 7936K, reserved 421888K
}

