# JRE version: Java(TM) SE Runtime Environment (17.0.7+8) (build 17.0.7+8-LTS-224)
# Java VM: Java HotSpot(TM) 64-Bit Server VM (17.0.7+8-LTS-224, mixed mode, sharing, tiered, compressed oops, compressed class ptrs, g1 gc, windows-amd64)
GC Precious Log:
 CPUs: 4 total, 4 available
 Memory: 16263M
 Large Page Support: Disabled
 NUMA Support: Disabled
 Compressed Oops: Enabled (32-bit)
 Heap Region Size: 1M
 Heap Min Capacity: 8M
 Heap Initial Capacity: 256M
 Heap Max Capacity: 2G
 Pre-touch: Disabled
 Parallel Workers: 4
 Concurrent Workers: 1
 Concurrent Refinement Workers: 4
 Periodic GC: Disabled
Heap:
 garbage-first heap   total 102400K, used 75748K [0x0000000080000000, 0x0000000100000000)
  region size 1024K, 11 young (11264K), 1 survivors (1024K)
 Metaspace       used 59639K, committed 60352K, reserved 479232K
  class space    used 8233K, committed 8576K, reserved 421888K
GC Heap History (20 events):
Event: 218.697 GC heap before
{Heap before GC invocations=23 (full 0):
 garbage-first heap   total 80896K, used 63465K [0x0000000080000000, 0x0000000100000000)
  region size 1024K, 20 young (20480K), 2 survivors (2048K)
 Metaspace       used 51627K, committed 52224K, reserved 471040K
  class space    used 7132K, committed 7360K, reserved 421888K
}
Event: 218.701 GC heap after
{Heap after GC invocations=24 (full 0):
 garbage-first heap   total 80896K, used 46858K [0x0000000080000000, 0x0000000100000000)
  region size 1024K, 2 young (2048K), 2 survivors (2048K)
 Metaspace       used 51627K, committed 52224K, reserved 471040K
  class space    used 7132K, committed 7360K, reserved 421888K
}
Event: 218.721 GC heap before
{Heap before GC invocations=24 (full 0):
 garbage-first heap   total 80896K, used 47882K [0x0000000080000000, 0x0000000100000000)
  region size 1024K, 3 young (3072K), 2 survivors (2048K)
 Metaspace       used 51811K, committed 52480K, reserved 471040K
  class space    used 7141K, committed 7424K, reserved 421888K
}
Event: 218.725 GC heap after
{Heap after GC invocations=25 (full 0):
 garbage-first heap   total 80896K, used 46641K [0x0000000080000000, 0x0000000100000000)
  region size 1024K, 1 young (1024K), 1 survivors (1024K)
 Metaspace       used 51811K, committed 52480K, reserved 471040K
  class space    used 7141K, committed 7424K, reserved 421888K
}
Event: 223.447 GC heap before
{Heap before GC invocations=25 (full 0):
 garbage-first heap   total 80896K, used 65073K [0x0000000080000000, 0x0000000100000000)
  region size 1024K, 20 young (20480K), 1 survivors (1024K)
 Metaspace       used 53784K, committed 54400K, reserved 471040K
  class space    used 7424K, committed 7680K, reserved 421888K
}
Event: 223.450 GC heap after
{Heap after GC invocations=26 (full 0):
 garbage-first heap   total 80896K, used 47926K [0x0000000080000000, 0x0000000100000000)
  region size 1024K, 2 young (2048K), 2 survivors (2048K)
 Metaspace       used 53784K, committed 54400K, reserved 471040K
  class space    used 7424K, committed 7680K, reserved 421888K
}
Event: 224.626 GC heap before
{Heap before GC invocations=27 (full 0):
 garbage-first heap   total 91136K, used 64310K [0x0000000080000000, 0x0000000100000000)
  region size 1024K, 19 young (19456K), 2 survivors (2048K)
 Metaspace       used 54714K, committed 55360K, reserved 471040K
  class space    used 7584K, committed 7872K, reserved 421888K
}
Event: 224.633 GC heap after
{Heap after GC invocations=28 (full 0):
 garbage-first heap   total 91136K, used 49410K [0x0000000080000000, 0x0000000100000000)
  region size 1024K, 2 young (2048K), 2 survivors (2048K)
 Metaspace       used 54714K, committed 55360K, reserved 471040K
  class space    used 7584K, committed 7872K, reserved 421888K
}
Event: 224.883 GC heap before
{Heap before GC invocations=28 (full 0):
 garbage-first heap   total 91136K, used 51458K [0x0000000080000000, 0x0000000100000000)
  region size 1024K, 4 young (4096K), 2 survivors (2048K)
 Metaspace       used 54751K, committed 55424K, reserved 471040K
  class space    used 7584K, committed 7872K, reserved 421888K
}
Event: 224.889 GC heap after
{Heap after GC invocations=29 (full 0):
 garbage-first heap   total 91136K, used 49463K [0x0000000080000000, 0x0000000100000000)
  region size 1024K, 1 young (1024K), 1 survivors (1024K)
 Metaspace       used 54751K, committed 55424K, reserved 471040K
  class space    used 7584K, committed 7872K, reserved 421888K
}
Event: 230.930 GC heap before
{Heap before GC invocations=29 (full 0):
 garbage-first heap   total 91136K, used 74039K [0x0000000080000000, 0x0000000100000000)
  region size 1024K, 25 young (25600K), 1 survivors (1024K)
 Metaspace       used 56399K, committed 57088K, reserved 479232K
  class space    used 7836K, committed 8192K, reserved 421888K
}
Event: 230.937 GC heap after
{Heap after GC invocations=30 (full 0):
 garbage-first heap   total 91136K, used 52662K [0x0000000080000000, 0x0000000100000000)
  region size 1024K, 4 young (4096K), 4 survivors (4096K)
 Metaspace       used 56399K, committed 57088K, reserved 479232K
  class space    used 7836K, committed 8192K, reserved 421888K
}
Event: 233.576 GC heap before
{Heap before GC invocations=31 (full 0):
 garbage-first heap   total 94208K, used 72118K [0x0000000080000000, 0x0000000100000000)
  region size 1024K, 24 young (24576K), 4 survivors (4096K)
 Metaspace       used 58359K, committed 59008K, reserved 479232K
  class space    used 8056K, committed 8384K, reserved 421888K
}
Event: 233.583 GC heap after
{Heap after GC invocations=32 (full 0):
 garbage-first heap   total 94208K, used 54255K [0x0000000080000000, 0x0000000100000000)
  region size 1024K, 3 young (3072K), 3 survivors (3072K)
 Metaspace       used 58359K, committed 59008K, reserved 479232K
  class space    used 8056K, committed 8384K, reserved 421888K
}
Event: 236.403 GC heap before
{Heap before GC invocations=32 (full 0):
 garbage-first heap   total 94208K, used 74735K [0x0000000080000000, 0x0000000100000000)
  region size 1024K, 24 young (24576K), 3 survivors (3072K)
 Metaspace       used 59359K, committed 60032K, reserved 479232K
  class space    used 8203K, committed 8512K, reserved 421888K
}
Event: 236.412 GC heap after
{Heap after GC invocations=33 (full 0):
 garbage-first heap   total 94208K, used 59187K [0x0000000080000000, 0x0000000100000000)
  region size 1024K, 3 young (3072K), 3 survivors (3072K)
 Metaspace       used 59359K, committed 60032K, reserved 479232K
  class space    used 8203K, committed 8512K, reserved 421888K
}
Event: 243.434 GC heap before
{Heap before GC invocations=34 (full 0):
 garbage-first heap   total 102400K, used 77619K [0x0000000080000000, 0x0000000100000000)
  region size 1024K, 19 young (19456K), 3 survivors (3072K)
 Metaspace       used 59474K, committed 60096K, reserved 479232K
  class space    used 8210K, committed 8512K, reserved 421888K
}
Event: 243.438 GC heap after
{Heap after GC invocations=35 (full 0):
 garbage-first heap   total 102400K, used 64463K [0x0000000080000000, 0x0000000100000000)
  region size 1024K, 3 young (3072K), 3 survivors (3072K)
 Metaspace       used 59474K, committed 60096K, reserved 479232K
  class space    used 8210K, committed 8512K, reserved 421888K
}
Event: 243.626 GC heap before
{Heap before GC invocations=35 (full 0):
 garbage-first heap   total 102400K, used 66511K [0x0000000080000000, 0x0000000100000000)
  region size 1024K, 5 young (5120K), 3 survivors (3072K)
 Metaspace       used 59474K, committed 60096K, reserved 479232K
  class space    used 8210K, committed 8512K, reserved 421888K
}
Event: 243.630 GC heap after
{Heap after GC invocations=36 (full 0):
 garbage-first heap   total 102400K, used 65508K [0x0000000080000000, 0x0000000100000000)
  region size 1024K, 1 young (1024K), 1 survivors (1024K)
 Metaspace       used 59474K, committed 60096K, reserved 479232K
  class space    used 8210K, committed 8512K, reserved 421888K
}

