# JRE version: Java(TM) SE Runtime Environment (17.0.7+8) (build 17.0.7+8-LTS-224)
# Java VM: Java HotSpot(TM) 64-Bit Server VM (17.0.7+8-LTS-224, mixed mode, sharing, tiered, compressed oops, compressed class ptrs, g1 gc, windows-amd64)
GC Precious Log:
 CPUs: 4 total, 4 available
 Memory: 16263M
 Large Page Support: Disabled
 NUMA Support: Disabled
 Compressed Oops: Enabled (32-bit)
 Heap Region Size: 1M
 Heap Min Capacity: 8M
 Heap Initial Capacity: 256M
 Heap Max Capacity: 2G
 Pre-touch: Disabled
 Parallel Workers: 4
 Concurrent Workers: 1
 Concurrent Refinement Workers: 4
 Periodic GC: Disabled
Heap:
 garbage-first heap   total 80896K, used 57160K [0x0000000080000000, 0x0000000100000000)
  region size 1024K, 13 young (13312K), 3 survivors (3072K)
 Metaspace       used 51512K, committed 52096K, reserved 471040K
  class space    used 7142K, committed 7424K, reserved 421888K
GC Heap History (20 events):
Event: 36.012 GC heap before
{Heap before GC invocations=6 (full 0):
 garbage-first heap   total 80896K, used 58706K [0x0000000080000000, 0x0000000100000000)
  region size 1024K, 44 young (45056K), 13 survivors (13312K)
 Metaspace       used 31299K, committed 31680K, reserved 454656K
  class space    used 4281K, committed 4480K, reserved 421888K
}
Event: 36.025 GC heap after
{Heap after GC invocations=7 (full 0):
 garbage-first heap   total 80896K, used 28382K [0x0000000080000000, 0x0000000100000000)
  region size 1024K, 4 young (4096K), 4 survivors (4096K)
 Metaspace       used 31299K, committed 31680K, reserved 454656K
  class space    used 4281K, committed 4480K, reserved 421888K
}
Event: 107.733 GC heap before
{Heap before GC invocations=7 (full 0):
 garbage-first heap   total 80896K, used 59102K [0x0000000080000000, 0x0000000100000000)
  region size 1024K, 34 young (34816K), 4 survivors (4096K)
 Metaspace       used 32491K, committed 32960K, reserved 454656K
  class space    used 4454K, committed 4672K, reserved 421888K
}
Event: 107.741 GC heap after
{Heap after GC invocations=8 (full 0):
 garbage-first heap   total 80896K, used 30606K [0x0000000080000000, 0x0000000100000000)
  region size 1024K, 3 young (3072K), 3 survivors (3072K)
 Metaspace       used 32491K, committed 32960K, reserved 454656K
  class space    used 4454K, committed 4672K, reserved 421888K
}
Event: 111.541 GC heap before
{Heap before GC invocations=8 (full 0):
 garbage-first heap   total 80896K, used 60302K [0x0000000080000000, 0x0000000100000000)
  region size 1024K, 32 young (32768K), 3 survivors (3072K)
 Metaspace       used 35335K, committed 35904K, reserved 454656K
  class space    used 4809K, committed 5056K, reserved 421888K
}
Event: 111.552 GC heap after
{Heap after GC invocations=9 (full 0):
 garbage-first heap   total 80896K, used 31966K [0x0000000080000000, 0x0000000100000000)
  region size 1024K, 4 young (4096K), 4 survivors (4096K)
 Metaspace       used 35335K, committed 35904K, reserved 454656K
  class space    used 4809K, committed 5056K, reserved 421888K
}
Event: 111.579 GC heap before
{Heap before GC invocations=9 (full 0):
 garbage-first heap   total 80896K, used 32990K [0x0000000080000000, 0x0000000100000000)
  region size 1024K, 6 young (6144K), 4 survivors (4096K)
 Metaspace       used 35479K, committed 35968K, reserved 454656K
  class space    used 4829K, committed 5056K, reserved 421888K
}
Event: 111.585 GC heap after
{Heap after GC invocations=10 (full 0):
 garbage-first heap   total 80896K, used 32562K [0x0000000080000000, 0x0000000100000000)
  region size 1024K, 3 young (3072K), 3 survivors (3072K)
 Metaspace       used 35479K, committed 35968K, reserved 454656K
  class space    used 4829K, committed 5056K, reserved 421888K
}
Event: 118.590 GC heap before
{Heap before GC invocations=11 (full 0):
 garbage-first heap   total 80896K, used 63282K [0x0000000080000000, 0x0000000100000000)
  region size 1024K, 33 young (33792K), 3 survivors (3072K)
 Metaspace       used 38925K, committed 39488K, reserved 462848K
  class space    used 5375K, committed 5632K, reserved 421888K
}
Event: 118.596 GC heap after
{Heap after GC invocations=12 (full 0):
 garbage-first heap   total 80896K, used 34964K [0x0000000080000000, 0x0000000100000000)
  region size 1024K, 5 young (5120K), 5 survivors (5120K)
 Metaspace       used 38925K, committed 39488K, reserved 462848K
  class space    used 5375K, committed 5632K, reserved 421888K
}
Event: 125.440 GC heap before
{Heap before GC invocations=12 (full 0):
 garbage-first heap   total 80896K, used 67732K [0x0000000080000000, 0x0000000100000000)
  region size 1024K, 33 young (33792K), 5 survivors (5120K)
 Metaspace       used 41474K, committed 42112K, reserved 462848K
  class space    used 5702K, committed 5952K, reserved 421888K
}
Event: 125.451 GC heap after
{Heap after GC invocations=13 (full 0):
 garbage-first heap   total 80896K, used 43744K [0x0000000080000000, 0x0000000100000000)
  region size 1024K, 5 young (5120K), 5 survivors (5120K)
 Metaspace       used 41474K, committed 42112K, reserved 462848K
  class space    used 5702K, committed 5952K, reserved 421888K
}
Event: 128.118 GC heap before
{Heap before GC invocations=13 (full 0):
 garbage-first heap   total 80896K, used 64224K [0x0000000080000000, 0x0000000100000000)
  region size 1024K, 25 young (25600K), 5 survivors (5120K)
 Metaspace       used 44527K, committed 45120K, reserved 462848K
  class space    used 6163K, committed 6400K, reserved 421888K
}
Event: 128.127 GC heap after
{Heap after GC invocations=14 (full 0):
 garbage-first heap   total 80896K, used 44858K [0x0000000080000000, 0x0000000100000000)
  region size 1024K, 2 young (2048K), 2 survivors (2048K)
 Metaspace       used 44527K, committed 45120K, reserved 462848K
  class space    used 6163K, committed 6400K, reserved 421888K
}
Event: 132.625 GC heap before
{Heap before GC invocations=15 (full 0):
 garbage-first heap   total 80896K, used 64314K [0x0000000080000000, 0x0000000100000000)
  region size 1024K, 21 young (21504K), 2 survivors (2048K)
 Metaspace       used 46565K, committed 47104K, reserved 471040K
  class space    used 6468K, committed 6720K, reserved 421888K
}
Event: 132.629 GC heap after
{Heap after GC invocations=16 (full 0):
 garbage-first heap   total 80896K, used 45461K [0x0000000080000000, 0x0000000100000000)
  region size 1024K, 3 young (3072K), 3 survivors (3072K)
 Metaspace       used 46565K, committed 47104K, reserved 471040K
  class space    used 6468K, committed 6720K, reserved 421888K
}
Event: 135.217 GC heap before
{Heap before GC invocations=16 (full 0):
 garbage-first heap   total 80896K, used 64917K [0x0000000080000000, 0x0000000100000000)
  region size 1024K, 22 young (22528K), 3 survivors (3072K)
 Metaspace       used 48842K, committed 49408K, reserved 471040K
  class space    used 6815K, committed 7040K, reserved 421888K
}
Event: 135.222 GC heap after
{Heap after GC invocations=17 (full 0):
 garbage-first heap   total 80896K, used 46529K [0x0000000080000000, 0x0000000100000000)
  region size 1024K, 2 young (2048K), 2 survivors (2048K)
 Metaspace       used 48842K, committed 49408K, reserved 471040K
  class space    used 6815K, committed 7040K, reserved 421888K
}
Event: 139.130 GC heap before
{Heap before GC invocations=18 (full 0):
 garbage-first heap   total 80896K, used 64961K [0x0000000080000000, 0x0000000100000000)
  region size 1024K, 21 young (21504K), 2 survivors (2048K)
 Metaspace       used 51263K, committed 51840K, reserved 471040K
  class space    used 7117K, committed 7360K, reserved 421888K
}
Event: 139.138 GC heap after
{Heap after GC invocations=19 (full 0):
 garbage-first heap   total 80896K, used 47944K [0x0000000080000000, 0x0000000100000000)
  region size 1024K, 3 young (3072K), 3 survivors (3072K)
 Metaspace       used 51263K, committed 51840K, reserved 471040K
  class space    used 7117K, committed 7360K, reserved 421888K
}

