# JRE version: Java(TM) SE Runtime Environment (17.0.7+8) (build 17.0.7+8-LTS-224)
# Java VM: Java HotSpot(TM) 64-Bit Server VM (17.0.7+8-LTS-224, mixed mode, sharing, tiered, compressed oops, compressed class ptrs, g1 gc, windows-amd64)
GC Precious Log:
 CPUs: 4 total, 4 available
 Memory: 16263M
 Large Page Support: Disabled
 NUMA Support: Disabled
 Compressed Oops: Enabled (32-bit)
 Heap Region Size: 1M
 Heap Min Capacity: 8M
 Heap Initial Capacity: 256M
 Heap Max Capacity: 2G
 Pre-touch: Disabled
 Parallel Workers: 4
 Concurrent Workers: 1
 Concurrent Refinement Workers: 4
 Periodic GC: Disabled
Heap:
 garbage-first heap   total 347136K, used 309725K [0x0000000080000000, 0x0000000100000000)
  region size 1024K, 5 young (5120K), 2 survivors (2048K)
 Metaspace       used 116453K, committed 118464K, reserved 528384K
  class space    used 15831K, committed 16768K, reserved 421888K
GC Heap History (20 events):
Event: 818.174 GC heap before
{Heap before GC invocations=109 (full 0):
 garbage-first heap   total 347136K, used 304444K [0x0000000080000000, 0x0000000100000000)
  region size 1024K, 16 young (16384K), 2 survivors (2048K)
 Metaspace       used 112101K, committed 114112K, reserved 520192K
  class space    used 15271K, committed 16192K, reserved 421888K
}
Event: 818.179 GC heap after
{Heap after GC invocations=110 (full 0):
 garbage-first heap   total 347136K, used 292316K [0x0000000080000000, 0x0000000100000000)
  region size 1024K, 2 young (2048K), 2 survivors (2048K)
 Metaspace       used 112101K, committed 114112K, reserved 520192K
  class space    used 15271K, committed 16192K, reserved 421888K
}
Event: 821.297 GC heap before
{Heap before GC invocations=110 (full 0):
 garbage-first heap   total 347136K, used 306652K [0x0000000080000000, 0x0000000100000000)
  region size 1024K, 16 young (16384K), 2 survivors (2048K)
 Metaspace       used 115248K, committed 117312K, reserved 528384K
  class space    used 15702K, committed 16640K, reserved 421888K
}
Event: 821.303 GC heap after
{Heap after GC invocations=111 (full 0):
 garbage-first heap   total 347136K, used 294091K [0x0000000080000000, 0x0000000100000000)
  region size 1024K, 2 young (2048K), 2 survivors (2048K)
 Metaspace       used 115248K, committed 117312K, reserved 528384K
  class space    used 15702K, committed 16640K, reserved 421888K
}
Event: 822.278 GC heap before
{Heap before GC invocations=111 (full 0):
 garbage-first heap   total 347136K, used 308427K [0x0000000080000000, 0x0000000100000000)
  region size 1024K, 16 young (16384K), 2 survivors (2048K)
 Metaspace       used 115361K, committed 117440K, reserved 528384K
  class space    used 15711K, committed 16640K, reserved 421888K
}
Event: 822.283 GC heap after
{Heap after GC invocations=112 (full 0):
 garbage-first heap   total 347136K, used 296120K [0x0000000080000000, 0x0000000100000000)
  region size 1024K, 2 young (2048K), 2 survivors (2048K)
 Metaspace       used 115361K, committed 117440K, reserved 528384K
  class space    used 15711K, committed 16640K, reserved 421888K
}
Event: 822.966 GC heap before
{Heap before GC invocations=112 (full 0):
 garbage-first heap   total 347136K, used 310456K [0x0000000080000000, 0x0000000100000000)
  region size 1024K, 16 young (16384K), 2 survivors (2048K)
 Metaspace       used 115372K, committed 117440K, reserved 528384K
  class space    used 15712K, committed 16640K, reserved 421888K
}
Event: 822.972 GC heap after
{Heap after GC invocations=113 (full 0):
 garbage-first heap   total 347136K, used 297996K [0x0000000080000000, 0x0000000100000000)
  region size 1024K, 2 young (2048K), 2 survivors (2048K)
 Metaspace       used 115372K, committed 117440K, reserved 528384K
  class space    used 15712K, committed 16640K, reserved 421888K
}
Event: 823.657 GC heap before
{Heap before GC invocations=113 (full 0):
 garbage-first heap   total 347136K, used 312332K [0x0000000080000000, 0x0000000100000000)
  region size 1024K, 16 young (16384K), 2 survivors (2048K)
 Metaspace       used 115413K, committed 117504K, reserved 528384K
  class space    used 15713K, committed 16640K, reserved 421888K
}
Event: 823.661 GC heap after
{Heap after GC invocations=114 (full 0):
 garbage-first heap   total 347136K, used 299575K [0x0000000080000000, 0x0000000100000000)
  region size 1024K, 2 young (2048K), 2 survivors (2048K)
 Metaspace       used 115413K, committed 117504K, reserved 528384K
  class space    used 15713K, committed 16640K, reserved 421888K
}
Event: 824.543 GC heap before
{Heap before GC invocations=114 (full 0):
 garbage-first heap   total 347136K, used 313911K [0x0000000080000000, 0x0000000100000000)
  region size 1024K, 16 young (16384K), 2 survivors (2048K)
 Metaspace       used 115436K, committed 117504K, reserved 528384K
  class space    used 15713K, committed 16640K, reserved 421888K
}
Event: 824.548 GC heap after
{Heap after GC invocations=115 (full 0):
 garbage-first heap   total 347136K, used 301508K [0x0000000080000000, 0x0000000100000000)
  region size 1024K, 2 young (2048K), 2 survivors (2048K)
 Metaspace       used 115436K, committed 117504K, reserved 528384K
  class space    used 15713K, committed 16640K, reserved 421888K
}
Event: 826.574 GC heap before
{Heap before GC invocations=115 (full 0):
 garbage-first heap   total 347136K, used 315844K [0x0000000080000000, 0x0000000100000000)
  region size 1024K, 16 young (16384K), 2 survivors (2048K)
 Metaspace       used 115456K, committed 117504K, reserved 528384K
  class space    used 15713K, committed 16640K, reserved 421888K
}
Event: 826.581 GC heap after
{Heap after GC invocations=116 (full 0):
 garbage-first heap   total 347136K, used 303250K [0x0000000080000000, 0x0000000100000000)
  region size 1024K, 2 young (2048K), 2 survivors (2048K)
 Metaspace       used 115456K, committed 117504K, reserved 528384K
  class space    used 15713K, committed 16640K, reserved 421888K
}
Event: 828.139 GC heap before
{Heap before GC invocations=116 (full 0):
 garbage-first heap   total 347136K, used 317586K [0x0000000080000000, 0x0000000100000000)
  region size 1024K, 16 young (16384K), 2 survivors (2048K)
 Metaspace       used 115496K, committed 117504K, reserved 528384K
  class space    used 15713K, committed 16640K, reserved 421888K
}
Event: 828.144 GC heap after
{Heap after GC invocations=117 (full 0):
 garbage-first heap   total 347136K, used 304911K [0x0000000080000000, 0x0000000100000000)
  region size 1024K, 2 young (2048K), 2 survivors (2048K)
 Metaspace       used 115496K, committed 117504K, reserved 528384K
  class space    used 15713K, committed 16640K, reserved 421888K
}
Event: 829.852 GC heap before
{Heap before GC invocations=117 (full 0):
 garbage-first heap   total 347136K, used 319247K [0x0000000080000000, 0x0000000100000000)
  region size 1024K, 16 young (16384K), 2 survivors (2048K)
 Metaspace       used 116030K, committed 118080K, reserved 528384K
  class space    used 15787K, committed 16704K, reserved 421888K
}
Event: 829.859 GC heap after
{Heap after GC invocations=118 (full 0):
 garbage-first heap   total 347136K, used 306242K [0x0000000080000000, 0x0000000100000000)
  region size 1024K, 2 young (2048K), 2 survivors (2048K)
 Metaspace       used 116030K, committed 118080K, reserved 528384K
  class space    used 15787K, committed 16704K, reserved 421888K
}
Event: 831.831 GC heap before
{Heap before GC invocations=118 (full 0):
 garbage-first heap   total 347136K, used 320578K [0x0000000080000000, 0x0000000100000000)
  region size 1024K, 16 young (16384K), 2 survivors (2048K)
 Metaspace       used 116446K, committed 118464K, reserved 528384K
  class space    used 15830K, committed 16768K, reserved 421888K
}
Event: 831.837 GC heap after
{Heap after GC invocations=119 (full 0):
 garbage-first heap   total 347136K, used 307677K [0x0000000080000000, 0x0000000100000000)
  region size 1024K, 2 young (2048K), 2 survivors (2048K)
 Metaspace       used 116446K, committed 118464K, reserved 528384K
  class space    used 15830K, committed 16768K, reserved 421888K
}

