# JRE version: Java(TM) SE Runtime Environment (17.0.7+8) (build 17.0.7+8-LTS-224)
# Java VM: Java HotSpot(TM) 64-Bit Server VM (17.0.7+8-LTS-224, mixed mode, sharing, tiered, compressed oops, compressed class ptrs, g1 gc, windows-amd64)
GC Precious Log:
 CPUs: 4 total, 4 available
 Memory: 16263M
 Large Page Support: Disabled
 NUMA Support: Disabled
 Compressed Oops: Enabled (32-bit)
 Heap Region Size: 1M
 Heap Min Capacity: 8M
 Heap Initial Capacity: 256M
 Heap Max Capacity: 2G
 Pre-touch: Disabled
 Parallel Workers: 4
 Concurrent Workers: 1
 Concurrent Refinement Workers: 4
 Periodic GC: Disabled
Heap:
 garbage-first heap   total 290816K, used 222701K [0x0000000080000000, 0x0000000100000000)
  region size 1024K, 10 young (10240K), 6 survivors (6144K)
 Metaspace       used 100568K, committed 102464K, reserved 512000K
  class space    used 13883K, committed 14720K, reserved 421888K
GC Heap History (20 events):
Event: 510.815 GC heap before
{Heap before GC invocations=73 (full 0):
 garbage-first heap   total 240640K, used 193943K [0x0000000080000000, 0x0000000100000000)
  region size 1024K, 50 young (51200K), 1 survivors (1024K)
 Metaspace       used 92340K, committed 93824K, reserved 503808K
  class space    used 12736K, committed 13376K, reserved 421888K
}
Event: 510.824 GC heap after
{Heap after GC invocations=74 (full 0):
 garbage-first heap   total 240640K, used 148642K [0x0000000080000000, 0x0000000100000000)
  region size 1024K, 6 young (6144K), 6 survivors (6144K)
 Metaspace       used 92340K, committed 93824K, reserved 503808K
  class space    used 12736K, committed 13376K, reserved 421888K
}
Event: 513.178 GC heap before
{Heap before GC invocations=74 (full 0):
 garbage-first heap   total 240640K, used 196770K [0x0000000080000000, 0x0000000100000000)
  region size 1024K, 53 young (54272K), 6 survivors (6144K)
 Metaspace       used 93290K, committed 94720K, reserved 503808K
  class space    used 12860K, committed 13504K, reserved 421888K
}
Event: 513.195 GC heap after
{Heap after GC invocations=75 (full 0):
 garbage-first heap   total 240640K, used 155218K [0x0000000080000000, 0x0000000100000000)
  region size 1024K, 7 young (7168K), 7 survivors (7168K)
 Metaspace       used 93290K, committed 94720K, reserved 503808K
  class space    used 12860K, committed 13504K, reserved 421888K
}
Event: 516.413 GC heap before
{Heap before GC invocations=75 (full 0):
 garbage-first heap   total 240640K, used 199250K [0x0000000080000000, 0x0000000100000000)
  region size 1024K, 50 young (51200K), 7 survivors (7168K)
 Metaspace       used 94798K, committed 96192K, reserved 512000K
  class space    used 13055K, committed 13696K, reserved 421888K
}
Event: 516.427 GC heap after
{Heap after GC invocations=76 (full 0):
 garbage-first heap   total 240640K, used 159744K [0x0000000080000000, 0x0000000100000000)
  region size 1024K, 5 young (5120K), 5 survivors (5120K)
 Metaspace       used 94798K, committed 96192K, reserved 512000K
  class space    used 13055K, committed 13696K, reserved 421888K
}
Event: 527.352 GC heap before
{Heap before GC invocations=76 (full 0):
 garbage-first heap   total 240640K, used 200704K [0x0000000080000000, 0x0000000100000000)
  region size 1024K, 45 young (46080K), 5 survivors (5120K)
 Metaspace       used 96164K, committed 97664K, reserved 512000K
  class space    used 13254K, committed 13952K, reserved 421888K
}
Event: 527.364 GC heap after
{Heap after GC invocations=77 (full 0):
 garbage-first heap   total 240640K, used 164591K [0x0000000080000000, 0x0000000100000000)
  region size 1024K, 5 young (5120K), 5 survivors (5120K)
 Metaspace       used 96164K, committed 97664K, reserved 512000K
  class space    used 13254K, committed 13952K, reserved 421888K
}
Event: 538.089 GC heap before
{Heap before GC invocations=78 (full 0):
 garbage-first heap   total 290816K, used 197359K [0x0000000080000000, 0x0000000100000000)
  region size 1024K, 38 young (38912K), 5 survivors (5120K)
 Metaspace       used 96543K, committed 98048K, reserved 512000K
  class space    used 13317K, committed 14016K, reserved 421888K
}
Event: 538.104 GC heap after
{Heap after GC invocations=79 (full 0):
 garbage-first heap   total 290816K, used 169957K [0x0000000080000000, 0x0000000100000000)
  region size 1024K, 5 young (5120K), 5 survivors (5120K)
 Metaspace       used 96543K, committed 98048K, reserved 512000K
  class space    used 13317K, committed 14016K, reserved 421888K
}
Event: 539.816 GC heap before
{Heap before GC invocations=79 (full 0):
 garbage-first heap   total 290816K, used 179173K [0x0000000080000000, 0x0000000100000000)
  region size 1024K, 14 young (14336K), 5 survivors (5120K)
 Metaspace       used 96626K, committed 98112K, reserved 512000K
  class space    used 13331K, committed 14016K, reserved 421888K
}
Event: 539.837 GC heap after
{Heap after GC invocations=80 (full 0):
 garbage-first heap   total 290816K, used 170954K [0x0000000080000000, 0x0000000100000000)
  region size 1024K, 2 young (2048K), 2 survivors (2048K)
 Metaspace       used 96626K, committed 98112K, reserved 512000K
  class space    used 13331K, committed 14016K, reserved 421888K
}
Event: 563.846 GC heap before
{Heap before GC invocations=80 (full 0):
 garbage-first heap   total 290816K, used 236490K [0x0000000080000000, 0x0000000100000000)
  region size 1024K, 67 young (68608K), 2 survivors (2048K)
 Metaspace       used 97540K, committed 99200K, reserved 512000K
  class space    used 13468K, committed 14208K, reserved 421888K
}
Event: 563.863 GC heap after
{Heap after GC invocations=81 (full 0):
 garbage-first heap   total 290816K, used 181539K [0x0000000080000000, 0x0000000100000000)
  region size 1024K, 9 young (9216K), 9 survivors (9216K)
 Metaspace       used 97540K, committed 99200K, reserved 512000K
  class space    used 13468K, committed 14208K, reserved 421888K
}
Event: 594.897 GC heap before
{Heap before GC invocations=81 (full 0):
 garbage-first heap   total 290816K, used 237859K [0x0000000080000000, 0x0000000100000000)
  region size 1024K, 64 young (65536K), 9 survivors (9216K)
 Metaspace       used 98327K, committed 100032K, reserved 512000K
  class space    used 13573K, committed 14336K, reserved 421888K
}
Event: 594.928 GC heap after
{Heap after GC invocations=82 (full 0):
 garbage-first heap   total 290816K, used 192512K [0x0000000080000000, 0x0000000100000000)
  region size 1024K, 8 young (8192K), 8 survivors (8192K)
 Metaspace       used 98327K, committed 100032K, reserved 512000K
  class space    used 13573K, committed 14336K, reserved 421888K
}
Event: 609.390 GC heap before
{Heap before GC invocations=82 (full 0):
 garbage-first heap   total 290816K, used 242688K [0x0000000080000000, 0x0000000100000000)
  region size 1024K, 54 young (55296K), 8 survivors (8192K)
 Metaspace       used 98619K, committed 100416K, reserved 512000K
  class space    used 13611K, committed 14400K, reserved 421888K
}
Event: 609.410 GC heap after
{Heap after GC invocations=83 (full 0):
 garbage-first heap   total 290816K, used 206306K [0x0000000080000000, 0x0000000100000000)
  region size 1024K, 7 young (7168K), 7 survivors (7168K)
 Metaspace       used 98619K, committed 100416K, reserved 512000K
  class space    used 13611K, committed 14400K, reserved 421888K
}
Event: 612.859 GC heap before
{Heap before GC invocations=83 (full 0):
 garbage-first heap   total 290816K, used 246242K [0x0000000080000000, 0x0000000100000000)
  region size 1024K, 42 young (43008K), 7 survivors (7168K)
 Metaspace       used 100248K, committed 102144K, reserved 512000K
  class space    used 13841K, committed 14656K, reserved 421888K
}
Event: 612.874 GC heap after
{Heap after GC invocations=84 (full 0):
 garbage-first heap   total 290816K, used 220653K [0x0000000080000000, 0x0000000100000000)
  region size 1024K, 6 young (6144K), 6 survivors (6144K)
 Metaspace       used 100248K, committed 102144K, reserved 512000K
  class space    used 13841K, committed 14656K, reserved 421888K
}

