# JRE version: Java(TM) SE Runtime Environment (17.0.7+8) (build 17.0.7+8-LTS-224)
# Java VM: Java HotSpot(TM) 64-Bit Server VM (17.0.7+8-LTS-224, mixed mode, sharing, tiered, compressed oops, compressed class ptrs, g1 gc, windows-amd64)
GC Precious Log:
 CPUs: 4 total, 4 available
 Memory: 16263M
 Large Page Support: Disabled
 NUMA Support: Disabled
 Compressed Oops: Enabled (32-bit)
 Heap Region Size: 1M
 Heap Min Capacity: 8M
 Heap Initial Capacity: 256M
 Heap Max Capacity: 2G
 Pre-touch: Disabled
 Parallel Workers: 4
 Concurrent Workers: 1
 Concurrent Refinement Workers: 4
 Periodic GC: Disabled
Heap:
 garbage-first heap   total 375808K, used 232433K [0x0000000080000000, 0x0000000100000000)
  region size 1024K, 4 young (4096K), 3 survivors (3072K)
 Metaspace       used 103068K, committed 104960K, reserved 512000K
  class space    used 14217K, committed 15104K, reserved 421888K
GC Heap History (20 events):
Event: 524.927 GC heap before
{Heap before GC invocations=73 (full 0):
 garbage-first heap   total 258048K, used 210091K [0x0000000080000000, 0x0000000100000000)
  region size 1024K, 56 young (57344K), 2 survivors (2048K)
 Metaspace       used 95829K, committed 97280K, reserved 512000K
  class space    used 13195K, committed 13888K, reserved 421888K
}
Event: 524.936 GC heap after
{Heap after GC invocations=74 (full 0):
 garbage-first heap   total 258048K, used 160030K [0x0000000080000000, 0x0000000100000000)
  region size 1024K, 7 young (7168K), 7 survivors (7168K)
 Metaspace       used 95829K, committed 97280K, reserved 512000K
  class space    used 13195K, committed 13888K, reserved 421888K
}
Event: 558.634 GC heap before
{Heap before GC invocations=74 (full 0):
 garbage-first heap   total 258048K, used 212254K [0x0000000080000000, 0x0000000100000000)
  region size 1024K, 58 young (59392K), 7 survivors (7168K)
 Metaspace       used 96562K, committed 98048K, reserved 512000K
  class space    used 13314K, committed 14016K, reserved 421888K
}
Event: 558.651 GC heap after
{Heap after GC invocations=75 (full 0):
 garbage-first heap   total 258048K, used 167404K [0x0000000080000000, 0x0000000100000000)
  region size 1024K, 8 young (8192K), 8 survivors (8192K)
 Metaspace       used 96562K, committed 98048K, reserved 512000K
  class space    used 13314K, committed 14016K, reserved 421888K
}
Event: 583.755 GC heap before
{Heap before GC invocations=75 (full 0):
 garbage-first heap   total 258048K, used 212460K [0x0000000080000000, 0x0000000100000000)
  region size 1024K, 53 young (54272K), 8 survivors (8192K)
 Metaspace       used 97055K, committed 98624K, reserved 512000K
  class space    used 13391K, committed 14144K, reserved 421888K
}
Event: 583.771 GC heap after
{Heap after GC invocations=76 (full 0):
 garbage-first heap   total 258048K, used 174830K [0x0000000080000000, 0x0000000100000000)
  region size 1024K, 7 young (7168K), 7 survivors (7168K)
 Metaspace       used 97055K, committed 98624K, reserved 512000K
  class space    used 13391K, committed 14144K, reserved 421888K
}
Event: 598.919 GC heap before
{Heap before GC invocations=77 (full 0):
 garbage-first heap   total 302080K, used 210670K [0x0000000080000000, 0x0000000100000000)
  region size 1024K, 43 young (44032K), 7 survivors (7168K)
 Metaspace       used 97586K, committed 99136K, reserved 512000K
  class space    used 13464K, committed 14208K, reserved 421888K
}
Event: 598.936 GC heap after
{Heap after GC invocations=78 (full 0):
 garbage-first heap   total 302080K, used 181248K [0x0000000080000000, 0x0000000100000000)
  region size 1024K, 6 young (6144K), 6 survivors (6144K)
 Metaspace       used 97586K, committed 99136K, reserved 512000K
  class space    used 13464K, committed 14208K, reserved 421888K
}
Event: 599.731 GC heap before
{Heap before GC invocations=78 (full 0):
 garbage-first heap   total 302080K, used 188416K [0x0000000080000000, 0x0000000100000000)
  region size 1024K, 14 young (14336K), 6 survivors (6144K)
 Metaspace       used 97772K, committed 99392K, reserved 512000K
  class space    used 13494K, committed 14272K, reserved 421888K
}
Event: 599.745 GC heap after
{Heap after GC invocations=79 (full 0):
 garbage-first heap   total 302080K, used 182272K [0x0000000080000000, 0x0000000100000000)
  region size 1024K, 2 young (2048K), 2 survivors (2048K)
 Metaspace       used 97772K, committed 99392K, reserved 512000K
  class space    used 13494K, committed 14272K, reserved 421888K
}
Event: 660.061 GC heap before
{Heap before GC invocations=79 (full 0):
 garbage-first heap   total 302080K, used 247808K [0x0000000080000000, 0x0000000100000000)
  region size 1024K, 63 young (64512K), 2 survivors (2048K)
 Metaspace       used 98438K, committed 100160K, reserved 512000K
  class space    used 13587K, committed 14400K, reserved 421888K
}
Event: 660.078 GC heap after
{Heap after GC invocations=80 (full 0):
 garbage-first heap   total 302080K, used 200353K [0x0000000080000000, 0x0000000100000000)
  region size 1024K, 8 young (8192K), 8 survivors (8192K)
 Metaspace       used 98438K, committed 100160K, reserved 512000K
  class space    used 13587K, committed 14400K, reserved 421888K
}
Event: 677.555 GC heap before
{Heap before GC invocations=80 (full 0):
 garbage-first heap   total 302080K, used 251553K [0x0000000080000000, 0x0000000100000000)
  region size 1024K, 54 young (55296K), 8 survivors (8192K)
 Metaspace       used 98928K, committed 100608K, reserved 512000K
  class space    used 13662K, committed 14464K, reserved 421888K
}
Event: 677.570 GC heap after
{Heap after GC invocations=81 (full 0):
 garbage-first heap   total 302080K, used 215379K [0x0000000080000000, 0x0000000100000000)
  region size 1024K, 7 young (7168K), 7 survivors (7168K)
 Metaspace       used 98928K, committed 100608K, reserved 512000K
  class space    used 13662K, committed 14464K, reserved 421888K
}
Event: 693.366 GC heap before
{Heap before GC invocations=81 (full 0):
 garbage-first heap   total 302080K, used 250195K [0x0000000080000000, 0x0000000100000000)
  region size 1024K, 42 young (43008K), 7 survivors (7168K)
 Metaspace       used 100825K, committed 102656K, reserved 512000K
  class space    used 13920K, committed 14784K, reserved 421888K
}
Event: 693.385 GC heap after
{Heap after GC invocations=82 (full 0):
 garbage-first heap   total 302080K, used 223036K [0x0000000080000000, 0x0000000100000000)
  region size 1024K, 6 young (6144K), 6 survivors (6144K)
 Metaspace       used 100825K, committed 102656K, reserved 512000K
  class space    used 13920K, committed 14784K, reserved 421888K
}
Event: 698.564 GC heap before
{Heap before GC invocations=83 (full 0):
 garbage-first heap   total 375808K, used 251708K [0x0000000080000000, 0x0000000100000000)
  region size 1024K, 30 young (30720K), 6 survivors (6144K)
 Metaspace       used 102259K, committed 104128K, reserved 512000K
  class space    used 14107K, committed 14976K, reserved 421888K
}
Event: 698.575 GC heap after
{Heap after GC invocations=84 (full 0):
 garbage-first heap   total 375808K, used 231252K [0x0000000080000000, 0x0000000100000000)
  region size 1024K, 4 young (4096K), 4 survivors (4096K)
 Metaspace       used 102259K, committed 104128K, reserved 512000K
  class space    used 14107K, committed 14976K, reserved 421888K
}
Event: 700.112 GC heap before
{Heap before GC invocations=84 (full 0):
 garbage-first heap   total 375808K, used 245588K [0x0000000080000000, 0x0000000100000000)
  region size 1024K, 18 young (18432K), 4 survivors (4096K)
 Metaspace       used 103028K, committed 104832K, reserved 512000K
  class space    used 14209K, committed 15040K, reserved 421888K
}
Event: 700.122 GC heap after
{Heap after GC invocations=85 (full 0):
 garbage-first heap   total 375808K, used 232433K [0x0000000080000000, 0x0000000100000000)
  region size 1024K, 3 young (3072K), 3 survivors (3072K)
 Metaspace       used 103028K, committed 104832K, reserved 512000K
  class space    used 14209K, committed 15040K, reserved 421888K
}

