# JRE version: Java(TM) SE Runtime Environment (17.0.7+8) (build 17.0.7+8-LTS-224)
# Java VM: Java HotSpot(TM) 64-Bit Server VM (17.0.7+8-LTS-224, mixed mode, sharing, tiered, compressed oops, compressed class ptrs, g1 gc, windows-amd64)
GC Precious Log:
 CPUs: 4 total, 4 available
 Memory: 16263M
 Large Page Support: Disabled
 NUMA Support: Disabled
 Compressed Oops: Enabled (32-bit)
 Heap Region Size: 1M
 Heap Min Capacity: 8M
 Heap Initial Capacity: 256M
 Heap Max Capacity: 2G
 Pre-touch: Disabled
 Parallel Workers: 4
 Concurrent Workers: 1
 Concurrent Refinement Workers: 4
 Periodic GC: Disabled
Heap:
 garbage-first heap   total 75776K, used 48814K [0x0000000080000000, 0x0000000100000000)
  region size 1024K, 22 young (22528K), 4 survivors (4096K)
 Metaspace       used 34598K, committed 35136K, reserved 454656K
  class space    used 4649K, committed 4864K, reserved 421888K
GC Heap History (16 events):
Event: 3.713 GC heap before
{Heap before GC invocations=0 (full 0):
 garbage-first heap   total 262144K, used 15360K [0x0000000080000000, 0x0000000100000000)
  region size 1024K, 13 young (13312K), 0 survivors (0K)
 Metaspace       used 953K, committed 1088K, reserved 430080K
  class space    used 73K, committed 128K, reserved 421888K
}
Event: 4.310 GC heap after
{Heap after GC invocations=1 (full 0):
 garbage-first heap   total 262144K, used 3975K [0x0000000080000000, 0x0000000100000000)
  region size 1024K, 2 young (2048K), 2 survivors (2048K)
 Metaspace       used 953K, committed 1088K, reserved 430080K
  class space    used 73K, committed 128K, reserved 421888K
}
Event: 6.285 GC heap before
{Heap before GC invocations=1 (full 0):
 garbage-first heap   total 262144K, used 20359K [0x0000000080000000, 0x0000000100000000)
  region size 1024K, 16 young (16384K), 2 survivors (2048K)
 Metaspace       used 3806K, committed 4032K, reserved 430080K
  class space    used 472K, committed 576K, reserved 421888K
}
Event: 6.289 GC heap after
{Heap after GC invocations=2 (full 0):
 garbage-first heap   total 262144K, used 9372K [0x0000000080000000, 0x0000000100000000)
  region size 1024K, 2 young (2048K), 2 survivors (2048K)
 Metaspace       used 3806K, committed 4032K, reserved 430080K
  class space    used 472K, committed 576K, reserved 421888K
}
Event: 11.628 GC heap before
{Heap before GC invocations=2 (full 0):
 garbage-first heap   total 262144K, used 31900K [0x0000000080000000, 0x0000000100000000)
  region size 1024K, 23 young (23552K), 2 survivors (2048K)
 Metaspace       used 3928K, committed 4160K, reserved 430080K
  class space    used 474K, committed 576K, reserved 421888K
}
Event: 11.632 GC heap after
{Heap after GC invocations=3 (full 0):
 garbage-first heap   total 262144K, used 13042K [0x0000000080000000, 0x0000000100000000)
  region size 1024K, 3 young (3072K), 3 survivors (3072K)
 Metaspace       used 3928K, committed 4160K, reserved 430080K
  class space    used 474K, committed 576K, reserved 421888K
}
Event: 30.961 GC heap before
{Heap before GC invocations=3 (full 0):
 garbage-first heap   total 262144K, used 114418K [0x0000000080000000, 0x0000000100000000)
  region size 1024K, 103 young (105472K), 3 survivors (3072K)
 Metaspace       used 21264K, committed 21504K, reserved 446464K
  class space    used 3124K, committed 3264K, reserved 421888K
}
Event: 30.977 GC heap after
{Heap after GC invocations=4 (full 0):
 garbage-first heap   total 262144K, used 20909K [0x0000000080000000, 0x0000000100000000)
  region size 1024K, 11 young (11264K), 11 survivors (11264K)
 Metaspace       used 21264K, committed 21504K, reserved 446464K
  class space    used 3124K, committed 3264K, reserved 421888K
}
Event: 36.501 GC heap before
{Heap before GC invocations=5 (full 0):
 garbage-first heap   total 75776K, used 53677K [0x0000000080000000, 0x0000000100000000)
  region size 1024K, 44 young (45056K), 11 survivors (11264K)
 Metaspace       used 27820K, committed 28096K, reserved 446464K
  class space    used 3871K, committed 3968K, reserved 421888K
}
Event: 36.516 GC heap after
{Heap after GC invocations=6 (full 0):
 garbage-first heap   total 75776K, used 25894K [0x0000000080000000, 0x0000000100000000)
  region size 1024K, 5 young (5120K), 5 survivors (5120K)
 Metaspace       used 27820K, committed 28096K, reserved 446464K
  class space    used 3871K, committed 3968K, reserved 421888K
}
Event: 50.453 GC heap before
{Heap before GC invocations=6 (full 0):
 garbage-first heap   total 75776K, used 56614K [0x0000000080000000, 0x0000000100000000)
  region size 1024K, 33 young (33792K), 5 survivors (5120K)
 Metaspace       used 30459K, committed 30784K, reserved 454656K
  class space    used 4141K, committed 4288K, reserved 421888K
}
Event: 50.460 GC heap after
{Heap after GC invocations=7 (full 0):
 garbage-first heap   total 75776K, used 27745K [0x0000000080000000, 0x0000000100000000)
  region size 1024K, 3 young (3072K), 3 survivors (3072K)
 Metaspace       used 30459K, committed 30784K, reserved 454656K
  class space    used 4141K, committed 4288K, reserved 421888K
}
Event: 65.679 GC heap before
{Heap before GC invocations=7 (full 0):
 garbage-first heap   total 75776K, used 55393K [0x0000000080000000, 0x0000000100000000)
  region size 1024K, 30 young (30720K), 3 survivors (3072K)
 Metaspace       used 31516K, committed 31936K, reserved 454656K
  class space    used 4295K, committed 4480K, reserved 421888K
}
Event: 65.687 GC heap after
{Heap after GC invocations=8 (full 0):
 garbage-first heap   total 75776K, used 29769K [0x0000000080000000, 0x0000000100000000)
  region size 1024K, 2 young (2048K), 2 survivors (2048K)
 Metaspace       used 31516K, committed 31936K, reserved 454656K
  class space    used 4295K, committed 4480K, reserved 421888K
}
Event: 161.463 GC heap before
{Heap before GC invocations=8 (full 0):
 garbage-first heap   total 75776K, used 57417K [0x0000000080000000, 0x0000000100000000)
  region size 1024K, 29 young (29696K), 2 survivors (2048K)
 Metaspace       used 33005K, committed 33536K, reserved 454656K
  class space    used 4505K, committed 4736K, reserved 421888K
}
Event: 161.469 GC heap after
{Heap after GC invocations=9 (full 0):
 garbage-first heap   total 75776K, used 31406K [0x0000000080000000, 0x0000000100000000)
  region size 1024K, 4 young (4096K), 4 survivors (4096K)
 Metaspace       used 33005K, committed 33536K, reserved 454656K
  class space    used 4505K, committed 4736K, reserved 421888K
}

