# JRE version: Java(TM) SE Runtime Environment (17.0.7+8) (build 17.0.7+8-LTS-224)
# Java VM: Java HotSpot(TM) 64-Bit Server VM (17.0.7+8-LTS-224, mixed mode, sharing, tiered, compressed oops, compressed class ptrs, g1 gc, windows-amd64)
GC Precious Log:
 CPUs: 4 total, 4 available
 Memory: 16263M
 Large Page Support: Disabled
 NUMA Support: Disabled
 Compressed Oops: Enabled (32-bit)
 Heap Region Size: 1M
 Heap Min Capacity: 8M
 Heap Initial Capacity: 256M
 Heap Max Capacity: 2G
 Pre-touch: Disabled
 Parallel Workers: 4
 Concurrent Workers: 1
 Concurrent Refinement Workers: 4
 Periodic GC: Disabled
Heap:
 garbage-first heap   total 147456K, used 99340K [0x0000000080000000, 0x0000000100000000)
  region size 1024K, 18 young (18432K), 1 survivors (1024K)
 Metaspace       used 68456K, committed 69184K, reserved 487424K
  class space    used 9379K, committed 9728K, reserved 421888K
GC Heap History (20 events):
Event: 101.310 GC heap before
{Heap before GC invocations=24 (full 0):
 garbage-first heap   total 87040K, used 66982K [0x0000000080000000, 0x0000000100000000)
  region size 1024K, 20 young (20480K), 2 survivors (2048K)
 Metaspace       used 54354K, committed 54912K, reserved 471040K
  class space    used 7541K, committed 7808K, reserved 421888K
}
Event: 101.316 GC heap after
{Heap after GC invocations=25 (full 0):
 garbage-first heap   total 87040K, used 50344K [0x0000000080000000, 0x0000000100000000)
  region size 1024K, 3 young (3072K), 3 survivors (3072K)
 Metaspace       used 54354K, committed 54912K, reserved 471040K
  class space    used 7541K, committed 7808K, reserved 421888K
}
Event: 104.776 GC heap before
{Heap before GC invocations=25 (full 0):
 garbage-first heap   total 87040K, used 70824K [0x0000000080000000, 0x0000000100000000)
  region size 1024K, 23 young (23552K), 3 survivors (3072K)
 Metaspace       used 55353K, committed 55936K, reserved 471040K
  class space    used 7647K, committed 7872K, reserved 421888K
}
Event: 104.782 GC heap after
{Heap after GC invocations=26 (full 0):
 garbage-first heap   total 87040K, used 51912K [0x0000000080000000, 0x0000000100000000)
  region size 1024K, 2 young (2048K), 2 survivors (2048K)
 Metaspace       used 55353K, committed 55936K, reserved 471040K
  class space    used 7647K, committed 7872K, reserved 421888K
}
Event: 106.497 GC heap before
{Heap before GC invocations=27 (full 0):
 garbage-first heap   total 91136K, used 69320K [0x0000000080000000, 0x0000000100000000)
  region size 1024K, 20 young (20480K), 2 survivors (2048K)
 Metaspace       used 57382K, committed 57984K, reserved 479232K
  class space    used 7970K, committed 8256K, reserved 421888K
}
Event: 106.506 GC heap after
{Heap after GC invocations=28 (full 0):
 garbage-first heap   total 91136K, used 53665K [0x0000000080000000, 0x0000000100000000)
  region size 1024K, 2 young (2048K), 2 survivors (2048K)
 Metaspace       used 57382K, committed 57984K, reserved 479232K
  class space    used 7970K, committed 8256K, reserved 421888K
}
Event: 108.525 GC heap before
{Heap before GC invocations=28 (full 0):
 garbage-first heap   total 91136K, used 74145K [0x0000000080000000, 0x0000000100000000)
  region size 1024K, 22 young (22528K), 2 survivors (2048K)
 Metaspace       used 58944K, committed 59584K, reserved 479232K
  class space    used 8157K, committed 8448K, reserved 421888K
}
Event: 108.532 GC heap after
{Heap after GC invocations=29 (full 0):
 garbage-first heap   total 91136K, used 57859K [0x0000000080000000, 0x0000000100000000)
  region size 1024K, 3 young (3072K), 3 survivors (3072K)
 Metaspace       used 58944K, committed 59584K, reserved 479232K
  class space    used 8157K, committed 8448K, reserved 421888K
}
Event: 157.259 GC heap before
{Heap before GC invocations=30 (full 0):
 garbage-first heap   total 102400K, used 72195K [0x0000000080000000, 0x0000000100000000)
  region size 1024K, 17 young (17408K), 3 survivors (3072K)
 Metaspace       used 61028K, committed 61760K, reserved 479232K
  class space    used 8446K, committed 8768K, reserved 421888K
}
Event: 157.266 GC heap after
{Heap after GC invocations=31 (full 0):
 garbage-first heap   total 102400K, used 58393K [0x0000000080000000, 0x0000000100000000)
  region size 1024K, 1 young (1024K), 1 survivors (1024K)
 Metaspace       used 61028K, committed 61760K, reserved 479232K
  class space    used 8446K, committed 8768K, reserved 421888K
}
Event: 163.181 GC heap before
{Heap before GC invocations=31 (full 0):
 garbage-first heap   total 102400K, used 69657K [0x0000000080000000, 0x0000000100000000)
  region size 1024K, 13 young (13312K), 1 survivors (1024K)
 Metaspace       used 63189K, committed 63936K, reserved 479232K
  class space    used 8760K, committed 9088K, reserved 421888K
}
Event: 163.184 GC heap after
{Heap after GC invocations=32 (full 0):
 garbage-first heap   total 102400K, used 59603K [0x0000000080000000, 0x0000000100000000)
  region size 1024K, 3 young (3072K), 3 survivors (3072K)
 Metaspace       used 63189K, committed 63936K, reserved 479232K
  class space    used 8760K, committed 9088K, reserved 421888K
}
Event: 168.143 GC heap before
{Heap before GC invocations=33 (full 0):
 garbage-first heap   total 114688K, used 97491K [0x0000000080000000, 0x0000000100000000)
  region size 1024K, 24 young (24576K), 3 survivors (3072K)
 Metaspace       used 68410K, committed 69120K, reserved 487424K
  class space    used 9378K, committed 9728K, reserved 421888K
}
Event: 168.157 GC heap after
{Heap after GC invocations=34 (full 0):
 garbage-first heap   total 114688K, used 81983K [0x0000000080000000, 0x0000000100000000)
  region size 1024K, 3 young (3072K), 3 survivors (3072K)
 Metaspace       used 68410K, committed 69120K, reserved 487424K
  class space    used 9378K, committed 9728K, reserved 421888K
}
Event: 168.526 GC heap before
{Heap before GC invocations=34 (full 0):
 garbage-first heap   total 114688K, used 84031K [0x0000000080000000, 0x0000000100000000)
  region size 1024K, 5 young (5120K), 3 survivors (3072K)
 Metaspace       used 68415K, committed 69120K, reserved 487424K
  class space    used 9378K, committed 9728K, reserved 421888K
}
Event: 168.530 GC heap after
{Heap after GC invocations=35 (full 0):
 garbage-first heap   total 114688K, used 81460K [0x0000000080000000, 0x0000000100000000)
  region size 1024K, 1 young (1024K), 1 survivors (1024K)
 Metaspace       used 68415K, committed 69120K, reserved 487424K
  class space    used 9378K, committed 9728K, reserved 421888K
}
Event: 168.877 GC heap before
{Heap before GC invocations=35 (full 0):
 garbage-first heap   total 114688K, used 89652K [0x0000000080000000, 0x0000000100000000)
  region size 1024K, 9 young (9216K), 1 survivors (1024K)
 Metaspace       used 68430K, committed 69120K, reserved 487424K
  class space    used 9378K, committed 9728K, reserved 421888K
}
Event: 168.879 GC heap after
{Heap after GC invocations=36 (full 0):
 garbage-first heap   total 114688K, used 81643K [0x0000000080000000, 0x0000000100000000)
  region size 1024K, 1 young (1024K), 1 survivors (1024K)
 Metaspace       used 68430K, committed 69120K, reserved 487424K
  class space    used 9378K, committed 9728K, reserved 421888K
}
Event: 169.145 GC heap before
{Heap before GC invocations=36 (full 0):
 garbage-first heap   total 147456K, used 91883K [0x0000000080000000, 0x0000000100000000)
  region size 1024K, 11 young (11264K), 1 survivors (1024K)
 Metaspace       used 68430K, committed 69120K, reserved 487424K
  class space    used 9378K, committed 9728K, reserved 421888K
}
Event: 169.147 GC heap after
{Heap after GC invocations=37 (full 0):
 garbage-first heap   total 147456K, used 81932K [0x0000000080000000, 0x0000000100000000)
  region size 1024K, 1 young (1024K), 1 survivors (1024K)
 Metaspace       used 68430K, committed 69120K, reserved 487424K
  class space    used 9378K, committed 9728K, reserved 421888K
}

