# JRE version: Java(TM) SE Runtime Environment (17.0.7+8) (build 17.0.7+8-LTS-224)
# Java VM: Java HotSpot(TM) 64-Bit Server VM (17.0.7+8-LTS-224, mixed mode, sharing, tiered, compressed oops, compressed class ptrs, g1 gc, windows-amd64)
GC Precious Log:
 CPUs: 4 total, 4 available
 Memory: 16263M
 Large Page Support: Disabled
 NUMA Support: Disabled
 Compressed Oops: Enabled (32-bit)
 Heap Region Size: 1M
 Heap Min Capacity: 8M
 Heap Initial Capacity: 256M
 Heap Max Capacity: 2G
 Pre-touch: Disabled
 Parallel Workers: 4
 Concurrent Workers: 1
 Concurrent Refinement Workers: 4
 Periodic GC: Disabled
Heap:
 garbage-first heap   total 117760K, used 69928K [0x0000000080000000, 0x0000000100000000)
  region size 1024K, 4 young (4096K), 3 survivors (3072K)
 Metaspace       used 59585K, committed 60224K, reserved 479232K
  class space    used 8234K, committed 8512K, reserved 421888K
GC Heap History (20 events):
Event: 238.018 GC heap before
{Heap before GC invocations=23 (full 0):
 garbage-first heap   total 78848K, used 61264K [0x0000000080000000, 0x0000000100000000)
  region size 1024K, 19 young (19456K), 2 survivors (2048K)
 Metaspace       used 51407K, committed 52032K, reserved 471040K
  class space    used 7121K, committed 7360K, reserved 421888K
}
Event: 238.023 GC heap after
{Heap after GC invocations=24 (full 0):
 garbage-first heap   total 78848K, used 47249K [0x0000000080000000, 0x0000000100000000)
  region size 1024K, 3 young (3072K), 3 survivors (3072K)
 Metaspace       used 51407K, committed 52032K, reserved 471040K
  class space    used 7121K, committed 7360K, reserved 421888K
}
Event: 240.361 GC heap before
{Heap before GC invocations=24 (full 0):
 garbage-first heap   total 78848K, used 62609K [0x0000000080000000, 0x0000000100000000)
  region size 1024K, 19 young (19456K), 3 survivors (3072K)
 Metaspace       used 52992K, committed 53568K, reserved 471040K
  class space    used 7331K, committed 7552K, reserved 421888K
}
Event: 240.365 GC heap after
{Heap after GC invocations=25 (full 0):
 garbage-first heap   total 78848K, used 46463K [0x0000000080000000, 0x0000000100000000)
  region size 1024K, 1 young (1024K), 1 survivors (1024K)
 Metaspace       used 52992K, committed 53568K, reserved 471040K
  class space    used 7331K, committed 7552K, reserved 421888K
}
Event: 245.040 GC heap before
{Heap before GC invocations=26 (full 0):
 garbage-first heap   total 80896K, used 64895K [0x0000000080000000, 0x0000000100000000)
  region size 1024K, 19 young (19456K), 1 survivors (1024K)
 Metaspace       used 54012K, committed 54592K, reserved 471040K
  class space    used 7478K, committed 7744K, reserved 421888K
}
Event: 245.045 GC heap after
{Heap after GC invocations=27 (full 0):
 garbage-first heap   total 80896K, used 48094K [0x0000000080000000, 0x0000000100000000)
  region size 1024K, 3 young (3072K), 3 survivors (3072K)
 Metaspace       used 54012K, committed 54592K, reserved 471040K
  class space    used 7478K, committed 7744K, reserved 421888K
}
Event: 248.513 GC heap before
{Heap before GC invocations=27 (full 0):
 garbage-first heap   total 80896K, used 65502K [0x0000000080000000, 0x0000000100000000)
  region size 1024K, 20 young (20480K), 3 survivors (3072K)
 Metaspace       used 54942K, committed 55552K, reserved 471040K
  class space    used 7596K, committed 7872K, reserved 421888K
}
Event: 248.520 GC heap after
{Heap after GC invocations=28 (full 0):
 garbage-first heap   total 80896K, used 50468K [0x0000000080000000, 0x0000000100000000)
  region size 1024K, 3 young (3072K), 3 survivors (3072K)
 Metaspace       used 54942K, committed 55552K, reserved 471040K
  class space    used 7596K, committed 7872K, reserved 421888K
}
Event: 252.454 GC heap before
{Heap before GC invocations=29 (full 0):
 garbage-first heap   total 91136K, used 63780K [0x0000000080000000, 0x0000000100000000)
  region size 1024K, 17 young (17408K), 3 survivors (3072K)
 Metaspace       used 56296K, committed 56960K, reserved 479232K
  class space    used 7832K, committed 8128K, reserved 421888K
}
Event: 252.461 GC heap after
{Heap after GC invocations=30 (full 0):
 garbage-first heap   total 91136K, used 52217K [0x0000000080000000, 0x0000000100000000)
  region size 1024K, 3 young (3072K), 3 survivors (3072K)
 Metaspace       used 56296K, committed 56960K, reserved 479232K
  class space    used 7832K, committed 8128K, reserved 421888K
}
Event: 256.017 GC heap before
{Heap before GC invocations=30 (full 0):
 garbage-first heap   total 91136K, used 71673K [0x0000000080000000, 0x0000000100000000)
  region size 1024K, 23 young (23552K), 3 survivors (3072K)
 Metaspace       used 58220K, committed 58880K, reserved 479232K
  class space    used 8045K, committed 8384K, reserved 421888K
}
Event: 256.023 GC heap after
{Heap after GC invocations=31 (full 0):
 garbage-first heap   total 91136K, used 54887K [0x0000000080000000, 0x0000000100000000)
  region size 1024K, 3 young (3072K), 3 survivors (3072K)
 Metaspace       used 58220K, committed 58880K, reserved 479232K
  class space    used 8045K, committed 8384K, reserved 421888K
}
Event: 261.570 GC heap before
{Heap before GC invocations=32 (full 0):
 garbage-first heap   total 96256K, used 71271K [0x0000000080000000, 0x0000000100000000)
  region size 1024K, 20 young (20480K), 3 survivors (3072K)
 Metaspace       used 59264K, committed 59968K, reserved 479232K
  class space    used 8202K, committed 8512K, reserved 421888K
}
Event: 261.579 GC heap after
{Heap after GC invocations=33 (full 0):
 garbage-first heap   total 96256K, used 58747K [0x0000000080000000, 0x0000000100000000)
  region size 1024K, 3 young (3072K), 3 survivors (3072K)
 Metaspace       used 59264K, committed 59968K, reserved 479232K
  class space    used 8202K, committed 8512K, reserved 421888K
}
Event: 261.597 GC heap before
{Heap before GC invocations=33 (full 0):
 garbage-first heap   total 96256K, used 59771K [0x0000000080000000, 0x0000000100000000)
  region size 1024K, 4 young (4096K), 3 survivors (3072K)
 Metaspace       used 59270K, committed 59968K, reserved 479232K
  class space    used 8202K, committed 8512K, reserved 421888K
}
Event: 261.603 GC heap after
{Heap after GC invocations=34 (full 0):
 garbage-first heap   total 96256K, used 58848K [0x0000000080000000, 0x0000000100000000)
  region size 1024K, 1 young (1024K), 1 survivors (1024K)
 Metaspace       used 59270K, committed 59968K, reserved 479232K
  class space    used 8202K, committed 8512K, reserved 421888K
}
Event: 271.532 GC heap before
{Heap before GC invocations=34 (full 0):
 garbage-first heap   total 96256K, used 74208K [0x0000000080000000, 0x0000000100000000)
  region size 1024K, 17 young (17408K), 1 survivors (1024K)
 Metaspace       used 59403K, committed 60096K, reserved 479232K
  class space    used 8208K, committed 8512K, reserved 421888K
}
Event: 271.535 GC heap after
{Heap after GC invocations=35 (full 0):
 garbage-first heap   total 96256K, used 59061K [0x0000000080000000, 0x0000000100000000)
  region size 1024K, 1 young (1024K), 1 survivors (1024K)
 Metaspace       used 59403K, committed 60096K, reserved 479232K
  class space    used 8208K, committed 8512K, reserved 421888K
}
Event: 339.824 GC heap before
{Heap before GC invocations=36 (full 0):
 garbage-first heap   total 117760K, used 81589K [0x0000000080000000, 0x0000000100000000)
  region size 1024K, 19 young (19456K), 1 survivors (1024K)
 Metaspace       used 59573K, committed 60224K, reserved 479232K
  class space    used 8231K, committed 8512K, reserved 421888K
}
Event: 339.828 GC heap after
{Heap after GC invocations=37 (full 0):
 garbage-first heap   total 117760K, used 69928K [0x0000000080000000, 0x0000000100000000)
  region size 1024K, 3 young (3072K), 3 survivors (3072K)
 Metaspace       used 59573K, committed 60224K, reserved 479232K
  class space    used 8231K, committed 8512K, reserved 421888K
}

