# JRE version: Java(TM) SE Runtime Environment (17.0.7+8) (build 17.0.7+8-LTS-224)
# Java VM: Java HotSpot(TM) 64-Bit Server VM (17.0.7+8-LTS-224, mixed mode, sharing, tiered, compressed oops, compressed class ptrs, g1 gc, windows-amd64)
GC Precious Log:
 CPUs: 4 total, 4 available
 Memory: 16263M
 Large Page Support: Disabled
 NUMA Support: Disabled
 Compressed Oops: Enabled (32-bit)
 Heap Region Size: 1M
 Heap Min Capacity: 8M
 Heap Initial Capacity: 256M
 Heap Max Capacity: 2G
 Pre-touch: Disabled
 Parallel Workers: 4
 Concurrent Workers: 1
 Concurrent Refinement Workers: 4
 Periodic GC: Disabled
Heap:
 garbage-first heap   total 91136K, used 58302K [0x0000000080000000, 0x0000000100000000)
  region size 1024K, 7 young (7168K), 1 survivors (1024K)
 Metaspace       used 57331K, committed 57984K, reserved 479232K
  class space    used 7964K, committed 8256K, reserved 421888K
GC Heap History (20 events):
Event: 179.114 GC heap before
{Heap before GC invocations=18 (full 0):
 garbage-first heap   total 75776K, used 59964K [0x0000000080000000, 0x0000000100000000)
  region size 1024K, 20 young (20480K), 2 survivors (2048K)
 Metaspace       used 43690K, committed 44288K, reserved 462848K
  class space    used 6012K, committed 6272K, reserved 421888K
}
Event: 179.117 GC heap after
{Heap after GC invocations=19 (full 0):
 garbage-first heap   total 75776K, used 44874K [0x0000000080000000, 0x0000000100000000)
  region size 1024K, 3 young (3072K), 3 survivors (3072K)
 Metaspace       used 43690K, committed 44288K, reserved 462848K
  class space    used 6012K, committed 6272K, reserved 421888K
}
Event: 181.691 GC heap before
{Heap before GC invocations=19 (full 0):
 garbage-first heap   total 75776K, used 60234K [0x0000000080000000, 0x0000000100000000)
  region size 1024K, 18 young (18432K), 3 survivors (3072K)
 Metaspace       used 45368K, committed 45888K, reserved 462848K
  class space    used 6297K, committed 6528K, reserved 421888K
}
Event: 181.696 GC heap after
{Heap after GC invocations=20 (full 0):
 garbage-first heap   total 75776K, used 45377K [0x0000000080000000, 0x0000000100000000)
  region size 1024K, 1 young (1024K), 1 survivors (1024K)
 Metaspace       used 45368K, committed 45888K, reserved 462848K
  class space    used 6297K, committed 6528K, reserved 421888K
}
Event: 183.368 GC heap before
{Heap before GC invocations=21 (full 0):
 garbage-first heap   total 80896K, used 60737K [0x0000000080000000, 0x0000000100000000)
  region size 1024K, 16 young (16384K), 1 survivors (1024K)
 Metaspace       used 47124K, committed 47680K, reserved 471040K
  class space    used 6545K, committed 6784K, reserved 421888K
}
Event: 183.372 GC heap after
{Heap after GC invocations=22 (full 0):
 garbage-first heap   total 80896K, used 46200K [0x0000000080000000, 0x0000000100000000)
  region size 1024K, 2 young (2048K), 2 survivors (2048K)
 Metaspace       used 47124K, committed 47680K, reserved 471040K
  class space    used 6545K, committed 6784K, reserved 421888K
}
Event: 185.408 GC heap before
{Heap before GC invocations=22 (full 0):
 garbage-first heap   total 80896K, used 64632K [0x0000000080000000, 0x0000000100000000)
  region size 1024K, 20 young (20480K), 2 survivors (2048K)
 Metaspace       used 49362K, committed 49920K, reserved 471040K
  class space    used 6871K, committed 7104K, reserved 421888K
}
Event: 185.413 GC heap after
{Heap after GC invocations=23 (full 0):
 garbage-first heap   total 80896K, used 47087K [0x0000000080000000, 0x0000000100000000)
  region size 1024K, 3 young (3072K), 3 survivors (3072K)
 Metaspace       used 49362K, committed 49920K, reserved 471040K
  class space    used 6871K, committed 7104K, reserved 421888K
}
Event: 187.868 GC heap before
{Heap before GC invocations=24 (full 0):
 garbage-first heap   total 81920K, used 64495K [0x0000000080000000, 0x0000000100000000)
  region size 1024K, 21 young (21504K), 3 survivors (3072K)
 Metaspace       used 51344K, committed 51904K, reserved 471040K
  class space    used 7119K, committed 7360K, reserved 421888K
}
Event: 187.873 GC heap after
{Heap after GC invocations=25 (full 0):
 garbage-first heap   total 81920K, used 49262K [0x0000000080000000, 0x0000000100000000)
  region size 1024K, 3 young (3072K), 3 survivors (3072K)
 Metaspace       used 51344K, committed 51904K, reserved 471040K
  class space    used 7119K, committed 7360K, reserved 421888K
}
Event: 190.607 GC heap before
{Heap before GC invocations=25 (full 0):
 garbage-first heap   total 81920K, used 65646K [0x0000000080000000, 0x0000000100000000)
  region size 1024K, 20 young (20480K), 3 survivors (3072K)
 Metaspace       used 52685K, committed 53248K, reserved 471040K
  class space    used 7289K, committed 7552K, reserved 421888K
}
Event: 190.611 GC heap after
{Heap after GC invocations=26 (full 0):
 garbage-first heap   total 81920K, used 48886K [0x0000000080000000, 0x0000000100000000)
  region size 1024K, 1 young (1024K), 1 survivors (1024K)
 Metaspace       used 52685K, committed 53248K, reserved 471040K
  class space    used 7289K, committed 7552K, reserved 421888K
}
Event: 193.287 GC heap before
{Heap before GC invocations=27 (full 0):
 garbage-first heap   total 86016K, used 66294K [0x0000000080000000, 0x0000000100000000)
  region size 1024K, 19 young (19456K), 1 survivors (1024K)
 Metaspace       used 53841K, committed 54400K, reserved 471040K
  class space    used 7454K, committed 7680K, reserved 421888K
}
Event: 193.293 GC heap after
{Heap after GC invocations=28 (full 0):
 garbage-first heap   total 86016K, used 50303K [0x0000000080000000, 0x0000000100000000)
  region size 1024K, 3 young (3072K), 3 survivors (3072K)
 Metaspace       used 53841K, committed 54400K, reserved 471040K
  class space    used 7454K, committed 7680K, reserved 421888K
}
Event: 196.571 GC heap before
{Heap before GC invocations=28 (full 0):
 garbage-first heap   total 86016K, used 69759K [0x0000000080000000, 0x0000000100000000)
  region size 1024K, 22 young (22528K), 3 survivors (3072K)
 Metaspace       used 55005K, committed 55552K, reserved 471040K
  class space    used 7613K, committed 7872K, reserved 421888K
}
Event: 196.576 GC heap after
{Heap after GC invocations=29 (full 0):
 garbage-first heap   total 86016K, used 51804K [0x0000000080000000, 0x0000000100000000)
  region size 1024K, 2 young (2048K), 2 survivors (2048K)
 Metaspace       used 55005K, committed 55552K, reserved 471040K
  class space    used 7613K, committed 7872K, reserved 421888K
}
Event: 200.553 GC heap before
{Heap before GC invocations=30 (full 0):
 garbage-first heap   total 91136K, used 69212K [0x0000000080000000, 0x0000000100000000)
  region size 1024K, 20 young (20480K), 2 survivors (2048K)
 Metaspace       used 56647K, committed 57344K, reserved 479232K
  class space    used 7868K, committed 8192K, reserved 421888K
}
Event: 200.558 GC heap after
{Heap after GC invocations=31 (full 0):
 garbage-first heap   total 91136K, used 53496K [0x0000000080000000, 0x0000000100000000)
  region size 1024K, 3 young (3072K), 3 survivors (3072K)
 Metaspace       used 56647K, committed 57344K, reserved 479232K
  class space    used 7868K, committed 8192K, reserved 421888K
}
Event: 200.577 GC heap before
{Heap before GC invocations=31 (full 0):
 garbage-first heap   total 91136K, used 54520K [0x0000000080000000, 0x0000000100000000)
  region size 1024K, 4 young (4096K), 3 survivors (3072K)
 Metaspace       used 56752K, committed 57408K, reserved 479232K
  class space    used 7880K, committed 8192K, reserved 421888K
}
Event: 200.582 GC heap after
{Heap after GC invocations=32 (full 0):
 garbage-first heap   total 91136K, used 53182K [0x0000000080000000, 0x0000000100000000)
  region size 1024K, 1 young (1024K), 1 survivors (1024K)
 Metaspace       used 56752K, committed 57408K, reserved 479232K
  class space    used 7880K, committed 8192K, reserved 421888K
}

