# JRE version: Java(TM) SE Runtime Environment (17.0.7+8) (build 17.0.7+8-LTS-224)
# Java VM: Java HotSpot(TM) 64-Bit Server VM (17.0.7+8-LTS-224, mixed mode, sharing, tiered, compressed oops, compressed class ptrs, g1 gc, windows-amd64)
GC Precious Log:
 CPUs: 4 total, 4 available
 Memory: 16263M
 Large Page Support: Disabled
 NUMA Support: Disabled
 Compressed Oops: Enabled (32-bit)
 Heap Region Size: 1M
 Heap Min Capacity: 8M
 Heap Initial Capacity: 256M
 Heap Max Capacity: 2G
 Pre-touch: Disabled
 Parallel Workers: 4
 Concurrent Workers: 1
 Concurrent Refinement Workers: 4
 Periodic GC: Disabled
Heap:
 garbage-first heap   total 501760K, used 335872K [0x0000000080000000, 0x0000000100000000)
  region size 1024K, 40 young (40960K), 13 survivors (13312K)
 Metaspace       used 114918K, committed 117120K, reserved 528384K
  class space    used 15550K, committed 16512K, reserved 421888K
GC Heap History (20 events):
Event: 1056.506 GC heap before
{Heap before GC invocations=93 (full 0):
 garbage-first heap   total 375808K, used 293067K [0x0000000080000000, 0x0000000100000000)
  region size 1024K, 64 young (65536K), 3 survivors (3072K)
 Metaspace       used 105603K, committed 107456K, reserved 520192K
  class space    used 14476K, committed 15296K, reserved 421888K
}
Event: 1056.534 GC heap after
{Heap after GC invocations=94 (full 0):
 garbage-first heap   total 375808K, used 243423K [0x0000000080000000, 0x0000000100000000)
  region size 1024K, 8 young (8192K), 8 survivors (8192K)
 Metaspace       used 105603K, committed 107456K, reserved 520192K
  class space    used 14476K, committed 15296K, reserved 421888K
}
Event: 1062.276 GC heap before
{Heap before GC invocations=95 (full 0):
 garbage-first heap   total 414720K, used 297695K [0x0000000080000000, 0x0000000100000000)
  region size 1024K, 61 young (62464K), 8 survivors (8192K)
 Metaspace       used 105908K, committed 107840K, reserved 520192K
  class space    used 14490K, committed 15296K, reserved 421888K
}
Event: 1062.321 GC heap after
{Heap after GC invocations=96 (full 0):
 garbage-first heap   total 414720K, used 258967K [0x0000000080000000, 0x0000000100000000)
  region size 1024K, 8 young (8192K), 8 survivors (8192K)
 Metaspace       used 105908K, committed 107840K, reserved 520192K
  class space    used 14490K, committed 15296K, reserved 421888K
}
Event: 1065.553 GC heap before
{Heap before GC invocations=96 (full 0):
 garbage-first heap   total 414720K, used 271255K [0x0000000080000000, 0x0000000100000000)
  region size 1024K, 20 young (20480K), 8 survivors (8192K)
 Metaspace       used 106004K, committed 107904K, reserved 520192K
  class space    used 14495K, committed 15296K, reserved 421888K
}
Event: 1065.582 GC heap after
{Heap after GC invocations=97 (full 0):
 garbage-first heap   total 414720K, used 260348K [0x0000000080000000, 0x0000000100000000)
  region size 1024K, 3 young (3072K), 3 survivors (3072K)
 Metaspace       used 106004K, committed 107904K, reserved 520192K
  class space    used 14495K, committed 15296K, reserved 421888K
}
Event: 1075.858 GC heap before
{Heap before GC invocations=97 (full 0):
 garbage-first heap   total 414720K, used 324860K [0x0000000080000000, 0x0000000100000000)
  region size 1024K, 66 young (67584K), 3 survivors (3072K)
 Metaspace       used 109216K, committed 111168K, reserved 520192K
  class space    used 14961K, committed 15808K, reserved 421888K
}
Event: 1075.879 GC heap after
{Heap after GC invocations=98 (full 0):
 garbage-first heap   total 414720K, used 268800K [0x0000000080000000, 0x0000000100000000)
  region size 1024K, 9 young (9216K), 9 survivors (9216K)
 Metaspace       used 109216K, committed 111168K, reserved 520192K
  class space    used 14961K, committed 15808K, reserved 421888K
}
Event: 1080.763 GC heap before
{Heap before GC invocations=99 (full 0):
 garbage-first heap   total 473088K, used 329216K [0x0000000080000000, 0x0000000100000000)
  region size 1024K, 68 young (69632K), 9 survivors (9216K)
 Metaspace       used 109369K, committed 111296K, reserved 520192K
  class space    used 14966K, committed 15808K, reserved 421888K
}
Event: 1080.785 GC heap after
{Heap after GC invocations=100 (full 0):
 garbage-first heap   total 473088K, used 277129K [0x0000000080000000, 0x0000000100000000)
  region size 1024K, 8 young (8192K), 8 survivors (8192K)
 Metaspace       used 109369K, committed 111296K, reserved 520192K
  class space    used 14966K, committed 15808K, reserved 421888K
}
Event: 1082.199 GC heap before
{Heap before GC invocations=100 (full 0):
 garbage-first heap   total 473088K, used 292489K [0x0000000080000000, 0x0000000100000000)
  region size 1024K, 23 young (23552K), 8 survivors (8192K)
 Metaspace       used 109430K, committed 111360K, reserved 520192K
  class space    used 14967K, committed 15808K, reserved 421888K
}
Event: 1082.214 GC heap after
{Heap after GC invocations=101 (full 0):
 garbage-first heap   total 473088K, used 277225K [0x0000000080000000, 0x0000000100000000)
  region size 1024K, 3 young (3072K), 3 survivors (3072K)
 Metaspace       used 109430K, committed 111360K, reserved 520192K
  class space    used 14967K, committed 15808K, reserved 421888K
}
Event: 1094.013 GC heap before
{Heap before GC invocations=101 (full 0):
 garbage-first heap   total 473088K, used 367337K [0x0000000080000000, 0x0000000100000000)
  region size 1024K, 91 young (93184K), 3 survivors (3072K)
 Metaspace       used 110562K, committed 112512K, reserved 520192K
  class space    used 15090K, committed 15936K, reserved 421888K
}
Event: 1094.029 GC heap after
{Heap after GC invocations=102 (full 0):
 garbage-first heap   total 473088K, used 286164K [0x0000000080000000, 0x0000000100000000)
  region size 1024K, 12 young (12288K), 12 survivors (12288K)
 Metaspace       used 110562K, committed 112512K, reserved 520192K
  class space    used 15090K, committed 15936K, reserved 421888K
}
Event: 1098.575 GC heap before
{Heap before GC invocations=103 (full 0):
 garbage-first heap   total 501760K, used 374228K [0x0000000080000000, 0x0000000100000000)
  region size 1024K, 98 young (100352K), 12 survivors (12288K)
 Metaspace       used 112385K, committed 114496K, reserved 528384K
  class space    used 15328K, committed 16256K, reserved 421888K
}
Event: 1098.604 GC heap after
{Heap after GC invocations=104 (full 0):
 garbage-first heap   total 501760K, used 297978K [0x0000000080000000, 0x0000000100000000)
  region size 1024K, 13 young (13312K), 13 survivors (13312K)
 Metaspace       used 112385K, committed 114496K, reserved 528384K
  class space    used 15328K, committed 16256K, reserved 421888K
}
Event: 1098.990 GC heap before
{Heap before GC invocations=104 (full 0):
 garbage-first heap   total 501760K, used 308218K [0x0000000080000000, 0x0000000100000000)
  region size 1024K, 24 young (24576K), 13 survivors (13312K)
 Metaspace       used 112459K, committed 114560K, reserved 528384K
  class space    used 15341K, committed 16256K, reserved 421888K
}
Event: 1099.014 GC heap after
{Heap after GC invocations=105 (full 0):
 garbage-first heap   total 501760K, used 297251K [0x0000000080000000, 0x0000000100000000)
  region size 1024K, 3 young (3072K), 3 survivors (3072K)
 Metaspace       used 112459K, committed 114560K, reserved 528384K
  class space    used 15341K, committed 16256K, reserved 421888K
}
Event: 1128.995 GC heap before
{Heap before GC invocations=105 (full 0):
 garbage-first heap   total 501760K, used 395555K [0x0000000080000000, 0x0000000100000000)
  region size 1024K, 100 young (102400K), 3 survivors (3072K)
 Metaspace       used 114836K, committed 117056K, reserved 528384K
  class space    used 15549K, committed 16512K, reserved 421888K
}
Event: 1129.021 GC heap after
{Heap after GC invocations=106 (full 0):
 garbage-first heap   total 501760K, used 310272K [0x0000000080000000, 0x0000000100000000)
  region size 1024K, 13 young (13312K), 13 survivors (13312K)
 Metaspace       used 114836K, committed 117056K, reserved 528384K
  class space    used 15549K, committed 16512K, reserved 421888K
}

