# JRE version: Java(TM) SE Runtime Environment (17.0.7+8) (build 17.0.7+8-LTS-224)
# Java VM: Java HotSpot(TM) 64-Bit Server VM (17.0.7+8-LTS-224, mixed mode, sharing, tiered, compressed oops, compressed class ptrs, g1 gc, windows-amd64)
GC Precious Log:
 CPUs: 4 total, 4 available
 Memory: 16263M
 Large Page Support: Disabled
 NUMA Support: Disabled
 Compressed Oops: Enabled (32-bit)
 Heap Region Size: 1M
 Heap Min Capacity: 8M
 Heap Initial Capacity: 256M
 Heap Max Capacity: 2G
 Pre-touch: Disabled
 Parallel Workers: 4
 Concurrent Workers: 1
 Concurrent Refinement Workers: 4
 Periodic GC: Disabled
Heap:
 garbage-first heap   total 114688K, used 73614K [0x0000000080000000, 0x0000000100000000)
  region size 1024K, 9 young (9216K), 1 survivors (1024K)
 Metaspace       used 60411K, committed 61120K, reserved 479232K
  class space    used 8331K, committed 8640K, reserved 421888K
GC Heap History (20 events):
Event: 165.977 GC heap before
{Heap before GC invocations=23 (full 0):
 garbage-first heap   total 87040K, used 49266K [0x0000000080000000, 0x0000000100000000)
  region size 1024K, 4 young (4096K), 2 survivors (2048K)
 Metaspace       used 52794K, committed 53376K, reserved 471040K
  class space    used 7307K, committed 7552K, reserved 421888K
}
Event: 165.981 GC heap after
{Heap after GC invocations=24 (full 0):
 garbage-first heap   total 87040K, used 46545K [0x0000000080000000, 0x0000000100000000)
  region size 1024K, 1 young (1024K), 1 survivors (1024K)
 Metaspace       used 52794K, committed 53376K, reserved 471040K
  class space    used 7307K, committed 7552K, reserved 421888K
}
Event: 171.850 GC heap before
{Heap before GC invocations=24 (full 0):
 garbage-first heap   total 87040K, used 70097K [0x0000000080000000, 0x0000000100000000)
  region size 1024K, 24 young (24576K), 1 survivors (1024K)
 Metaspace       used 54356K, committed 54976K, reserved 471040K
  class space    used 7543K, committed 7808K, reserved 421888K
}
Event: 171.854 GC heap after
{Heap after GC invocations=25 (full 0):
 garbage-first heap   total 87040K, used 48319K [0x0000000080000000, 0x0000000100000000)
  region size 1024K, 3 young (3072K), 3 survivors (3072K)
 Metaspace       used 54356K, committed 54976K, reserved 471040K
  class space    used 7543K, committed 7808K, reserved 421888K
}
Event: 175.953 GC heap before
{Heap before GC invocations=26 (full 0):
 garbage-first heap   total 87040K, used 70847K [0x0000000080000000, 0x0000000100000000)
  region size 1024K, 25 young (25600K), 3 survivors (3072K)
 Metaspace       used 55789K, committed 56448K, reserved 471040K
  class space    used 7743K, committed 8064K, reserved 421888K
}
Event: 175.959 GC heap after
{Heap after GC invocations=27 (full 0):
 garbage-first heap   total 87040K, used 50418K [0x0000000080000000, 0x0000000100000000)
  region size 1024K, 4 young (4096K), 4 survivors (4096K)
 Metaspace       used 55789K, committed 56448K, reserved 471040K
  class space    used 7743K, committed 8064K, reserved 421888K
}
Event: 176.251 GC heap before
{Heap before GC invocations=27 (full 0):
 garbage-first heap   total 87040K, used 51442K [0x0000000080000000, 0x0000000100000000)
  region size 1024K, 5 young (5120K), 4 survivors (4096K)
 Metaspace       used 55914K, committed 56576K, reserved 471040K
  class space    used 7762K, committed 8064K, reserved 421888K
}
Event: 176.257 GC heap after
{Heap after GC invocations=28 (full 0):
 garbage-first heap   total 87040K, used 51002K [0x0000000080000000, 0x0000000100000000)
  region size 1024K, 1 young (1024K), 1 survivors (1024K)
 Metaspace       used 55914K, committed 56576K, reserved 471040K
  class space    used 7762K, committed 8064K, reserved 421888K
}
Event: 178.820 GC heap before
{Heap before GC invocations=28 (full 0):
 garbage-first heap   total 87040K, used 70458K [0x0000000080000000, 0x0000000100000000)
  region size 1024K, 21 young (21504K), 1 survivors (1024K)
 Metaspace       used 57952K, committed 58560K, reserved 479232K
  class space    used 8014K, committed 8320K, reserved 421888K
}
Event: 178.824 GC heap after
{Heap after GC invocations=29 (full 0):
 garbage-first heap   total 87040K, used 53352K [0x0000000080000000, 0x0000000100000000)
  region size 1024K, 3 young (3072K), 3 survivors (3072K)
 Metaspace       used 57952K, committed 58560K, reserved 479232K
  class space    used 8014K, committed 8320K, reserved 421888K
}
Event: 182.800 GC heap before
{Heap before GC invocations=30 (full 0):
 garbage-first heap   total 96256K, used 69736K [0x0000000080000000, 0x0000000100000000)
  region size 1024K, 20 young (20480K), 3 survivors (3072K)
 Metaspace       used 59236K, committed 59968K, reserved 479232K
  class space    used 8194K, committed 8512K, reserved 421888K
}
Event: 182.810 GC heap after
{Heap after GC invocations=31 (full 0):
 garbage-first heap   total 96256K, used 56477K [0x0000000080000000, 0x0000000100000000)
  region size 1024K, 3 young (3072K), 3 survivors (3072K)
 Metaspace       used 59236K, committed 59968K, reserved 479232K
  class space    used 8194K, committed 8512K, reserved 421888K
}
Event: 195.087 GC heap before
{Heap before GC invocations=31 (full 0):
 garbage-first heap   total 96256K, used 74909K [0x0000000080000000, 0x0000000100000000)
  region size 1024K, 22 young (22528K), 3 survivors (3072K)
 Metaspace       used 59403K, committed 60032K, reserved 479232K
  class space    used 8201K, committed 8512K, reserved 421888K
}
Event: 195.091 GC heap after
{Heap after GC invocations=32 (full 0):
 garbage-first heap   total 96256K, used 56709K [0x0000000080000000, 0x0000000100000000)
  region size 1024K, 2 young (2048K), 2 survivors (2048K)
 Metaspace       used 59403K, committed 60032K, reserved 479232K
  class space    used 8201K, committed 8512K, reserved 421888K
}
Event: 238.416 GC heap before
{Heap before GC invocations=33 (full 0):
 garbage-first heap   total 99328K, used 80261K [0x0000000080000000, 0x0000000100000000)
  region size 1024K, 21 young (21504K), 2 survivors (2048K)
 Metaspace       used 59577K, committed 60224K, reserved 479232K
  class space    used 8225K, committed 8512K, reserved 421888K
}
Event: 238.420 GC heap after
{Heap after GC invocations=34 (full 0):
 garbage-first heap   total 99328K, used 67160K [0x0000000080000000, 0x0000000100000000)
  region size 1024K, 3 young (3072K), 3 survivors (3072K)
 Metaspace       used 59577K, committed 60224K, reserved 479232K
  class space    used 8225K, committed 8512K, reserved 421888K
}
Event: 255.173 GC heap before
{Heap before GC invocations=34 (full 0):
 garbage-first heap   total 99328K, used 68184K [0x0000000080000000, 0x0000000100000000)
  region size 1024K, 4 young (4096K), 3 survivors (3072K)
 Metaspace       used 59614K, committed 60352K, reserved 479232K
  class space    used 8229K, committed 8576K, reserved 421888K
}
Event: 255.176 GC heap after
{Heap after GC invocations=35 (full 0):
 garbage-first heap   total 99328K, used 66803K [0x0000000080000000, 0x0000000100000000)
  region size 1024K, 1 young (1024K), 1 survivors (1024K)
 Metaspace       used 59614K, committed 60352K, reserved 479232K
  class space    used 8229K, committed 8576K, reserved 421888K
}
Event: 436.211 GC heap before
{Heap before GC invocations=35 (full 0):
 garbage-first heap   total 99328K, used 79091K [0x0000000080000000, 0x0000000100000000)
  region size 1024K, 14 young (14336K), 1 survivors (1024K)
 Metaspace       used 59882K, committed 60608K, reserved 479232K
  class space    used 8258K, committed 8576K, reserved 421888K
}
Event: 436.214 GC heap after
{Heap after GC invocations=36 (full 0):
 garbage-first heap   total 99328K, used 67470K [0x0000000080000000, 0x0000000100000000)
  region size 1024K, 1 young (1024K), 1 survivors (1024K)
 Metaspace       used 59882K, committed 60608K, reserved 479232K
  class space    used 8258K, committed 8576K, reserved 421888K
}

