# JRE version: Java(TM) SE Runtime Environment (17.0.7+8) (build 17.0.7+8-LTS-224)
# Java VM: Java HotSpot(TM) 64-Bit Server VM (17.0.7+8-LTS-224, mixed mode, sharing, tiered, compressed oops, compressed class ptrs, g1 gc, windows-amd64)
GC Precious Log:
 CPUs: 4 total, 4 available
 Memory: 16263M
 Large Page Support: Disabled
 NUMA Support: Disabled
 Compressed Oops: Enabled (32-bit)
 Heap Region Size: 1M
 Heap Min Capacity: 8M
 Heap Initial Capacity: 256M
 Heap Max Capacity: 2G
 Pre-touch: Disabled
 Parallel Workers: 4
 Concurrent Workers: 1
 Concurrent Refinement Workers: 4
 Periodic GC: Disabled
Heap:
 garbage-first heap   total 97280K, used 70041K [0x0000000080000000, 0x0000000100000000)
  region size 1024K, 12 young (12288K), 3 survivors (3072K)
 Metaspace       used 67133K, committed 67904K, reserved 487424K
  class space    used 9249K, committed 9600K, reserved 421888K
GC Heap History (20 events):
Event: 88.498 GC heap before
{Heap before GC invocations=16 (full 0):
 garbage-first heap   total 78848K, used 62843K [0x0000000080000000, 0x0000000100000000)
  region size 1024K, 20 young (20480K), 1 survivors (1024K)
 Metaspace       used 48087K, committed 48640K, reserved 471040K
  class space    used 6684K, committed 6912K, reserved 421888K
}
Event: 88.503 GC heap after
{Heap after GC invocations=17 (full 0):
 garbage-first heap   total 78848K, used 44424K [0x0000000080000000, 0x0000000100000000)
  region size 1024K, 2 young (2048K), 2 survivors (2048K)
 Metaspace       used 48087K, committed 48640K, reserved 471040K
  class space    used 6684K, committed 6912K, reserved 421888K
}
Event: 90.553 GC heap before
{Heap before GC invocations=18 (full 0):
 garbage-first heap   total 78848K, used 63880K [0x0000000080000000, 0x0000000100000000)
  region size 1024K, 21 young (21504K), 2 survivors (2048K)
 Metaspace       used 50752K, committed 51328K, reserved 471040K
  class space    used 7049K, committed 7296K, reserved 421888K
}
Event: 90.557 GC heap after
{Heap after GC invocations=19 (full 0):
 garbage-first heap   total 78848K, used 45054K [0x0000000080000000, 0x0000000100000000)
  region size 1024K, 2 young (2048K), 2 survivors (2048K)
 Metaspace       used 50752K, committed 51328K, reserved 471040K
  class space    used 7049K, committed 7296K, reserved 421888K
}
Event: 92.137 GC heap before
{Heap before GC invocations=19 (full 0):
 garbage-first heap   total 78848K, used 64510K [0x0000000080000000, 0x0000000100000000)
  region size 1024K, 21 young (21504K), 2 survivors (2048K)
 Metaspace       used 51917K, committed 52544K, reserved 471040K
  class space    used 7167K, committed 7424K, reserved 421888K
}
Event: 92.144 GC heap after
{Heap after GC invocations=20 (full 0):
 garbage-first heap   total 78848K, used 47578K [0x0000000080000000, 0x0000000100000000)
  region size 1024K, 3 young (3072K), 3 survivors (3072K)
 Metaspace       used 51917K, committed 52544K, reserved 471040K
  class space    used 7167K, committed 7424K, reserved 421888K
}
Event: 94.081 GC heap before
{Heap before GC invocations=21 (full 0):
 garbage-first heap   total 83968K, used 63962K [0x0000000080000000, 0x0000000100000000)
  region size 1024K, 19 young (19456K), 3 survivors (3072K)
 Metaspace       used 53706K, committed 54336K, reserved 471040K
  class space    used 7430K, committed 7680K, reserved 421888K
}
Event: 94.085 GC heap after
{Heap after GC invocations=22 (full 0):
 garbage-first heap   total 83968K, used 47530K [0x0000000080000000, 0x0000000100000000)
  region size 1024K, 2 young (2048K), 2 survivors (2048K)
 Metaspace       used 53706K, committed 54336K, reserved 471040K
  class space    used 7430K, committed 7680K, reserved 421888K
}
Event: 96.068 GC heap before
{Heap before GC invocations=22 (full 0):
 garbage-first heap   total 83968K, used 65962K [0x0000000080000000, 0x0000000100000000)
  region size 1024K, 21 young (21504K), 2 survivors (2048K)
 Metaspace       used 54687K, committed 55360K, reserved 471040K
  class space    used 7589K, committed 7872K, reserved 421888K
}
Event: 96.073 GC heap after
{Heap after GC invocations=23 (full 0):
 garbage-first heap   total 83968K, used 49020K [0x0000000080000000, 0x0000000100000000)
  region size 1024K, 3 young (3072K), 3 survivors (3072K)
 Metaspace       used 54687K, committed 55360K, reserved 471040K
  class space    used 7589K, committed 7872K, reserved 421888K
}
Event: 100.694 GC heap before
{Heap before GC invocations=24 (full 0):
 garbage-first heap   total 86016K, used 67452K [0x0000000080000000, 0x0000000100000000)
  region size 1024K, 21 young (21504K), 3 survivors (3072K)
 Metaspace       used 55960K, committed 56640K, reserved 471040K
  class space    used 7768K, committed 8064K, reserved 421888K
}
Event: 100.705 GC heap after
{Heap after GC invocations=25 (full 0):
 garbage-first heap   total 86016K, used 50460K [0x0000000080000000, 0x0000000100000000)
  region size 1024K, 2 young (2048K), 2 survivors (2048K)
 Metaspace       used 55960K, committed 56640K, reserved 471040K
  class space    used 7768K, committed 8064K, reserved 421888K
}
Event: 102.748 GC heap before
{Heap before GC invocations=25 (full 0):
 garbage-first heap   total 86016K, used 68892K [0x0000000080000000, 0x0000000100000000)
  region size 1024K, 21 young (21504K), 2 survivors (2048K)
 Metaspace       used 58000K, committed 58688K, reserved 479232K
  class space    used 8011K, committed 8320K, reserved 421888K
}
Event: 102.756 GC heap after
{Heap after GC invocations=26 (full 0):
 garbage-first heap   total 86016K, used 52596K [0x0000000080000000, 0x0000000100000000)
  region size 1024K, 3 young (3072K), 3 survivors (3072K)
 Metaspace       used 58000K, committed 58688K, reserved 479232K
  class space    used 8011K, committed 8320K, reserved 421888K
}
Event: 106.048 GC heap before
{Heap before GC invocations=27 (full 0):
 garbage-first heap   total 92160K, used 67956K [0x0000000080000000, 0x0000000100000000)
  region size 1024K, 19 young (19456K), 3 survivors (3072K)
 Metaspace       used 59246K, committed 59904K, reserved 479232K
  class space    used 8179K, committed 8512K, reserved 421888K
}
Event: 106.055 GC heap after
{Heap after GC invocations=28 (full 0):
 garbage-first heap   total 92160K, used 54265K [0x0000000080000000, 0x0000000100000000)
  region size 1024K, 2 young (2048K), 2 survivors (2048K)
 Metaspace       used 59246K, committed 59904K, reserved 479232K
  class space    used 8179K, committed 8512K, reserved 421888K
}
Event: 106.245 GC heap before
{Heap before GC invocations=28 (full 0):
 garbage-first heap   total 92160K, used 55289K [0x0000000080000000, 0x0000000100000000)
  region size 1024K, 4 young (4096K), 2 survivors (2048K)
 Metaspace       used 59608K, committed 60288K, reserved 479232K
  class space    used 8223K, committed 8512K, reserved 421888K
}
Event: 106.248 GC heap after
{Heap after GC invocations=29 (full 0):
 garbage-first heap   total 92160K, used 54430K [0x0000000080000000, 0x0000000100000000)
  region size 1024K, 1 young (1024K), 1 survivors (1024K)
 Metaspace       used 59608K, committed 60288K, reserved 479232K
  class space    used 8223K, committed 8512K, reserved 421888K
}
Event: 165.735 GC heap before
{Heap before GC invocations=29 (full 0):
 garbage-first heap   total 92160K, used 73886K [0x0000000080000000, 0x0000000100000000)
  region size 1024K, 20 young (20480K), 1 survivors (1024K)
 Metaspace       used 61683K, committed 62400K, reserved 479232K
  class space    used 8549K, committed 8896K, reserved 421888K
}
Event: 165.740 GC heap after
{Heap after GC invocations=30 (full 0):
 garbage-first heap   total 92160K, used 56729K [0x0000000080000000, 0x0000000100000000)
  region size 1024K, 3 young (3072K), 3 survivors (3072K)
 Metaspace       used 61683K, committed 62400K, reserved 479232K
  class space    used 8549K, committed 8896K, reserved 421888K
}

