# JRE version: Java(TM) SE Runtime Environment (17.0.7+8) (build 17.0.7+8-LTS-224)
# Java VM: Java HotSpot(TM) 64-Bit Server VM (17.0.7+8-LTS-224, mixed mode, sharing, tiered, compressed oops, compressed class ptrs, g1 gc, windows-amd64)
GC Precious Log:
 CPUs: 4 total, 4 available
 Memory: 16263M
 Large Page Support: Disabled
 NUMA Support: Disabled
 Compressed Oops: Enabled (32-bit)
 Heap Region Size: 1M
 Heap Min Capacity: 8M
 Heap Initial Capacity: 256M
 Heap Max Capacity: 2G
 Pre-touch: Disabled
 Parallel Workers: 4
 Concurrent Workers: 1
 Concurrent Refinement Workers: 4
 Periodic GC: Disabled
Heap:
 garbage-first heap   total 295936K, used 260543K [0x0000000080000000, 0x0000000100000000)
  region size 1024K, 4 young (4096K), 2 survivors (2048K)
 Metaspace       used 105954K, committed 107840K, reserved 520192K
  class space    used 14488K, committed 15360K, reserved 421888K
GC Heap History (20 events):
Event: 579.146 GC heap before
{Heap before GC invocations=92 (full 0):
 garbage-first heap   total 295936K, used 242176K [0x0000000080000000, 0x0000000100000000)
  region size 1024K, 49 young (50176K), 8 survivors (8192K)
 Metaspace       used 98638K, committed 100416K, reserved 512000K
  class space    used 13604K, committed 14400K, reserved 421888K
}
Event: 579.161 GC heap after
{Heap after GC invocations=93 (full 0):
 garbage-first heap   total 295936K, used 207033K [0x0000000080000000, 0x0000000100000000)
  region size 1024K, 6 young (6144K), 6 survivors (6144K)
 Metaspace       used 98638K, committed 100416K, reserved 512000K
  class space    used 13604K, committed 14400K, reserved 421888K
}
Event: 598.417 GC heap before
{Heap before GC invocations=93 (full 0):
 garbage-first heap   total 295936K, used 250041K [0x0000000080000000, 0x0000000100000000)
  region size 1024K, 44 young (45056K), 6 survivors (6144K)
 Metaspace       used 100773K, committed 102592K, reserved 512000K
  class space    used 13902K, committed 14720K, reserved 421888K
}
Event: 598.429 GC heap after
{Heap after GC invocations=94 (full 0):
 garbage-first heap   total 295936K, used 221055K [0x0000000080000000, 0x0000000100000000)
  region size 1024K, 6 young (6144K), 6 survivors (6144K)
 Metaspace       used 100773K, committed 102592K, reserved 512000K
  class space    used 13902K, committed 14720K, reserved 421888K
}
Event: 618.483 GC heap before
{Heap before GC invocations=94 (full 0):
 garbage-first heap   total 295936K, used 254847K [0x0000000080000000, 0x0000000100000000)
  region size 1024K, 35 young (35840K), 6 survivors (6144K)
 Metaspace       used 102171K, committed 104000K, reserved 512000K
  class space    used 14080K, committed 14912K, reserved 421888K
}
Event: 618.495 GC heap after
{Heap after GC invocations=95 (full 0):
 garbage-first heap   total 295936K, used 230025K [0x0000000080000000, 0x0000000100000000)
  region size 1024K, 5 young (5120K), 5 survivors (5120K)
 Metaspace       used 102171K, committed 104000K, reserved 512000K
  class space    used 14080K, committed 14912K, reserved 421888K
}
Event: 622.585 GC heap before
{Heap before GC invocations=95 (full 0):
 garbage-first heap   total 295936K, used 253577K [0x0000000080000000, 0x0000000100000000)
  region size 1024K, 28 young (28672K), 5 survivors (5120K)
 Metaspace       used 103294K, committed 105152K, reserved 512000K
  class space    used 14238K, committed 15104K, reserved 421888K
}
Event: 622.596 GC heap after
{Heap after GC invocations=96 (full 0):
 garbage-first heap   total 295936K, used 234609K [0x0000000080000000, 0x0000000100000000)
  region size 1024K, 4 young (4096K), 4 survivors (4096K)
 Metaspace       used 103294K, committed 105152K, reserved 512000K
  class space    used 14238K, committed 15104K, reserved 421888K
}
Event: 626.492 GC heap before
{Heap before GC invocations=96 (full 0):
 garbage-first heap   total 295936K, used 254065K [0x0000000080000000, 0x0000000100000000)
  region size 1024K, 23 young (23552K), 4 survivors (4096K)
 Metaspace       used 103522K, committed 105344K, reserved 520192K
  class space    used 14255K, committed 15104K, reserved 421888K
}
Event: 626.512 GC heap after
{Heap after GC invocations=97 (full 0):
 garbage-first heap   total 295936K, used 240929K [0x0000000080000000, 0x0000000100000000)
  region size 1024K, 3 young (3072K), 3 survivors (3072K)
 Metaspace       used 103522K, committed 105344K, reserved 520192K
  class space    used 14255K, committed 15104K, reserved 421888K
}
Event: 630.598 GC heap before
{Heap before GC invocations=97 (full 0):
 garbage-first heap   total 295936K, used 255265K [0x0000000080000000, 0x0000000100000000)
  region size 1024K, 17 young (17408K), 3 survivors (3072K)
 Metaspace       used 105675K, committed 107520K, reserved 520192K
  class space    used 14475K, committed 15296K, reserved 421888K
}
Event: 630.613 GC heap after
{Heap after GC invocations=98 (full 0):
 garbage-first heap   total 295936K, used 244209K [0x0000000080000000, 0x0000000100000000)
  region size 1024K, 3 young (3072K), 3 survivors (3072K)
 Metaspace       used 105675K, committed 107520K, reserved 520192K
  class space    used 14475K, committed 15296K, reserved 421888K
}
Event: 632.297 GC heap before
{Heap before GC invocations=98 (full 0):
 garbage-first heap   total 295936K, used 256497K [0x0000000080000000, 0x0000000100000000)
  region size 1024K, 15 young (15360K), 3 survivors (3072K)
 Metaspace       used 105702K, committed 107584K, reserved 520192K
  class space    used 14476K, committed 15360K, reserved 421888K
}
Event: 632.310 GC heap after
{Heap after GC invocations=99 (full 0):
 garbage-first heap   total 295936K, used 247421K [0x0000000080000000, 0x0000000100000000)
  region size 1024K, 2 young (2048K), 2 survivors (2048K)
 Metaspace       used 105702K, committed 107584K, reserved 520192K
  class space    used 14476K, committed 15360K, reserved 421888K
}
Event: 633.325 GC heap before
{Heap before GC invocations=99 (full 0):
 garbage-first heap   total 295936K, used 259709K [0x0000000080000000, 0x0000000100000000)
  region size 1024K, 14 young (14336K), 2 survivors (2048K)
 Metaspace       used 105733K, committed 107648K, reserved 520192K
  class space    used 14476K, committed 15360K, reserved 421888K
}
Event: 633.337 GC heap after
{Heap after GC invocations=100 (full 0):
 garbage-first heap   total 295936K, used 251549K [0x0000000080000000, 0x0000000100000000)
  region size 1024K, 2 young (2048K), 2 survivors (2048K)
 Metaspace       used 105733K, committed 107648K, reserved 520192K
  class space    used 14476K, committed 15360K, reserved 421888K
}
Event: 634.602 GC heap before
{Heap before GC invocations=100 (full 0):
 garbage-first heap   total 295936K, used 263837K [0x0000000080000000, 0x0000000100000000)
  region size 1024K, 14 young (14336K), 2 survivors (2048K)
 Metaspace       used 105759K, committed 107648K, reserved 520192K
  class space    used 14477K, committed 15360K, reserved 421888K
}
Event: 634.613 GC heap after
{Heap after GC invocations=101 (full 0):
 garbage-first heap   total 295936K, used 255811K [0x0000000080000000, 0x0000000100000000)
  region size 1024K, 2 young (2048K), 2 survivors (2048K)
 Metaspace       used 105759K, committed 107648K, reserved 520192K
  class space    used 14477K, committed 15360K, reserved 421888K
}
Event: 637.223 GC heap before
{Heap before GC invocations=101 (full 0):
 garbage-first heap   total 295936K, used 268099K [0x0000000080000000, 0x0000000100000000)
  region size 1024K, 14 young (14336K), 2 survivors (2048K)
 Metaspace       used 105862K, committed 107712K, reserved 520192K
  class space    used 14487K, committed 15360K, reserved 421888K
}
Event: 637.246 GC heap after
{Heap after GC invocations=102 (full 0):
 garbage-first heap   total 295936K, used 259519K [0x0000000080000000, 0x0000000100000000)
  region size 1024K, 2 young (2048K), 2 survivors (2048K)
 Metaspace       used 105862K, committed 107712K, reserved 520192K
  class space    used 14487K, committed 15360K, reserved 421888K
}

