# JRE version: Java(TM) SE Runtime Environment (17.0.7+8) (build 17.0.7+8-LTS-224)
# Java VM: Java HotSpot(TM) 64-Bit Server VM (17.0.7+8-LTS-224, mixed mode, sharing, tiered, compressed oops, compressed class ptrs, g1 gc, windows-amd64)
GC Precious Log:
 CPUs: 4 total, 4 available
 Memory: 16263M
 Large Page Support: Disabled
 NUMA Support: Disabled
 Compressed Oops: Enabled (32-bit)
 Heap Region Size: 1M
 Heap Min Capacity: 8M
 Heap Initial Capacity: 256M
 Heap Max Capacity: 2G
 Pre-touch: Disabled
 Parallel Workers: 4
 Concurrent Workers: 1
 Concurrent Refinement Workers: 4
 Periodic GC: Disabled
Heap:
 garbage-first heap   total 460800K, used 391800K [0x0000000080000000, 0x0000000100000000)
  region size 1024K, 37 young (37888K), 4 survivors (4096K)
 Metaspace       used 119648K, committed 122112K, reserved 528384K
  class space    used 16144K, committed 17216K, reserved 421888K
GC Heap History (20 events):
Event: 1548.950 GC heap before
{Heap before GC invocations=110 (full 0):
 garbage-first heap   total 460800K, used 403248K [0x0000000080000000, 0x0000000100000000)
  region size 1024K, 66 young (67584K), 3 survivors (3072K)
 Metaspace       used 119220K, committed 121600K, reserved 528384K
  class space    used 16076K, committed 17152K, reserved 421888K
}
Event: 1548.956 GC heap after
{Heap after GC invocations=111 (full 0):
 garbage-first heap   total 460800K, used 340526K [0x0000000080000000, 0x0000000100000000)
  region size 1024K, 4 young (4096K), 4 survivors (4096K)
 Metaspace       used 119220K, committed 121600K, reserved 528384K
  class space    used 16076K, committed 17152K, reserved 421888K
}
Event: 1564.187 GC heap before
{Heap before GC invocations=111 (full 0):
 garbage-first heap   total 460800K, used 404014K [0x0000000080000000, 0x0000000100000000)
  region size 1024K, 67 young (68608K), 4 survivors (4096K)
 Metaspace       used 119249K, committed 121664K, reserved 528384K
  class space    used 16081K, committed 17152K, reserved 421888K
}
Event: 1564.199 GC heap after
{Heap after GC invocations=112 (full 0):
 garbage-first heap   total 460800K, used 346032K [0x0000000080000000, 0x0000000100000000)
  region size 1024K, 9 young (9216K), 9 survivors (9216K)
 Metaspace       used 119249K, committed 121664K, reserved 528384K
  class space    used 16081K, committed 17152K, reserved 421888K
}
Event: 1576.734 GC heap before
{Heap before GC invocations=112 (full 0):
 garbage-first heap   total 460800K, used 403376K [0x0000000080000000, 0x0000000100000000)
  region size 1024K, 64 young (65536K), 9 survivors (9216K)
 Metaspace       used 119648K, committed 122112K, reserved 528384K
  class space    used 16144K, committed 17216K, reserved 421888K
}
Event: 1576.754 GC heap after
{Heap after GC invocations=113 (full 0):
 garbage-first heap   total 460800K, used 352800K [0x0000000080000000, 0x0000000100000000)
  region size 1024K, 8 young (8192K), 8 survivors (8192K)
 Metaspace       used 119648K, committed 122112K, reserved 528384K
  class space    used 16144K, committed 17216K, reserved 421888K
}
Event: 1577.013 GC heap before
{Heap before GC invocations=113 (full 0):
 garbage-first heap   total 460800K, used 396832K [0x0000000080000000, 0x0000000100000000)
  region size 1024K, 51 young (52224K), 8 survivors (8192K)
 Metaspace       used 119648K, committed 122112K, reserved 528384K
  class space    used 16144K, committed 17216K, reserved 421888K
}
Event: 1577.021 GC heap after
{Heap after GC invocations=114 (full 0):
 garbage-first heap   total 460800K, used 354965K [0x0000000080000000, 0x0000000100000000)
  region size 1024K, 4 young (4096K), 4 survivors (4096K)
 Metaspace       used 119648K, committed 122112K, reserved 528384K
  class space    used 16144K, committed 17216K, reserved 421888K
}
Event: 1577.298 GC heap before
{Heap before GC invocations=114 (full 0):
 garbage-first heap   total 460800K, used 398997K [0x0000000080000000, 0x0000000100000000)
  region size 1024K, 47 young (48128K), 4 survivors (4096K)
 Metaspace       used 119648K, committed 122112K, reserved 528384K
  class space    used 16144K, committed 17216K, reserved 421888K
}
Event: 1577.301 GC heap after
{Heap after GC invocations=115 (full 0):
 garbage-first heap   total 460800K, used 354996K [0x0000000080000000, 0x0000000100000000)
  region size 1024K, 4 young (4096K), 4 survivors (4096K)
 Metaspace       used 119648K, committed 122112K, reserved 528384K
  class space    used 16144K, committed 17216K, reserved 421888K
}
Event: 1577.670 GC heap before
{Heap before GC invocations=115 (full 0):
 garbage-first heap   total 460800K, used 400052K [0x0000000080000000, 0x0000000100000000)
  region size 1024K, 48 young (49152K), 4 survivors (4096K)
 Metaspace       used 119648K, committed 122112K, reserved 528384K
  class space    used 16144K, committed 17216K, reserved 421888K
}
Event: 1577.678 GC heap after
{Heap after GC invocations=116 (full 0):
 garbage-first heap   total 460800K, used 356109K [0x0000000080000000, 0x0000000100000000)
  region size 1024K, 4 young (4096K), 4 survivors (4096K)
 Metaspace       used 119648K, committed 122112K, reserved 528384K
  class space    used 16144K, committed 17216K, reserved 421888K
}
Event: 1578.006 GC heap before
{Heap before GC invocations=116 (full 0):
 garbage-first heap   total 460800K, used 401165K [0x0000000080000000, 0x0000000100000000)
  region size 1024K, 48 young (49152K), 4 survivors (4096K)
 Metaspace       used 119648K, committed 122112K, reserved 528384K
  class space    used 16144K, committed 17216K, reserved 421888K
}
Event: 1578.011 GC heap after
{Heap after GC invocations=117 (full 0):
 garbage-first heap   total 460800K, used 356754K [0x0000000080000000, 0x0000000100000000)
  region size 1024K, 4 young (4096K), 4 survivors (4096K)
 Metaspace       used 119648K, committed 122112K, reserved 528384K
  class space    used 16144K, committed 17216K, reserved 421888K
}
Event: 1578.255 GC heap before
{Heap before GC invocations=117 (full 0):
 garbage-first heap   total 460800K, used 401810K [0x0000000080000000, 0x0000000100000000)
  region size 1024K, 48 young (49152K), 4 survivors (4096K)
 Metaspace       used 119648K, committed 122112K, reserved 528384K
  class space    used 16144K, committed 17216K, reserved 421888K
}
Event: 1578.260 GC heap after
{Heap after GC invocations=118 (full 0):
 garbage-first heap   total 460800K, used 357562K [0x0000000080000000, 0x0000000100000000)
  region size 1024K, 4 young (4096K), 4 survivors (4096K)
 Metaspace       used 119648K, committed 122112K, reserved 528384K
  class space    used 16144K, committed 17216K, reserved 421888K
}
Event: 1578.517 GC heap before
{Heap before GC invocations=118 (full 0):
 garbage-first heap   total 460800K, used 402618K [0x0000000080000000, 0x0000000100000000)
  region size 1024K, 48 young (49152K), 4 survivors (4096K)
 Metaspace       used 119648K, committed 122112K, reserved 528384K
  class space    used 16144K, committed 17216K, reserved 421888K
}
Event: 1578.522 GC heap after
{Heap after GC invocations=119 (full 0):
 garbage-first heap   total 460800K, used 358535K [0x0000000080000000, 0x0000000100000000)
  region size 1024K, 4 young (4096K), 4 survivors (4096K)
 Metaspace       used 119648K, committed 122112K, reserved 528384K
  class space    used 16144K, committed 17216K, reserved 421888K
}
Event: 1578.739 GC heap before
{Heap before GC invocations=119 (full 0):
 garbage-first heap   total 460800K, used 403591K [0x0000000080000000, 0x0000000100000000)
  region size 1024K, 48 young (49152K), 4 survivors (4096K)
 Metaspace       used 119648K, committed 122112K, reserved 528384K
  class space    used 16144K, committed 17216K, reserved 421888K
}
Event: 1578.743 GC heap after
{Heap after GC invocations=120 (full 0):
 garbage-first heap   total 460800K, used 359032K [0x0000000080000000, 0x0000000100000000)
  region size 1024K, 4 young (4096K), 4 survivors (4096K)
 Metaspace       used 119648K, committed 122112K, reserved 528384K
  class space    used 16144K, committed 17216K, reserved 421888K
}

