# JRE version: Java(TM) SE Runtime Environment (17.0.7+8) (build 17.0.7+8-LTS-224)
# Java VM: Java HotSpot(TM) 64-Bit Server VM (17.0.7+8-LTS-224, mixed mode, sharing, tiered, compressed oops, compressed class ptrs, g1 gc, windows-amd64)
GC Precious Log:
 CPUs: 4 total, 4 available
 Memory: 16263M
 Large Page Support: Disabled
 NUMA Support: Disabled
 Compressed Oops: Enabled (32-bit)
 Heap Region Size: 1M
 Heap Min Capacity: 8M
 Heap Initial Capacity: 256M
 Heap Max Capacity: 2G
 Pre-touch: Disabled
 Parallel Workers: 4
 Concurrent Workers: 1
 Concurrent Refinement Workers: 4
 Periodic GC: Disabled
Heap:
 garbage-first heap   total 455680K, used 272558K [0x0000000080000000, 0x0000000100000000)
  region size 1024K, 8 young (8192K), 3 survivors (3072K)
 Metaspace       used 108264K, committed 110144K, reserved 520192K
  class space    used 14868K, committed 15680K, reserved 421888K
GC Heap History (20 events):
Event: 740.168 GC heap before
{Heap before GC invocations=83 (full 0):
 garbage-first heap   total 321536K, used 260953K [0x0000000080000000, 0x0000000100000000)
  region size 1024K, 53 young (54272K), 8 survivors (8192K)
 Metaspace       used 99909K, committed 101824K, reserved 512000K
  class space    used 13833K, committed 14720K, reserved 421888K
}
Event: 740.193 GC heap after
{Heap after GC invocations=84 (full 0):
 garbage-first heap   total 321536K, used 223155K [0x0000000080000000, 0x0000000100000000)
  region size 1024K, 7 young (7168K), 7 survivors (7168K)
 Metaspace       used 99909K, committed 101824K, reserved 512000K
  class space    used 13833K, committed 14720K, reserved 421888K
}
Event: 746.745 GC heap before
{Heap before GC invocations=84 (full 0):
 garbage-first heap   total 321536K, used 269235K [0x0000000080000000, 0x0000000100000000)
  region size 1024K, 48 young (49152K), 7 survivors (7168K)
 Metaspace       used 103423K, committed 105344K, reserved 520192K
  class space    used 14330K, committed 15168K, reserved 421888K
}
Event: 746.760 GC heap after
{Heap after GC invocations=85 (full 0):
 garbage-first heap   total 321536K, used 233182K [0x0000000080000000, 0x0000000100000000)
  region size 1024K, 6 young (6144K), 6 survivors (6144K)
 Metaspace       used 103423K, committed 105344K, reserved 520192K
  class space    used 14330K, committed 15168K, reserved 421888K
}
Event: 752.898 GC heap before
{Heap before GC invocations=85 (full 0):
 garbage-first heap   total 321536K, used 269022K [0x0000000080000000, 0x0000000100000000)
  region size 1024K, 41 young (41984K), 6 survivors (6144K)
 Metaspace       used 106261K, committed 108160K, reserved 520192K
  class space    used 14707K, committed 15552K, reserved 421888K
}
Event: 752.921 GC heap after
{Heap after GC invocations=86 (full 0):
 garbage-first heap   total 321536K, used 240536K [0x0000000080000000, 0x0000000100000000)
  region size 1024K, 6 young (6144K), 6 survivors (6144K)
 Metaspace       used 106261K, committed 108160K, reserved 520192K
  class space    used 14707K, committed 15552K, reserved 421888K
}
Event: 757.649 GC heap before
{Heap before GC invocations=86 (full 0):
 garbage-first heap   total 321536K, used 271256K [0x0000000080000000, 0x0000000100000000)
  region size 1024K, 36 young (36864K), 6 survivors (6144K)
 Metaspace       used 107536K, committed 109440K, reserved 520192K
  class space    used 14829K, committed 15680K, reserved 421888K
}
Event: 757.679 GC heap after
{Heap after GC invocations=87 (full 0):
 garbage-first heap   total 321536K, used 247808K [0x0000000080000000, 0x0000000100000000)
  region size 1024K, 5 young (5120K), 5 survivors (5120K)
 Metaspace       used 107536K, committed 109440K, reserved 520192K
  class space    used 14829K, committed 15680K, reserved 421888K
}
Event: 759.985 GC heap before
{Heap before GC invocations=87 (full 0):
 garbage-first heap   total 321536K, used 273408K [0x0000000080000000, 0x0000000100000000)
  region size 1024K, 30 young (30720K), 5 survivors (5120K)
 Metaspace       used 107599K, committed 109504K, reserved 520192K
  class space    used 14830K, committed 15680K, reserved 421888K
}
Event: 760.011 GC heap after
{Heap after GC invocations=88 (full 0):
 garbage-first heap   total 321536K, used 256766K [0x0000000080000000, 0x0000000100000000)
  region size 1024K, 4 young (4096K), 4 survivors (4096K)
 Metaspace       used 107599K, committed 109504K, reserved 520192K
  class space    used 14830K, committed 15680K, reserved 421888K
}
Event: 761.712 GC heap before
{Heap before GC invocations=88 (full 0):
 garbage-first heap   total 321536K, used 275198K [0x0000000080000000, 0x0000000100000000)
  region size 1024K, 22 young (22528K), 4 survivors (4096K)
 Metaspace       used 107856K, committed 109760K, reserved 520192K
  class space    used 14843K, committed 15680K, reserved 421888K
}
Event: 761.732 GC heap after
{Heap after GC invocations=89 (full 0):
 garbage-first heap   total 321536K, used 260965K [0x0000000080000000, 0x0000000100000000)
  region size 1024K, 3 young (3072K), 3 survivors (3072K)
 Metaspace       used 107856K, committed 109760K, reserved 520192K
  class space    used 14843K, committed 15680K, reserved 421888K
}
Event: 762.875 GC heap before
{Heap before GC invocations=89 (full 0):
 garbage-first heap   total 321536K, used 277349K [0x0000000080000000, 0x0000000100000000)
  region size 1024K, 19 young (19456K), 3 survivors (3072K)
 Metaspace       used 108028K, committed 109952K, reserved 520192K
  class space    used 14857K, committed 15680K, reserved 421888K
}
Event: 762.887 GC heap after
{Heap after GC invocations=90 (full 0):
 garbage-first heap   total 321536K, used 264466K [0x0000000080000000, 0x0000000100000000)
  region size 1024K, 3 young (3072K), 3 survivors (3072K)
 Metaspace       used 108028K, committed 109952K, reserved 520192K
  class space    used 14857K, committed 15680K, reserved 421888K
}
Event: 764.842 GC heap before
{Heap before GC invocations=90 (full 0):
 garbage-first heap   total 321536K, used 277778K [0x0000000080000000, 0x0000000100000000)
  region size 1024K, 16 young (16384K), 3 survivors (3072K)
 Metaspace       used 108157K, committed 110080K, reserved 520192K
  class space    used 14865K, committed 15680K, reserved 421888K
}
Event: 764.863 GC heap after
{Heap after GC invocations=91 (full 0):
 garbage-first heap   total 321536K, used 266801K [0x0000000080000000, 0x0000000100000000)
  region size 1024K, 2 young (2048K), 2 survivors (2048K)
 Metaspace       used 108157K, committed 110080K, reserved 520192K
  class space    used 14865K, committed 15680K, reserved 421888K
}
Event: 766.576 GC heap before
{Heap before GC invocations=92 (full 0):
 garbage-first heap   total 455680K, used 280113K [0x0000000080000000, 0x0000000100000000)
  region size 1024K, 15 young (15360K), 2 survivors (2048K)
 Metaspace       used 108208K, committed 110080K, reserved 520192K
  class space    used 14867K, committed 15680K, reserved 421888K
}
Event: 766.583 GC heap after
{Heap after GC invocations=93 (full 0):
 garbage-first heap   total 455680K, used 268723K [0x0000000080000000, 0x0000000100000000)
  region size 1024K, 2 young (2048K), 2 survivors (2048K)
 Metaspace       used 108208K, committed 110080K, reserved 520192K
  class space    used 14867K, committed 15680K, reserved 421888K
}
Event: 768.479 GC heap before
{Heap before GC invocations=93 (full 0):
 garbage-first heap   total 455680K, used 289203K [0x0000000080000000, 0x0000000100000000)
  region size 1024K, 22 young (22528K), 2 survivors (2048K)
 Metaspace       used 108260K, committed 110144K, reserved 520192K
  class space    used 14868K, committed 15680K, reserved 421888K
}
Event: 768.489 GC heap after
{Heap after GC invocations=94 (full 0):
 garbage-first heap   total 455680K, used 268462K [0x0000000080000000, 0x0000000100000000)
  region size 1024K, 3 young (3072K), 3 survivors (3072K)
 Metaspace       used 108260K, committed 110144K, reserved 520192K
  class space    used 14868K, committed 15680K, reserved 421888K
}

