# JRE version: Java(TM) SE Runtime Environment (17.0.7+8) (build 17.0.7+8-LTS-224)
# Java VM: Java HotSpot(TM) 64-Bit Server VM (17.0.7+8-LTS-224, mixed mode, sharing, tiered, compressed oops, compressed class ptrs, g1 gc, windows-amd64)
GC Precious Log:
 CPUs: 4 total, 4 available
 Memory: 16263M
 Large Page Support: Disabled
 NUMA Support: Disabled
 Compressed Oops: Enabled (32-bit)
 Heap Region Size: 1M
 Heap Min Capacity: 8M
 Heap Initial Capacity: 256M
 Heap Max Capacity: 2G
 Pre-touch: Disabled
 Parallel Workers: 4
 Concurrent Workers: 1
 Concurrent Refinement Workers: 4
 Periodic GC: Disabled
Heap:
 garbage-first heap   total 350208K, used 300803K [0x0000000080000000, 0x0000000100000000)
  region size 1024K, 9 young (9216K), 2 survivors (2048K)
 Metaspace       used 115394K, committed 117312K, reserved 528384K
  class space    used 15703K, committed 16512K, reserved 421888K
GC Heap History (20 events):
Event: 954.326 GC heap before
{Heap before GC invocations=87 (full 0):
 garbage-first heap   total 350208K, used 294912K [0x0000000080000000, 0x0000000100000000)
  region size 1024K, 34 young (34816K), 6 survivors (6144K)
 Metaspace       used 109455K, committed 111424K, reserved 520192K
  class space    used 14995K, committed 15872K, reserved 421888K
}
Event: 954.347 GC heap after
{Heap after GC invocations=88 (full 0):
 garbage-first heap   total 350208K, used 272365K [0x0000000080000000, 0x0000000100000000)
  region size 1024K, 5 young (5120K), 5 survivors (5120K)
 Metaspace       used 109455K, committed 111424K, reserved 520192K
  class space    used 14995K, committed 15872K, reserved 421888K
}
Event: 960.952 GC heap before
{Heap before GC invocations=88 (full 0):
 garbage-first heap   total 350208K, used 296941K [0x0000000080000000, 0x0000000100000000)
  region size 1024K, 30 young (30720K), 5 survivors (5120K)
 Metaspace       used 109550K, committed 111488K, reserved 520192K
  class space    used 14999K, committed 15872K, reserved 421888K
}
Event: 960.964 GC heap after
{Heap after GC invocations=89 (full 0):
 garbage-first heap   total 350208K, used 276240K [0x0000000080000000, 0x0000000100000000)
  region size 1024K, 4 young (4096K), 4 survivors (4096K)
 Metaspace       used 109550K, committed 111488K, reserved 520192K
  class space    used 14999K, committed 15872K, reserved 421888K
}
Event: 964.109 GC heap before
{Heap before GC invocations=89 (full 0):
 garbage-first heap   total 350208K, used 299792K [0x0000000080000000, 0x0000000100000000)
  region size 1024K, 27 young (27648K), 4 survivors (4096K)
 Metaspace       used 109584K, committed 111488K, reserved 520192K
  class space    used 14999K, committed 15872K, reserved 421888K
}
Event: 964.118 GC heap after
{Heap after GC invocations=90 (full 0):
 garbage-first heap   total 350208K, used 279007K [0x0000000080000000, 0x0000000100000000)
  region size 1024K, 3 young (3072K), 3 survivors (3072K)
 Metaspace       used 109584K, committed 111488K, reserved 520192K
  class space    used 14999K, committed 15872K, reserved 421888K
}
Event: 970.384 GC heap before
{Heap before GC invocations=90 (full 0):
 garbage-first heap   total 350208K, used 301535K [0x0000000080000000, 0x0000000100000000)
  region size 1024K, 25 young (25600K), 3 survivors (3072K)
 Metaspace       used 109652K, committed 111552K, reserved 520192K
  class space    used 15004K, committed 15872K, reserved 421888K
}
Event: 970.392 GC heap after
{Heap after GC invocations=91 (full 0):
 garbage-first heap   total 350208K, used 281944K [0x0000000080000000, 0x0000000100000000)
  region size 1024K, 3 young (3072K), 3 survivors (3072K)
 Metaspace       used 109652K, committed 111552K, reserved 520192K
  class space    used 15004K, committed 15872K, reserved 421888K
}
Event: 979.987 GC heap before
{Heap before GC invocations=91 (full 0):
 garbage-first heap   total 350208K, used 302424K [0x0000000080000000, 0x0000000100000000)
  region size 1024K, 23 young (23552K), 3 survivors (3072K)
 Metaspace       used 114852K, committed 116800K, reserved 528384K
  class space    used 15661K, committed 16512K, reserved 421888K
}
Event: 979.997 GC heap after
{Heap after GC invocations=92 (full 0):
 garbage-first heap   total 350208K, used 284641K [0x0000000080000000, 0x0000000100000000)
  region size 1024K, 3 young (3072K), 3 survivors (3072K)
 Metaspace       used 114852K, committed 116800K, reserved 528384K
  class space    used 15661K, committed 16512K, reserved 421888K
}
Event: 983.286 GC heap before
{Heap before GC invocations=92 (full 0):
 garbage-first heap   total 350208K, used 304097K [0x0000000080000000, 0x0000000100000000)
  region size 1024K, 22 young (22528K), 3 survivors (3072K)
 Metaspace       used 115245K, committed 117120K, reserved 528384K
  class space    used 15699K, committed 16512K, reserved 421888K
}
Event: 983.294 GC heap after
{Heap after GC invocations=93 (full 0):
 garbage-first heap   total 350208K, used 287279K [0x0000000080000000, 0x0000000100000000)
  region size 1024K, 3 young (3072K), 3 survivors (3072K)
 Metaspace       used 115245K, committed 117120K, reserved 528384K
  class space    used 15699K, committed 16512K, reserved 421888K
}
Event: 984.804 GC heap before
{Heap before GC invocations=93 (full 0):
 garbage-first heap   total 350208K, used 305711K [0x0000000080000000, 0x0000000100000000)
  region size 1024K, 21 young (21504K), 3 survivors (3072K)
 Metaspace       used 115279K, committed 117184K, reserved 528384K
  class space    used 15699K, committed 16512K, reserved 421888K
}
Event: 984.810 GC heap after
{Heap after GC invocations=94 (full 0):
 garbage-first heap   total 350208K, used 289845K [0x0000000080000000, 0x0000000100000000)
  region size 1024K, 3 young (3072K), 3 survivors (3072K)
 Metaspace       used 115279K, committed 117184K, reserved 528384K
  class space    used 15699K, committed 16512K, reserved 421888K
}
Event: 986.472 GC heap before
{Heap before GC invocations=94 (full 0):
 garbage-first heap   total 350208K, used 305205K [0x0000000080000000, 0x0000000100000000)
  region size 1024K, 18 young (18432K), 3 survivors (3072K)
 Metaspace       used 115304K, committed 117248K, reserved 528384K
  class space    used 15702K, committed 16512K, reserved 421888K
}
Event: 986.478 GC heap after
{Heap after GC invocations=95 (full 0):
 garbage-first heap   total 350208K, used 291408K [0x0000000080000000, 0x0000000100000000)
  region size 1024K, 2 young (2048K), 2 survivors (2048K)
 Metaspace       used 115304K, committed 117248K, reserved 528384K
  class space    used 15702K, committed 16512K, reserved 421888K
}
Event: 987.904 GC heap before
{Heap before GC invocations=95 (full 0):
 garbage-first heap   total 350208K, used 306768K [0x0000000080000000, 0x0000000100000000)
  region size 1024K, 17 young (17408K), 2 survivors (2048K)
 Metaspace       used 115332K, committed 117248K, reserved 528384K
  class space    used 15702K, committed 16512K, reserved 421888K
}
Event: 987.911 GC heap after
{Heap after GC invocations=96 (full 0):
 garbage-first heap   total 350208K, used 293454K [0x0000000080000000, 0x0000000100000000)
  region size 1024K, 3 young (3072K), 3 survivors (3072K)
 Metaspace       used 115332K, committed 117248K, reserved 528384K
  class space    used 15702K, committed 16512K, reserved 421888K
}
Event: 990.650 GC heap before
{Heap before GC invocations=96 (full 0):
 garbage-first heap   total 350208K, used 307790K [0x0000000080000000, 0x0000000100000000)
  region size 1024K, 17 young (17408K), 3 survivors (3072K)
 Metaspace       used 115369K, committed 117248K, reserved 528384K
  class space    used 15703K, committed 16512K, reserved 421888K
}
Event: 990.656 GC heap after
{Heap after GC invocations=97 (full 0):
 garbage-first heap   total 350208K, used 294659K [0x0000000080000000, 0x0000000100000000)
  region size 1024K, 2 young (2048K), 2 survivors (2048K)
 Metaspace       used 115369K, committed 117248K, reserved 528384K
  class space    used 15703K, committed 16512K, reserved 421888K
}

