# JRE version: Java(TM) SE Runtime Environment (17.0.7+8) (build 17.0.7+8-LTS-224)
# Java VM: Java HotSpot(TM) 64-Bit Server VM (17.0.7+8-LTS-224, mixed mode, sharing, tiered, compressed oops, compressed class ptrs, g1 gc, windows-amd64)
GC Precious Log:
 CPUs: 4 total, 4 available
 Memory: 16263M
 Large Page Support: Disabled
 NUMA Support: Disabled
 Compressed Oops: Enabled (32-bit)
 Heap Region Size: 1M
 Heap Min Capacity: 8M
 Heap Initial Capacity: 256M
 Heap Max Capacity: 2G
 Pre-touch: Disabled
 Parallel Workers: 4
 Concurrent Workers: 1
 Concurrent Refinement Workers: 4
 Periodic GC: Disabled
Heap:
 garbage-first heap   total 266240K, used 172314K [0x0000000080000000, 0x0000000100000000)
  region size 1024K, 10 young (10240K), 8 survivors (8192K)
 Metaspace       used 96907K, committed 98496K, reserved 512000K
  class space    used 13363K, committed 14080K, reserved 421888K
GC Heap History (20 events):
Event: 505.083 GC heap before
{Heap before GC invocations=71 (full 0):
 garbage-first heap   total 209920K, used 168493K [0x0000000080000000, 0x0000000100000000)
  region size 1024K, 41 young (41984K), 2 survivors (2048K)
 Metaspace       used 87077K, committed 88448K, reserved 503808K
  class space    used 11977K, committed 12608K, reserved 421888K
}
Event: 505.095 GC heap after
{Heap after GC invocations=72 (full 0):
 garbage-first heap   total 209920K, used 134992K [0x0000000080000000, 0x0000000100000000)
  region size 1024K, 6 young (6144K), 6 survivors (6144K)
 Metaspace       used 87077K, committed 88448K, reserved 503808K
  class space    used 11977K, committed 12608K, reserved 421888K
}
Event: 519.153 GC heap before
{Heap before GC invocations=73 (full 0):
 garbage-first heap   total 229376K, used 168784K [0x0000000080000000, 0x0000000100000000)
  region size 1024K, 40 young (40960K), 6 survivors (6144K)
 Metaspace       used 89014K, committed 90432K, reserved 503808K
  class space    used 12234K, committed 12928K, reserved 421888K
}
Event: 519.168 GC heap after
{Heap after GC invocations=74 (full 0):
 garbage-first heap   total 229376K, used 139659K [0x0000000080000000, 0x0000000100000000)
  region size 1024K, 5 young (5120K), 5 survivors (5120K)
 Metaspace       used 89014K, committed 90432K, reserved 503808K
  class space    used 12234K, committed 12928K, reserved 421888K
}
Event: 519.902 GC heap before
{Heap before GC invocations=74 (full 0):
 garbage-first heap   total 229376K, used 145803K [0x0000000080000000, 0x0000000100000000)
  region size 1024K, 11 young (11264K), 5 survivors (5120K)
 Metaspace       used 89295K, committed 90752K, reserved 503808K
  class space    used 12283K, committed 12992K, reserved 421888K
}
Event: 519.911 GC heap after
{Heap after GC invocations=75 (full 0):
 garbage-first heap   total 229376K, used 140000K [0x0000000080000000, 0x0000000100000000)
  region size 1024K, 2 young (2048K), 2 survivors (2048K)
 Metaspace       used 89295K, committed 90752K, reserved 503808K
  class space    used 12283K, committed 12992K, reserved 421888K
}
Event: 525.412 GC heap before
{Heap before GC invocations=75 (full 0):
 garbage-first heap   total 229376K, used 185056K [0x0000000080000000, 0x0000000100000000)
  region size 1024K, 46 young (47104K), 2 survivors (2048K)
 Metaspace       used 91335K, committed 92800K, reserved 503808K
  class space    used 12579K, committed 13248K, reserved 421888K
}
Event: 525.422 GC heap after
{Heap after GC invocations=76 (full 0):
 garbage-first heap   total 229376K, used 144118K [0x0000000080000000, 0x0000000100000000)
  region size 1024K, 6 young (6144K), 6 survivors (6144K)
 Metaspace       used 91335K, committed 92800K, reserved 503808K
  class space    used 12579K, committed 13248K, reserved 421888K
}
Event: 531.926 GC heap before
{Heap before GC invocations=77 (full 0):
 garbage-first heap   total 247808K, used 185078K [0x0000000080000000, 0x0000000100000000)
  region size 1024K, 46 young (47104K), 6 survivors (6144K)
 Metaspace       used 92931K, committed 94400K, reserved 503808K
  class space    used 12799K, committed 13504K, reserved 421888K
}
Event: 531.938 GC heap after
{Heap after GC invocations=78 (full 0):
 garbage-first heap   total 247808K, used 148346K [0x0000000080000000, 0x0000000100000000)
  region size 1024K, 5 young (5120K), 5 survivors (5120K)
 Metaspace       used 92931K, committed 94400K, reserved 503808K
  class space    used 12799K, committed 13504K, reserved 421888K
}
Event: 532.231 GC heap before
{Heap before GC invocations=78 (full 0):
 garbage-first heap   total 247808K, used 155514K [0x0000000080000000, 0x0000000100000000)
  region size 1024K, 12 young (12288K), 5 survivors (5120K)
 Metaspace       used 93057K, committed 94528K, reserved 503808K
  class space    used 12819K, committed 13504K, reserved 421888K
}
Event: 532.239 GC heap after
{Heap after GC invocations=79 (full 0):
 garbage-first heap   total 247808K, used 149095K [0x0000000080000000, 0x0000000100000000)
  region size 1024K, 2 young (2048K), 2 survivors (2048K)
 Metaspace       used 93057K, committed 94528K, reserved 503808K
  class space    used 12819K, committed 13504K, reserved 421888K
}
Event: 536.323 GC heap before
{Heap before GC invocations=79 (full 0):
 garbage-first heap   total 247808K, used 201319K [0x0000000080000000, 0x0000000100000000)
  region size 1024K, 53 young (54272K), 2 survivors (2048K)
 Metaspace       used 94761K, committed 96320K, reserved 512000K
  class space    used 13047K, committed 13760K, reserved 421888K
}
Event: 536.334 GC heap after
{Heap after GC invocations=80 (full 0):
 garbage-first heap   total 247808K, used 155906K [0x0000000080000000, 0x0000000100000000)
  region size 1024K, 7 young (7168K), 7 survivors (7168K)
 Metaspace       used 94761K, committed 96320K, reserved 512000K
  class space    used 13047K, committed 13760K, reserved 421888K
}
Event: 547.439 GC heap before
{Heap before GC invocations=81 (full 0):
 garbage-first heap   total 266240K, used 203010K [0x0000000080000000, 0x0000000100000000)
  region size 1024K, 53 young (54272K), 7 survivors (7168K)
 Metaspace       used 96227K, committed 97728K, reserved 512000K
  class space    used 13254K, committed 13952K, reserved 421888K
}
Event: 547.456 GC heap after
{Heap after GC invocations=82 (full 0):
 garbage-first heap   total 266240K, used 161207K [0x0000000080000000, 0x0000000100000000)
  region size 1024K, 5 young (5120K), 5 survivors (5120K)
 Metaspace       used 96227K, committed 97728K, reserved 512000K
  class space    used 13254K, committed 13952K, reserved 421888K
}
Event: 547.663 GC heap before
{Heap before GC invocations=82 (full 0):
 garbage-first heap   total 266240K, used 169399K [0x0000000080000000, 0x0000000100000000)
  region size 1024K, 13 young (13312K), 5 survivors (5120K)
 Metaspace       used 96319K, committed 97792K, reserved 512000K
  class space    used 13271K, committed 13952K, reserved 421888K
}
Event: 547.675 GC heap after
{Heap after GC invocations=83 (full 0):
 garbage-first heap   total 266240K, used 162323K [0x0000000080000000, 0x0000000100000000)
  region size 1024K, 2 young (2048K), 2 survivors (2048K)
 Metaspace       used 96319K, committed 97792K, reserved 512000K
  class space    used 13271K, committed 13952K, reserved 421888K
}
Event: 570.770 GC heap before
{Heap before GC invocations=83 (full 0):
 garbage-first heap   total 266240K, used 217619K [0x0000000080000000, 0x0000000100000000)
  region size 1024K, 57 young (58368K), 2 survivors (2048K)
 Metaspace       used 96904K, committed 98496K, reserved 512000K
  class space    used 13363K, committed 14080K, reserved 421888K
}
Event: 570.789 GC heap after
{Heap after GC invocations=84 (full 0):
 garbage-first heap   total 266240K, used 171290K [0x0000000080000000, 0x0000000100000000)
  region size 1024K, 8 young (8192K), 8 survivors (8192K)
 Metaspace       used 96904K, committed 98496K, reserved 512000K
  class space    used 13363K, committed 14080K, reserved 421888K
}

