# JRE version: Java(TM) SE Runtime Environment (17.0.7+8) (build 17.0.7+8-LTS-224)
# Java VM: Java HotSpot(TM) 64-Bit Server VM (17.0.7+8-LTS-224, mixed mode, sharing, tiered, compressed oops, compressed class ptrs, g1 gc, windows-amd64)
GC Precious Log:
 CPUs: 4 total, 4 available
 Memory: 16263M
 Large Page Support: Disabled
 NUMA Support: Disabled
 Compressed Oops: Enabled (32-bit)
 Heap Region Size: 1M
 Heap Min Capacity: 8M
 Heap Initial Capacity: 256M
 Heap Max Capacity: 2G
 Pre-touch: Disabled
 Parallel Workers: 4
 Concurrent Workers: 1
 Concurrent Refinement Workers: 4
 Periodic GC: Disabled
Heap:
 garbage-first heap   total 142336K, used 114064K [0x0000000080000000, 0x0000000100000000)
  region size 1024K, 3 young (3072K), 2 survivors (2048K)
 Metaspace       used 85337K, committed 86528K, reserved 503808K
  class space    used 11740K, committed 12288K, reserved 421888K
GC Heap History (20 events):
Event: 509.519 GC heap before
{Heap before GC invocations=52 (full 0):
 garbage-first heap   total 142336K, used 116722K [0x0000000080000000, 0x0000000100000000)
  region size 1024K, 34 young (34816K), 4 survivors (4096K)
 Metaspace       used 81096K, committed 82112K, reserved 495616K
  class space    used 11122K, committed 11584K, reserved 421888K
}
Event: 509.531 GC heap after
{Heap after GC invocations=53 (full 0):
 garbage-first heap   total 142336K, used 89519K [0x0000000080000000, 0x0000000100000000)
  region size 1024K, 3 young (3072K), 3 survivors (3072K)
 Metaspace       used 81096K, committed 82112K, reserved 495616K
  class space    used 11122K, committed 11584K, reserved 421888K
}
Event: 521.458 GC heap before
{Heap before GC invocations=53 (full 0):
 garbage-first heap   total 142336K, used 118191K [0x0000000080000000, 0x0000000100000000)
  region size 1024K, 31 young (31744K), 3 survivors (3072K)
 Metaspace       used 82107K, committed 83136K, reserved 495616K
  class space    used 11242K, committed 11712K, reserved 421888K
}
Event: 521.466 GC heap after
{Heap after GC invocations=54 (full 0):
 garbage-first heap   total 142336K, used 93825K [0x0000000080000000, 0x0000000100000000)
  region size 1024K, 4 young (4096K), 4 survivors (4096K)
 Metaspace       used 82107K, committed 83136K, reserved 495616K
  class space    used 11242K, committed 11712K, reserved 421888K
}
Event: 522.912 GC heap before
{Heap before GC invocations=54 (full 0):
 garbage-first heap   total 142336K, used 119425K [0x0000000080000000, 0x0000000100000000)
  region size 1024K, 29 young (29696K), 4 survivors (4096K)
 Metaspace       used 83747K, committed 84736K, reserved 495616K
  class space    used 11523K, committed 11968K, reserved 421888K
}
Event: 522.919 GC heap after
{Heap after GC invocations=55 (full 0):
 garbage-first heap   total 142336K, used 96194K [0x0000000080000000, 0x0000000100000000)
  region size 1024K, 3 young (3072K), 3 survivors (3072K)
 Metaspace       used 83747K, committed 84736K, reserved 495616K
  class space    used 11523K, committed 11968K, reserved 421888K
}
Event: 549.502 GC heap before
{Heap before GC invocations=55 (full 0):
 garbage-first heap   total 142336K, used 118722K [0x0000000080000000, 0x0000000100000000)
  region size 1024K, 26 young (26624K), 3 survivors (3072K)
 Metaspace       used 83969K, committed 84992K, reserved 495616K
  class space    used 11552K, committed 12032K, reserved 421888K
}
Event: 549.510 GC heap after
{Heap after GC invocations=56 (full 0):
 garbage-first heap   total 142336K, used 99539K [0x0000000080000000, 0x0000000100000000)
  region size 1024K, 4 young (4096K), 4 survivors (4096K)
 Metaspace       used 83969K, committed 84992K, reserved 495616K
  class space    used 11552K, committed 12032K, reserved 421888K
}
Event: 558.030 GC heap before
{Heap before GC invocations=56 (full 0):
 garbage-first heap   total 142336K, used 120019K [0x0000000080000000, 0x0000000100000000)
  region size 1024K, 24 young (24576K), 4 survivors (4096K)
 Metaspace       used 84195K, committed 85248K, reserved 495616K
  class space    used 11585K, committed 12096K, reserved 421888K
}
Event: 558.037 GC heap after
{Heap after GC invocations=57 (full 0):
 garbage-first heap   total 142336K, used 102613K [0x0000000080000000, 0x0000000100000000)
  region size 1024K, 3 young (3072K), 3 survivors (3072K)
 Metaspace       used 84195K, committed 85248K, reserved 495616K
  class space    used 11585K, committed 12096K, reserved 421888K
}
Event: 567.814 GC heap before
{Heap before GC invocations=57 (full 0):
 garbage-first heap   total 142336K, used 118997K [0x0000000080000000, 0x0000000100000000)
  region size 1024K, 20 young (20480K), 3 survivors (3072K)
 Metaspace       used 84438K, committed 85568K, reserved 503808K
  class space    used 11618K, committed 12096K, reserved 421888K
}
Event: 567.821 GC heap after
{Heap after GC invocations=58 (full 0):
 garbage-first heap   total 142336K, used 105588K [0x0000000080000000, 0x0000000100000000)
  region size 1024K, 3 young (3072K), 3 survivors (3072K)
 Metaspace       used 84438K, committed 85568K, reserved 503808K
  class space    used 11618K, committed 12096K, reserved 421888K
}
Event: 574.973 GC heap before
{Heap before GC invocations=58 (full 0):
 garbage-first heap   total 142336K, used 119924K [0x0000000080000000, 0x0000000100000000)
  region size 1024K, 17 young (17408K), 3 survivors (3072K)
 Metaspace       used 84669K, committed 85824K, reserved 503808K
  class space    used 11645K, committed 12160K, reserved 421888K
}
Event: 574.980 GC heap after
{Heap after GC invocations=59 (full 0):
 garbage-first heap   total 142336K, used 107631K [0x0000000080000000, 0x0000000100000000)
  region size 1024K, 3 young (3072K), 3 survivors (3072K)
 Metaspace       used 84669K, committed 85824K, reserved 503808K
  class space    used 11645K, committed 12160K, reserved 421888K
}
Event: 575.496 GC heap before
{Heap before GC invocations=59 (full 0):
 garbage-first heap   total 142336K, used 120943K [0x0000000080000000, 0x0000000100000000)
  region size 1024K, 16 young (16384K), 3 survivors (3072K)
 Metaspace       used 85021K, committed 86144K, reserved 503808K
  class space    used 11697K, committed 12224K, reserved 421888K
}
Event: 575.502 GC heap after
{Heap after GC invocations=60 (full 0):
 garbage-first heap   total 142336K, used 110205K [0x0000000080000000, 0x0000000100000000)
  region size 1024K, 2 young (2048K), 2 survivors (2048K)
 Metaspace       used 85021K, committed 86144K, reserved 503808K
  class space    used 11697K, committed 12224K, reserved 421888K
}
Event: 589.524 GC heap before
{Heap before GC invocations=60 (full 0):
 garbage-first heap   total 142336K, used 121469K [0x0000000080000000, 0x0000000100000000)
  region size 1024K, 13 young (13312K), 2 survivors (2048K)
 Metaspace       used 85149K, committed 86272K, reserved 503808K
  class space    used 11714K, committed 12224K, reserved 421888K
}
Event: 589.529 GC heap after
{Heap after GC invocations=61 (full 0):
 garbage-first heap   total 142336K, used 112081K [0x0000000080000000, 0x0000000100000000)
  region size 1024K, 2 young (2048K), 2 survivors (2048K)
 Metaspace       used 85149K, committed 86272K, reserved 503808K
  class space    used 11714K, committed 12224K, reserved 421888K
}
Event: 591.985 GC heap before
{Heap before GC invocations=61 (full 0):
 garbage-first heap   total 142336K, used 122321K [0x0000000080000000, 0x0000000100000000)
  region size 1024K, 12 young (12288K), 2 survivors (2048K)
 Metaspace       used 85316K, committed 86464K, reserved 503808K
  class space    used 11738K, committed 12288K, reserved 421888K
}
Event: 591.990 GC heap after
{Heap after GC invocations=62 (full 0):
 garbage-first heap   total 142336K, used 114064K [0x0000000080000000, 0x0000000100000000)
  region size 1024K, 2 young (2048K), 2 survivors (2048K)
 Metaspace       used 85316K, committed 86464K, reserved 503808K
  class space    used 11738K, committed 12288K, reserved 421888K
}

