# JRE version: Java(TM) SE Runtime Environment (17.0.7+8) (build 17.0.7+8-LTS-224)
# Java VM: Java HotSpot(TM) 64-Bit Server VM (17.0.7+8-LTS-224, mixed mode, sharing, tiered, compressed oops, compressed class ptrs, g1 gc, windows-amd64)
GC Precious Log:
 CPUs: 4 total, 4 available
 Memory: 16263M
 Large Page Support: Disabled
 NUMA Support: Disabled
 Compressed Oops: Enabled (32-bit)
 Heap Region Size: 1M
 Heap Min Capacity: 8M
 Heap Initial Capacity: 256M
 Heap Max Capacity: 2G
 Pre-touch: Disabled
 Parallel Workers: 4
 Concurrent Workers: 1
 Concurrent Refinement Workers: 4
 Periodic GC: Disabled
Heap:
 garbage-first heap   total 75776K, used 58490K [0x0000000080000000, 0x0000000100000000)
  region size 1024K, 28 young (28672K), 4 survivors (4096K)
 Metaspace       used 40814K, committed 41344K, reserved 462848K
  class space    used 5640K, committed 5888K, reserved 421888K
GC Heap History (20 events):
Event: 13.555 GC heap before
{Heap before GC invocations=1 (full 0):
 garbage-first heap   total 262144K, used 20359K [0x0000000080000000, 0x0000000100000000)
  region size 1024K, 16 young (16384K), 2 survivors (2048K)
 Metaspace       used 3793K, committed 4032K, reserved 430080K
  class space    used 472K, committed 576K, reserved 421888K
}
Event: 13.559 GC heap after
{Heap after GC invocations=2 (full 0):
 garbage-first heap   total 262144K, used 9168K [0x0000000080000000, 0x0000000100000000)
  region size 1024K, 2 young (2048K), 2 survivors (2048K)
 Metaspace       used 3793K, committed 4032K, reserved 430080K
  class space    used 472K, committed 576K, reserved 421888K
}
Event: 15.868 GC heap before
{Heap before GC invocations=2 (full 0):
 garbage-first heap   total 262144K, used 30672K [0x0000000080000000, 0x0000000100000000)
  region size 1024K, 23 young (23552K), 2 survivors (2048K)
 Metaspace       used 3918K, committed 4096K, reserved 430080K
  class space    used 474K, committed 576K, reserved 421888K
}
Event: 15.871 GC heap after
{Heap after GC invocations=3 (full 0):
 garbage-first heap   total 262144K, used 12737K [0x0000000080000000, 0x0000000100000000)
  region size 1024K, 3 young (3072K), 3 survivors (3072K)
 Metaspace       used 3918K, committed 4096K, reserved 430080K
  class space    used 474K, committed 576K, reserved 421888K
}
Event: 39.699 GC heap before
{Heap before GC invocations=3 (full 0):
 garbage-first heap   total 262144K, used 114113K [0x0000000080000000, 0x0000000100000000)
  region size 1024K, 103 young (105472K), 3 survivors (3072K)
 Metaspace       used 21204K, committed 21504K, reserved 446464K
  class space    used 3119K, committed 3264K, reserved 421888K
}
Event: 39.720 GC heap after
{Heap after GC invocations=4 (full 0):
 garbage-first heap   total 262144K, used 20493K [0x0000000080000000, 0x0000000100000000)
  region size 1024K, 11 young (11264K), 11 survivors (11264K)
 Metaspace       used 21204K, committed 21504K, reserved 446464K
  class space    used 3119K, committed 3264K, reserved 421888K
}
Event: 41.198 GC heap before
{Heap before GC invocations=5 (full 0):
 garbage-first heap   total 75776K, used 54285K [0x0000000080000000, 0x0000000100000000)
  region size 1024K, 44 young (45056K), 11 survivors (11264K)
 Metaspace       used 27829K, committed 28160K, reserved 446464K
  class space    used 3874K, committed 4032K, reserved 421888K
}
Event: 41.212 GC heap after
{Heap after GC invocations=6 (full 0):
 garbage-first heap   total 75776K, used 25537K [0x0000000080000000, 0x0000000100000000)
  region size 1024K, 5 young (5120K), 5 survivors (5120K)
 Metaspace       used 27829K, committed 28160K, reserved 446464K
  class space    used 3874K, committed 4032K, reserved 421888K
}
Event: 41.220 GC heap before
{Heap before GC invocations=6 (full 0):
 garbage-first heap   total 75776K, used 26561K [0x0000000080000000, 0x0000000100000000)
  region size 1024K, 6 young (6144K), 5 survivors (5120K)
 Metaspace       used 27830K, committed 28160K, reserved 446464K
  class space    used 3874K, committed 4032K, reserved 421888K
}
Event: 41.226 GC heap after
{Heap after GC invocations=7 (full 0):
 garbage-first heap   total 75776K, used 25275K [0x0000000080000000, 0x0000000100000000)
  region size 1024K, 1 young (1024K), 1 survivors (1024K)
 Metaspace       used 27830K, committed 28160K, reserved 446464K
  class space    used 3874K, committed 4032K, reserved 421888K
}
Event: 55.016 GC heap before
{Heap before GC invocations=7 (full 0):
 garbage-first heap   total 75776K, used 55995K [0x0000000080000000, 0x0000000100000000)
  region size 1024K, 29 young (29696K), 1 survivors (1024K)
 Metaspace       used 30531K, committed 30912K, reserved 454656K
  class space    used 4156K, committed 4352K, reserved 421888K
}
Event: 55.021 GC heap after
{Heap after GC invocations=8 (full 0):
 garbage-first heap   total 75776K, used 27836K [0x0000000080000000, 0x0000000100000000)
  region size 1024K, 3 young (3072K), 3 survivors (3072K)
 Metaspace       used 30531K, committed 30912K, reserved 454656K
  class space    used 4156K, committed 4352K, reserved 421888K
}
Event: 69.519 GC heap before
{Heap before GC invocations=8 (full 0):
 garbage-first heap   total 75776K, used 55484K [0x0000000080000000, 0x0000000100000000)
  region size 1024K, 30 young (30720K), 3 survivors (3072K)
 Metaspace       used 31514K, committed 31872K, reserved 454656K
  class space    used 4300K, committed 4480K, reserved 421888K
}
Event: 69.526 GC heap after
{Heap after GC invocations=9 (full 0):
 garbage-first heap   total 75776K, used 29690K [0x0000000080000000, 0x0000000100000000)
  region size 1024K, 2 young (2048K), 2 survivors (2048K)
 Metaspace       used 31514K, committed 31872K, reserved 454656K
  class space    used 4300K, committed 4480K, reserved 421888K
}
Event: 146.330 GC heap before
{Heap before GC invocations=9 (full 0):
 garbage-first heap   total 75776K, used 57338K [0x0000000080000000, 0x0000000100000000)
  region size 1024K, 29 young (29696K), 2 survivors (2048K)
 Metaspace       used 32968K, committed 33472K, reserved 454656K
  class space    used 4512K, committed 4736K, reserved 421888K
}
Event: 146.337 GC heap after
{Heap after GC invocations=10 (full 0):
 garbage-first heap   total 75776K, used 31428K [0x0000000080000000, 0x0000000100000000)
  region size 1024K, 4 young (4096K), 4 survivors (4096K)
 Metaspace       used 32968K, committed 33472K, reserved 454656K
  class space    used 4512K, committed 4736K, reserved 421888K
}
Event: 151.392 GC heap before
{Heap before GC invocations=10 (full 0):
 garbage-first heap   total 75776K, used 52932K [0x0000000080000000, 0x0000000100000000)
  region size 1024K, 26 young (26624K), 4 survivors (4096K)
 Metaspace       used 35532K, committed 35968K, reserved 454656K
  class space    used 4825K, committed 5056K, reserved 421888K
}
Event: 151.398 GC heap after
{Heap after GC invocations=11 (full 0):
 garbage-first heap   total 75776K, used 32520K [0x0000000080000000, 0x0000000100000000)
  region size 1024K, 3 young (3072K), 3 survivors (3072K)
 Metaspace       used 35532K, committed 35968K, reserved 454656K
  class space    used 4825K, committed 5056K, reserved 421888K
}
Event: 162.124 GC heap before
{Heap before GC invocations=12 (full 0):
 garbage-first heap   total 75776K, used 59144K [0x0000000080000000, 0x0000000100000000)
  region size 1024K, 30 young (30720K), 3 survivors (3072K)
 Metaspace       used 38395K, committed 38912K, reserved 462848K
  class space    used 5285K, committed 5504K, reserved 421888K
}
Event: 162.134 GC heap after
{Heap after GC invocations=13 (full 0):
 garbage-first heap   total 75776K, used 34938K [0x0000000080000000, 0x0000000100000000)
  region size 1024K, 4 young (4096K), 4 survivors (4096K)
 Metaspace       used 38395K, committed 38912K, reserved 462848K
  class space    used 5285K, committed 5504K, reserved 421888K
}

