# JRE version: Java(TM) SE Runtime Environment (17.0.7+8) (build 17.0.7+8-LTS-224)
# Java VM: Java HotSpot(TM) 64-Bit Server VM (17.0.7+8-LTS-224, mixed mode, sharing, tiered, compressed oops, compressed class ptrs, g1 gc, windows-amd64)
GC Precious Log:
 CPUs: 4 total, 4 available
 Memory: 16263M
 Large Page Support: Disabled
 NUMA Support: Disabled
 Compressed Oops: Enabled (32-bit)
 Heap Region Size: 1M
 Heap Min Capacity: 8M
 Heap Initial Capacity: 256M
 Heap Max Capacity: 2G
 Pre-touch: Disabled
 Parallel Workers: 4
 Concurrent Workers: 1
 Concurrent Refinement Workers: 4
 Periodic GC: Disabled
Heap:
 garbage-first heap   total 230400K, used 158657K [0x0000000080000000, 0x0000000100000000)
  region size 1024K, 10 young (10240K), 5 survivors (5120K)
 Metaspace       used 94140K, committed 95680K, reserved 512000K
  class space    used 12972K, committed 13696K, reserved 421888K
GC Heap History (20 events):
Event: 372.130 GC heap before
{Heap before GC invocations=59 (full 0):
 garbage-first heap   total 193536K, used 148835K [0x0000000080000000, 0x0000000100000000)
  region size 1024K, 43 young (44032K), 7 survivors (7168K)
 Metaspace       used 85713K, committed 86912K, reserved 503808K
  class space    used 11777K, committed 12352K, reserved 421888K
}
Event: 372.145 GC heap after
{Heap after GC invocations=60 (full 0):
 garbage-first heap   total 193536K, used 118784K [0x0000000080000000, 0x0000000100000000)
  region size 1024K, 6 young (6144K), 6 survivors (6144K)
 Metaspace       used 85713K, committed 86912K, reserved 503808K
  class space    used 11777K, committed 12352K, reserved 421888K
}
Event: 372.173 GC heap before
{Heap before GC invocations=60 (full 0):
 garbage-first heap   total 193536K, used 121856K [0x0000000080000000, 0x0000000100000000)
  region size 1024K, 9 young (9216K), 6 survivors (6144K)
 Metaspace       used 85719K, committed 86912K, reserved 503808K
  class space    used 11777K, committed 12352K, reserved 421888K
}
Event: 372.187 GC heap after
{Heap after GC invocations=61 (full 0):
 garbage-first heap   total 193536K, used 120046K [0x0000000080000000, 0x0000000100000000)
  region size 1024K, 2 young (2048K), 2 survivors (2048K)
 Metaspace       used 85719K, committed 86912K, reserved 503808K
  class space    used 11777K, committed 12352K, reserved 421888K
}
Event: 394.707 GC heap before
{Heap before GC invocations=61 (full 0):
 garbage-first heap   total 193536K, used 156910K [0x0000000080000000, 0x0000000100000000)
  region size 1024K, 38 young (38912K), 2 survivors (2048K)
 Metaspace       used 86161K, committed 87424K, reserved 503808K
  class space    used 11839K, committed 12416K, reserved 421888K
}
Event: 394.716 GC heap after
{Heap after GC invocations=62 (full 0):
 garbage-first heap   total 193536K, used 125952K [0x0000000080000000, 0x0000000100000000)
  region size 1024K, 5 young (5120K), 5 survivors (5120K)
 Metaspace       used 86161K, committed 87424K, reserved 503808K
  class space    used 11839K, committed 12416K, reserved 421888K
}
Event: 422.971 GC heap before
{Heap before GC invocations=62 (full 0):
 garbage-first heap   total 193536K, used 158720K [0x0000000080000000, 0x0000000100000000)
  region size 1024K, 37 young (37888K), 5 survivors (5120K)
 Metaspace       used 86618K, committed 87936K, reserved 503808K
  class space    used 11904K, committed 12480K, reserved 421888K
}
Event: 422.993 GC heap after
{Heap after GC invocations=63 (full 0):
 garbage-first heap   total 193536K, used 131629K [0x0000000080000000, 0x0000000100000000)
  region size 1024K, 5 young (5120K), 5 survivors (5120K)
 Metaspace       used 86618K, committed 87936K, reserved 503808K
  class space    used 11904K, committed 12480K, reserved 421888K
}
Event: 433.751 GC heap before
{Heap before GC invocations=63 (full 0):
 garbage-first heap   total 193536K, used 160301K [0x0000000080000000, 0x0000000100000000)
  region size 1024K, 33 young (33792K), 5 survivors (5120K)
 Metaspace       used 87130K, committed 88576K, reserved 503808K
  class space    used 11990K, committed 12672K, reserved 421888K
}
Event: 433.764 GC heap after
{Heap after GC invocations=64 (full 0):
 garbage-first heap   total 193536K, used 136940K [0x0000000080000000, 0x0000000100000000)
  region size 1024K, 5 young (5120K), 5 survivors (5120K)
 Metaspace       used 87130K, committed 88576K, reserved 503808K
  class space    used 11990K, committed 12672K, reserved 421888K
}
Event: 442.928 GC heap before
{Heap before GC invocations=65 (full 0):
 garbage-first heap   total 230400K, used 158444K [0x0000000080000000, 0x0000000100000000)
  region size 1024K, 26 young (26624K), 5 survivors (5120K)
 Metaspace       used 88599K, committed 90048K, reserved 503808K
  class space    used 12188K, committed 12864K, reserved 421888K
}
Event: 442.938 GC heap after
{Heap after GC invocations=66 (full 0):
 garbage-first heap   total 230400K, used 139706K [0x0000000080000000, 0x0000000100000000)
  region size 1024K, 3 young (3072K), 3 survivors (3072K)
 Metaspace       used 88599K, committed 90048K, reserved 503808K
  class space    used 12188K, committed 12864K, reserved 421888K
}
Event: 460.458 GC heap before
{Heap before GC invocations=66 (full 0):
 garbage-first heap   total 230400K, used 147898K [0x0000000080000000, 0x0000000100000000)
  region size 1024K, 11 young (11264K), 3 survivors (3072K)
 Metaspace       used 88932K, committed 90432K, reserved 503808K
  class space    used 12224K, committed 12928K, reserved 421888K
}
Event: 460.464 GC heap after
{Heap after GC invocations=67 (full 0):
 garbage-first heap   total 230400K, used 139925K [0x0000000080000000, 0x0000000100000000)
  region size 1024K, 2 young (2048K), 2 survivors (2048K)
 Metaspace       used 88932K, committed 90432K, reserved 503808K
  class space    used 12224K, committed 12928K, reserved 421888K
}
Event: 465.521 GC heap before
{Heap before GC invocations=67 (full 0):
 garbage-first heap   total 230400K, used 186005K [0x0000000080000000, 0x0000000100000000)
  region size 1024K, 47 young (48128K), 2 survivors (2048K)
 Metaspace       used 90484K, committed 92032K, reserved 503808K
  class space    used 12476K, committed 13184K, reserved 421888K
}
Event: 465.529 GC heap after
{Heap after GC invocations=68 (full 0):
 garbage-first heap   total 230400K, used 144970K [0x0000000080000000, 0x0000000100000000)
  region size 1024K, 6 young (6144K), 6 survivors (6144K)
 Metaspace       used 90484K, committed 92032K, reserved 503808K
  class space    used 12476K, committed 13184K, reserved 421888K
}
Event: 473.906 GC heap before
{Heap before GC invocations=68 (full 0):
 garbage-first heap   total 230400K, used 189002K [0x0000000080000000, 0x0000000100000000)
  region size 1024K, 49 young (50176K), 6 survivors (6144K)
 Metaspace       used 92862K, committed 94400K, reserved 503808K
  class space    used 12793K, committed 13504K, reserved 421888K
}
Event: 473.917 GC heap after
{Heap after GC invocations=69 (full 0):
 garbage-first heap   total 230400K, used 149879K [0x0000000080000000, 0x0000000100000000)
  region size 1024K, 5 young (5120K), 5 survivors (5120K)
 Metaspace       used 92862K, committed 94400K, reserved 503808K
  class space    used 12793K, committed 13504K, reserved 421888K
}
Event: 478.339 GC heap before
{Heap before GC invocations=69 (full 0):
 garbage-first heap   total 230400K, used 190839K [0x0000000080000000, 0x0000000100000000)
  region size 1024K, 45 young (46080K), 5 survivors (5120K)
 Metaspace       used 94030K, committed 95552K, reserved 512000K
  class space    used 12959K, committed 13632K, reserved 421888K
}
Event: 478.349 GC heap after
{Heap after GC invocations=70 (full 0):
 garbage-first heap   total 230400K, used 154561K [0x0000000080000000, 0x0000000100000000)
  region size 1024K, 5 young (5120K), 5 survivors (5120K)
 Metaspace       used 94030K, committed 95552K, reserved 512000K
  class space    used 12959K, committed 13632K, reserved 421888K
}

