# JRE version: Java(TM) SE Runtime Environment (17.0.7+8) (build 17.0.7+8-LTS-224)
# Java VM: Java HotSpot(TM) 64-Bit Server VM (17.0.7+8-LTS-224, mixed mode, sharing, tiered, compressed oops, compressed class ptrs, g1 gc, windows-amd64)
GC Precious Log:
 CPUs: 4 total, 4 available
 Memory: 16263M
 Large Page Support: Disabled
 NUMA Support: Disabled
 Compressed Oops: Enabled (32-bit)
 Heap Region Size: 1M
 Heap Min Capacity: 8M
 Heap Initial Capacity: 256M
 Heap Max Capacity: 2G
 Pre-touch: Disabled
 Parallel Workers: 4
 Concurrent Workers: 1
 Concurrent Refinement Workers: 4
 Periodic GC: Disabled
Heap:
 garbage-first heap   total 240640K, used 158176K [0x0000000080000000, 0x0000000100000000)
  region size 1024K, 17 young (17408K), 7 survivors (7168K)
 Metaspace       used 93349K, committed 94848K, reserved 503808K
  class space    used 12863K, committed 13568K, reserved 421888K
GC Heap History (20 events):
Event: 823.266 GC heap before
{Heap before GC invocations=63 (full 0):
 garbage-first heap   total 178176K, used 145095K [0x0000000080000000, 0x0000000100000000)
  region size 1024K, 34 young (34816K), 1 survivors (1024K)
 Metaspace       used 85540K, committed 86720K, reserved 503808K
  class space    used 11759K, committed 12288K, reserved 421888K
}
Event: 823.276 GC heap after
{Heap after GC invocations=64 (full 0):
 garbage-first heap   total 178176K, used 117212K [0x0000000080000000, 0x0000000100000000)
  region size 1024K, 5 young (5120K), 5 survivors (5120K)
 Metaspace       used 85540K, committed 86720K, reserved 503808K
  class space    used 11759K, committed 12288K, reserved 421888K
}
Event: 849.154 GC heap before
{Heap before GC invocations=65 (full 0):
 garbage-first heap   total 201728K, used 142812K [0x0000000080000000, 0x0000000100000000)
  region size 1024K, 31 young (31744K), 5 survivors (5120K)
 Metaspace       used 85869K, committed 87040K, reserved 503808K
  class space    used 11801K, committed 12352K, reserved 421888K
}
Event: 849.166 GC heap after
{Heap after GC invocations=66 (full 0):
 garbage-first heap   total 201728K, used 121465K [0x0000000080000000, 0x0000000100000000)
  region size 1024K, 4 young (4096K), 4 survivors (4096K)
 Metaspace       used 85869K, committed 87040K, reserved 503808K
  class space    used 11801K, committed 12352K, reserved 421888K
}
Event: 849.437 GC heap before
{Heap before GC invocations=66 (full 0):
 garbage-first heap   total 201728K, used 126585K [0x0000000080000000, 0x0000000100000000)
  region size 1024K, 9 young (9216K), 4 survivors (4096K)
 Metaspace       used 85877K, committed 87040K, reserved 503808K
  class space    used 11803K, committed 12352K, reserved 421888K
}
Event: 849.444 GC heap after
{Heap after GC invocations=67 (full 0):
 garbage-first heap   total 201728K, used 122448K [0x0000000080000000, 0x0000000100000000)
  region size 1024K, 2 young (2048K), 2 survivors (2048K)
 Metaspace       used 85877K, committed 87040K, reserved 503808K
  class space    used 11803K, committed 12352K, reserved 421888K
}
Event: 882.341 GC heap before
{Heap before GC invocations=67 (full 0):
 garbage-first heap   total 201728K, used 161360K [0x0000000080000000, 0x0000000100000000)
  region size 1024K, 41 young (41984K), 2 survivors (2048K)
 Metaspace       used 86391K, committed 87680K, reserved 503808K
  class space    used 11876K, committed 12480K, reserved 421888K
}
Event: 882.352 GC heap after
{Heap after GC invocations=68 (full 0):
 garbage-first heap   total 201728K, used 128815K [0x0000000080000000, 0x0000000100000000)
  region size 1024K, 6 young (6144K), 6 survivors (6144K)
 Metaspace       used 86391K, committed 87680K, reserved 503808K
  class space    used 11876K, committed 12480K, reserved 421888K
}
Event: 922.030 GC heap before
{Heap before GC invocations=69 (full 0):
 garbage-first heap   total 222208K, used 161583K [0x0000000080000000, 0x0000000100000000)
  region size 1024K, 39 young (39936K), 6 survivors (6144K)
 Metaspace       used 86876K, committed 88256K, reserved 503808K
  class space    used 11954K, committed 12608K, reserved 421888K
}
Event: 922.045 GC heap after
{Heap after GC invocations=70 (full 0):
 garbage-first heap   total 222208K, used 134144K [0x0000000080000000, 0x0000000100000000)
  region size 1024K, 5 young (5120K), 5 survivors (5120K)
 Metaspace       used 86876K, committed 88256K, reserved 503808K
  class space    used 11954K, committed 12608K, reserved 421888K
}
Event: 922.845 GC heap before
{Heap before GC invocations=70 (full 0):
 garbage-first heap   total 222208K, used 139264K [0x0000000080000000, 0x0000000100000000)
  region size 1024K, 10 young (10240K), 5 survivors (5120K)
 Metaspace       used 86973K, committed 88320K, reserved 503808K
  class space    used 11971K, committed 12608K, reserved 421888K
}
Event: 922.855 GC heap after
{Heap after GC invocations=71 (full 0):
 garbage-first heap   total 222208K, used 134653K [0x0000000080000000, 0x0000000100000000)
  region size 1024K, 2 young (2048K), 2 survivors (2048K)
 Metaspace       used 86973K, committed 88320K, reserved 503808K
  class space    used 11971K, committed 12608K, reserved 421888K
}
Event: 936.656 GC heap before
{Heap before GC invocations=71 (full 0):
 garbage-first heap   total 222208K, used 178685K [0x0000000080000000, 0x0000000100000000)
  region size 1024K, 45 young (46080K), 2 survivors (2048K)
 Metaspace       used 89379K, committed 90880K, reserved 503808K
  class space    used 12313K, committed 12992K, reserved 421888K
}
Event: 936.665 GC heap after
{Heap after GC invocations=72 (full 0):
 garbage-first heap   total 222208K, used 139103K [0x0000000080000000, 0x0000000100000000)
  region size 1024K, 6 young (6144K), 6 survivors (6144K)
 Metaspace       used 89379K, committed 90880K, reserved 503808K
  class space    used 12313K, committed 12992K, reserved 421888K
}
Event: 940.787 GC heap before
{Heap before GC invocations=73 (full 0):
 garbage-first heap   total 240640K, used 180063K [0x0000000080000000, 0x0000000100000000)
  region size 1024K, 46 young (47104K), 6 survivors (6144K)
 Metaspace       used 91003K, committed 92480K, reserved 503808K
  class space    used 12545K, committed 13248K, reserved 421888K
}
Event: 940.799 GC heap after
{Heap after GC invocations=74 (full 0):
 garbage-first heap   total 240640K, used 143584K [0x0000000080000000, 0x0000000100000000)
  region size 1024K, 5 young (5120K), 5 survivors (5120K)
 Metaspace       used 91003K, committed 92480K, reserved 503808K
  class space    used 12545K, committed 13248K, reserved 421888K
}
Event: 942.017 GC heap before
{Heap before GC invocations=74 (full 0):
 garbage-first heap   total 240640K, used 149728K [0x0000000080000000, 0x0000000100000000)
  region size 1024K, 11 young (11264K), 5 survivors (5120K)
 Metaspace       used 91819K, committed 93248K, reserved 503808K
  class space    used 12652K, committed 13312K, reserved 421888K
}
Event: 942.030 GC heap after
{Heap after GC invocations=75 (full 0):
 garbage-first heap   total 240640K, used 143224K [0x0000000080000000, 0x0000000100000000)
  region size 1024K, 1 young (1024K), 1 survivors (1024K)
 Metaspace       used 91819K, committed 93248K, reserved 503808K
  class space    used 12652K, committed 13312K, reserved 421888K
}
Event: 947.839 GC heap before
{Heap before GC invocations=75 (full 0):
 garbage-first heap   total 240640K, used 195448K [0x0000000080000000, 0x0000000100000000)
  region size 1024K, 52 young (53248K), 1 survivors (1024K)
 Metaspace       used 93111K, committed 94592K, reserved 503808K
  class space    used 12829K, committed 13504K, reserved 421888K
}
Event: 947.847 GC heap after
{Heap after GC invocations=76 (full 0):
 garbage-first heap   total 240640K, used 148960K [0x0000000080000000, 0x0000000100000000)
  region size 1024K, 7 young (7168K), 7 survivors (7168K)
 Metaspace       used 93111K, committed 94592K, reserved 503808K
  class space    used 12829K, committed 13504K, reserved 421888K
}

