# JRE version: Java(TM) SE Runtime Environment (17.0.7+8) (build 17.0.7+8-LTS-224)
# Java VM: Java HotSpot(TM) 64-Bit Server VM (17.0.7+8-LTS-224, mixed mode, sharing, tiered, compressed oops, compressed class ptrs, g1 gc, windows-amd64)
GC Precious Log:
 CPUs: 4 total, 4 available
 Memory: 16263M
 Large Page Support: Disabled
 NUMA Support: Disabled
 Compressed Oops: Enabled (32-bit)
 Heap Region Size: 1M
 Heap Min Capacity: 8M
 Heap Initial Capacity: 256M
 Heap Max Capacity: 2G
 Pre-touch: Disabled
 Parallel Workers: 4
 Concurrent Workers: 1
 Concurrent Refinement Workers: 4
 Periodic GC: Disabled
Heap:
 garbage-first heap   total 245760K, used 102016K [0x0000000080000000, 0x0000000100000000)
  region size 1024K, 37 young (37888K), 14 survivors (14336K)
 Metaspace       used 72351K, committed 73152K, reserved 487424K
  class space    used 9762K, committed 10112K, reserved 421888K
GC Heap History (20 events):
Event: 200.851 GC heap before
{Heap before GC invocations=27 (full 0):
 garbage-first heap   total 83968K, used 65961K [0x0000000080000000, 0x0000000100000000)
  region size 1024K, 19 young (19456K), 1 survivors (1024K)
 Metaspace       used 53767K, committed 54336K, reserved 471040K
  class space    used 7456K, committed 7680K, reserved 421888K
}
Event: 200.856 GC heap after
{Heap after GC invocations=28 (full 0):
 garbage-first heap   total 83968K, used 50491K [0x0000000080000000, 0x0000000100000000)
  region size 1024K, 3 young (3072K), 3 survivors (3072K)
 Metaspace       used 53767K, committed 54336K, reserved 471040K
  class space    used 7456K, committed 7680K, reserved 421888K
}
Event: 200.876 GC heap before
{Heap before GC invocations=28 (full 0):
 garbage-first heap   total 83968K, used 51515K [0x0000000080000000, 0x0000000100000000)
  region size 1024K, 4 young (4096K), 3 survivors (3072K)
 Metaspace       used 53841K, committed 54464K, reserved 471040K
  class space    used 7466K, committed 7744K, reserved 421888K
}
Event: 200.882 GC heap after
{Heap after GC invocations=29 (full 0):
 garbage-first heap   total 83968K, used 49731K [0x0000000080000000, 0x0000000100000000)
  region size 1024K, 1 young (1024K), 1 survivors (1024K)
 Metaspace       used 53841K, committed 54464K, reserved 471040K
  class space    used 7466K, committed 7744K, reserved 421888K
}
Event: 202.694 GC heap before
{Heap before GC invocations=29 (full 0):
 garbage-first heap   total 83968K, used 67139K [0x0000000080000000, 0x0000000100000000)
  region size 1024K, 18 young (18432K), 1 survivors (1024K)
 Metaspace       used 54858K, committed 55488K, reserved 471040K
  class space    used 7601K, committed 7872K, reserved 421888K
}
Event: 202.700 GC heap after
{Heap after GC invocations=30 (full 0):
 garbage-first heap   total 83968K, used 51932K [0x0000000080000000, 0x0000000100000000)
  region size 1024K, 3 young (3072K), 3 survivors (3072K)
 Metaspace       used 54858K, committed 55488K, reserved 471040K
  class space    used 7601K, committed 7872K, reserved 421888K
}
Event: 205.040 GC heap before
{Heap before GC invocations=31 (full 0):
 garbage-first heap   total 91136K, used 66268K [0x0000000080000000, 0x0000000100000000)
  region size 1024K, 18 young (18432K), 3 survivors (3072K)
 Metaspace       used 56244K, committed 56960K, reserved 479232K
  class space    used 7841K, committed 8192K, reserved 421888K
}
Event: 205.050 GC heap after
{Heap after GC invocations=32 (full 0):
 garbage-first heap   total 91136K, used 54358K [0x0000000080000000, 0x0000000100000000)
  region size 1024K, 3 young (3072K), 3 survivors (3072K)
 Metaspace       used 56244K, committed 56960K, reserved 479232K
  class space    used 7841K, committed 8192K, reserved 421888K
}
Event: 205.091 GC heap before
{Heap before GC invocations=32 (full 0):
 garbage-first heap   total 91136K, used 55382K [0x0000000080000000, 0x0000000100000000)
  region size 1024K, 4 young (4096K), 3 survivors (3072K)
 Metaspace       used 56269K, committed 56960K, reserved 479232K
  class space    used 7842K, committed 8192K, reserved 421888K
}
Event: 205.101 GC heap after
{Heap after GC invocations=33 (full 0):
 garbage-first heap   total 91136K, used 54363K [0x0000000080000000, 0x0000000100000000)
  region size 1024K, 1 young (1024K), 1 survivors (1024K)
 Metaspace       used 56269K, committed 56960K, reserved 479232K
  class space    used 7842K, committed 8192K, reserved 421888K
}
Event: 207.480 GC heap before
{Heap before GC invocations=33 (full 0):
 garbage-first heap   total 91136K, used 73819K [0x0000000080000000, 0x0000000100000000)
  region size 1024K, 20 young (20480K), 1 survivors (1024K)
 Metaspace       used 58282K, committed 58944K, reserved 479232K
  class space    used 8064K, committed 8384K, reserved 421888K
}
Event: 207.484 GC heap after
{Heap after GC invocations=34 (full 0):
 garbage-first heap   total 91136K, used 56732K [0x0000000080000000, 0x0000000100000000)
  region size 1024K, 3 young (3072K), 3 survivors (3072K)
 Metaspace       used 58282K, committed 58944K, reserved 479232K
  class space    used 8064K, committed 8384K, reserved 421888K
}
Event: 210.101 GC heap before
{Heap before GC invocations=35 (full 0):
 garbage-first heap   total 99328K, used 73116K [0x0000000080000000, 0x0000000100000000)
  region size 1024K, 19 young (19456K), 3 survivors (3072K)
 Metaspace       used 59229K, committed 59840K, reserved 479232K
  class space    used 8206K, committed 8512K, reserved 421888K
}
Event: 210.109 GC heap after
{Heap after GC invocations=36 (full 0):
 garbage-first heap   total 99328K, used 60227K [0x0000000080000000, 0x0000000100000000)
  region size 1024K, 3 young (3072K), 3 survivors (3072K)
 Metaspace       used 59229K, committed 59840K, reserved 479232K
  class space    used 8206K, committed 8512K, reserved 421888K
}
Event: 210.122 GC heap before
{Heap before GC invocations=36 (full 0):
 garbage-first heap   total 99328K, used 61251K [0x0000000080000000, 0x0000000100000000)
  region size 1024K, 4 young (4096K), 3 survivors (3072K)
 Metaspace       used 59241K, committed 59904K, reserved 479232K
  class space    used 8206K, committed 8512K, reserved 421888K
}
Event: 210.127 GC heap after
{Heap after GC invocations=37 (full 0):
 garbage-first heap   total 99328K, used 59903K [0x0000000080000000, 0x0000000100000000)
  region size 1024K, 1 young (1024K), 1 survivors (1024K)
 Metaspace       used 59241K, committed 59904K, reserved 479232K
  class space    used 8206K, committed 8512K, reserved 421888K
}
Event: 215.492 GC heap before
{Heap before GC invocations=37 (full 0):
 garbage-first heap   total 99328K, used 80383K [0x0000000080000000, 0x0000000100000000)
  region size 1024K, 19 young (19456K), 1 survivors (1024K)
 Metaspace       used 59367K, committed 60032K, reserved 479232K
  class space    used 8212K, committed 8512K, reserved 421888K
}
Event: 215.496 GC heap after
{Heap after GC invocations=38 (full 0):
 garbage-first heap   total 245760K, used 64628K [0x0000000080000000, 0x0000000100000000)
  region size 1024K, 3 young (3072K), 3 survivors (3072K)
 Metaspace       used 59367K, committed 60032K, reserved 479232K
  class space    used 8212K, committed 8512K, reserved 421888K
}
Event: 549.551 GC heap before
{Heap before GC invocations=38 (full 0):
 garbage-first heap   total 245760K, used 186484K [0x0000000080000000, 0x0000000100000000)
  region size 1024K, 121 young (123904K), 3 survivors (3072K)
 Metaspace       used 70774K, committed 71488K, reserved 487424K
  class space    used 9551K, committed 9856K, reserved 421888K
}
Event: 549.567 GC heap after
{Heap after GC invocations=39 (full 0):
 garbage-first heap   total 245760K, used 78464K [0x0000000080000000, 0x0000000100000000)
  region size 1024K, 14 young (14336K), 14 survivors (14336K)
 Metaspace       used 70774K, committed 71488K, reserved 487424K
  class space    used 9551K, committed 9856K, reserved 421888K
}

