# JRE version: Java(TM) SE Runtime Environment (17.0.7+8) (build 17.0.7+8-LTS-224)
# Java VM: Java HotSpot(TM) 64-Bit Server VM (17.0.7+8-LTS-224, mixed mode, sharing, tiered, compressed oops, compressed class ptrs, g1 gc, windows-amd64)
GC Precious Log:
 CPUs: 4 total, 4 available
 Memory: 16263M
 Large Page Support: Disabled
 NUMA Support: Disabled
 Compressed Oops: Enabled (32-bit)
 Heap Region Size: 1M
 Heap Min Capacity: 8M
 Heap Initial Capacity: 256M
 Heap Max Capacity: 2G
 Pre-touch: Disabled
 Parallel Workers: 4
 Concurrent Workers: 1
 Concurrent Refinement Workers: 4
 Periodic GC: Disabled
Heap:
 garbage-first heap   total 96256K, used 63528K [0x0000000080000000, 0x0000000100000000)
  region size 1024K, 14 young (14336K), 3 survivors (3072K)
 Metaspace       used 58904K, committed 59520K, reserved 479232K
  class space    used 8157K, committed 8448K, reserved 421888K
GC Heap History (20 events):
Event: 187.136 GC heap before
{Heap before GC invocations=12 (full 0):
 garbage-first heap   total 81920K, used 64395K [0x0000000080000000, 0x0000000100000000)
  region size 1024K, 33 young (33792K), 2 survivors (2048K)
 Metaspace       used 38983K, committed 39552K, reserved 462848K
  class space    used 5368K, committed 5632K, reserved 421888K
}
Event: 187.143 GC heap after
{Heap after GC invocations=13 (full 0):
 garbage-first heap   total 81920K, used 35028K [0x0000000080000000, 0x0000000100000000)
  region size 1024K, 5 young (5120K), 5 survivors (5120K)
 Metaspace       used 38983K, committed 39552K, reserved 462848K
  class space    used 5368K, committed 5632K, reserved 421888K
}
Event: 190.882 GC heap before
{Heap before GC invocations=13 (full 0):
 garbage-first heap   total 81920K, used 67796K [0x0000000080000000, 0x0000000100000000)
  region size 1024K, 34 young (34816K), 5 survivors (5120K)
 Metaspace       used 41533K, committed 42048K, reserved 462848K
  class space    used 5698K, committed 5888K, reserved 421888K
}
Event: 190.889 GC heap after
{Heap after GC invocations=14 (full 0):
 garbage-first heap   total 81920K, used 41980K [0x0000000080000000, 0x0000000100000000)
  region size 1024K, 5 young (5120K), 5 survivors (5120K)
 Metaspace       used 41533K, committed 42048K, reserved 462848K
  class space    used 5698K, committed 5888K, reserved 421888K
}
Event: 193.146 GC heap before
{Heap before GC invocations=14 (full 0):
 garbage-first heap   total 81920K, used 65532K [0x0000000080000000, 0x0000000100000000)
  region size 1024K, 28 young (28672K), 5 survivors (5120K)
 Metaspace       used 44896K, committed 45504K, reserved 462848K
  class space    used 6213K, committed 6464K, reserved 421888K
}
Event: 193.153 GC heap after
{Heap after GC invocations=15 (full 0):
 garbage-first heap   total 81920K, used 43516K [0x0000000080000000, 0x0000000100000000)
  region size 1024K, 2 young (2048K), 2 survivors (2048K)
 Metaspace       used 44896K, committed 45504K, reserved 462848K
  class space    used 6213K, committed 6464K, reserved 421888K
}
Event: 196.485 GC heap before
{Heap before GC invocations=15 (full 0):
 garbage-first heap   total 81920K, used 66044K [0x0000000080000000, 0x0000000100000000)
  region size 1024K, 24 young (24576K), 2 survivors (2048K)
 Metaspace       used 47436K, committed 48000K, reserved 471040K
  class space    used 6578K, committed 6848K, reserved 421888K
}
Event: 196.489 GC heap after
{Heap after GC invocations=16 (full 0):
 garbage-first heap   total 81920K, used 44319K [0x0000000080000000, 0x0000000100000000)
  region size 1024K, 3 young (3072K), 3 survivors (3072K)
 Metaspace       used 47436K, committed 48000K, reserved 471040K
  class space    used 6578K, committed 6848K, reserved 421888K
}
Event: 199.058 GC heap before
{Heap before GC invocations=17 (full 0):
 garbage-first heap   total 81920K, used 66847K [0x0000000080000000, 0x0000000100000000)
  region size 1024K, 25 young (25600K), 3 survivors (3072K)
 Metaspace       used 50335K, committed 50880K, reserved 471040K
  class space    used 6996K, committed 7232K, reserved 421888K
}
Event: 199.063 GC heap after
{Heap after GC invocations=18 (full 0):
 garbage-first heap   total 81920K, used 45215K [0x0000000080000000, 0x0000000100000000)
  region size 1024K, 2 young (2048K), 2 survivors (2048K)
 Metaspace       used 50335K, committed 50880K, reserved 471040K
  class space    used 6996K, committed 7232K, reserved 421888K
}
Event: 201.383 GC heap before
{Heap before GC invocations=18 (full 0):
 garbage-first heap   total 81920K, used 66719K [0x0000000080000000, 0x0000000100000000)
  region size 1024K, 24 young (24576K), 2 survivors (2048K)
 Metaspace       used 51949K, committed 52544K, reserved 471040K
  class space    used 7171K, committed 7424K, reserved 421888K
}
Event: 201.391 GC heap after
{Heap after GC invocations=19 (full 0):
 garbage-first heap   total 81920K, used 48183K [0x0000000080000000, 0x0000000100000000)
  region size 1024K, 3 young (3072K), 3 survivors (3072K)
 Metaspace       used 51949K, committed 52544K, reserved 471040K
  class space    used 7171K, committed 7424K, reserved 421888K
}
Event: 203.116 GC heap before
{Heap before GC invocations=20 (full 0):
 garbage-first heap   total 86016K, used 64567K [0x0000000080000000, 0x0000000100000000)
  region size 1024K, 20 young (20480K), 3 survivors (3072K)
 Metaspace       used 53686K, committed 54272K, reserved 471040K
  class space    used 7425K, committed 7680K, reserved 421888K
}
Event: 203.121 GC heap after
{Heap after GC invocations=21 (full 0):
 garbage-first heap   total 86016K, used 48969K [0x0000000080000000, 0x0000000100000000)
  region size 1024K, 2 young (2048K), 2 survivors (2048K)
 Metaspace       used 53686K, committed 54272K, reserved 471040K
  class space    used 7425K, committed 7680K, reserved 421888K
}
Event: 205.693 GC heap before
{Heap before GC invocations=21 (full 0):
 garbage-first heap   total 86016K, used 70473K [0x0000000080000000, 0x0000000100000000)
  region size 1024K, 23 young (23552K), 2 survivors (2048K)
 Metaspace       used 54735K, committed 55424K, reserved 471040K
  class space    used 7588K, committed 7872K, reserved 421888K
}
Event: 205.699 GC heap after
{Heap after GC invocations=22 (full 0):
 garbage-first heap   total 86016K, used 50623K [0x0000000080000000, 0x0000000100000000)
  region size 1024K, 3 young (3072K), 3 survivors (3072K)
 Metaspace       used 54735K, committed 55424K, reserved 471040K
  class space    used 7588K, committed 7872K, reserved 421888K
}
Event: 210.593 GC heap before
{Heap before GC invocations=23 (full 0):
 garbage-first heap   total 91136K, used 68031K [0x0000000080000000, 0x0000000100000000)
  region size 1024K, 21 young (21504K), 3 survivors (3072K)
 Metaspace       used 55948K, committed 56576K, reserved 471040K
  class space    used 7769K, committed 8064K, reserved 421888K
}
Event: 210.601 GC heap after
{Heap after GC invocations=24 (full 0):
 garbage-first heap   total 91136K, used 52396K [0x0000000080000000, 0x0000000100000000)
  region size 1024K, 3 young (3072K), 3 survivors (3072K)
 Metaspace       used 55948K, committed 56576K, reserved 471040K
  class space    used 7769K, committed 8064K, reserved 421888K
}
Event: 213.993 GC heap before
{Heap before GC invocations=24 (full 0):
 garbage-first heap   total 91136K, used 72876K [0x0000000080000000, 0x0000000100000000)
  region size 1024K, 24 young (24576K), 3 survivors (3072K)
 Metaspace       used 58072K, committed 58688K, reserved 479232K
  class space    used 8027K, committed 8320K, reserved 421888K
}
Event: 214.001 GC heap after
{Heap after GC invocations=25 (full 0):
 garbage-first heap   total 91136K, used 54312K [0x0000000080000000, 0x0000000100000000)
  region size 1024K, 3 young (3072K), 3 survivors (3072K)
 Metaspace       used 58072K, committed 58688K, reserved 479232K
  class space    used 8027K, committed 8320K, reserved 421888K
}

