# JRE version: Java(TM) SE Runtime Environment (17.0.7+8) (build 17.0.7+8-LTS-224)
# Java VM: Java HotSpot(TM) 64-Bit Server VM (17.0.7+8-LTS-224, mixed mode, sharing, tiered, compressed oops, compressed class ptrs, g1 gc, windows-amd64)
GC Precious Log:
 CPUs: 4 total, 4 available
 Memory: 16263M
 Large Page Support: Disabled
 NUMA Support: Disabled
 Compressed Oops: Enabled (32-bit)
 Heap Region Size: 1M
 Heap Min Capacity: 8M
 Heap Initial Capacity: 256M
 Heap Max Capacity: 2G
 Pre-touch: Disabled
 Parallel Workers: 4
 Concurrent Workers: 1
 Concurrent Refinement Workers: 4
 Periodic GC: Disabled
Heap:
 garbage-first heap   total 102400K, used 78538K [0x0000000080000000, 0x0000000100000000)
  region size 1024K, 14 young (14336K), 1 survivors (1024K)
 Metaspace       used 59823K, committed 60544K, reserved 479232K
  class space    used 8285K, committed 8640K, reserved 421888K
GC Heap History (20 events):
Event: 130.275 GC heap before
{Heap before GC invocations=24 (full 0):
 garbage-first heap   total 81920K, used 64315K [0x0000000080000000, 0x0000000100000000)
  region size 1024K, 19 young (19456K), 2 survivors (2048K)
 Metaspace       used 51847K, committed 52416K, reserved 471040K
  class space    used 7166K, committed 7424K, reserved 421888K
}
Event: 130.280 GC heap after
{Heap after GC invocations=25 (full 0):
 garbage-first heap   total 81920K, used 49293K [0x0000000080000000, 0x0000000100000000)
  region size 1024K, 3 young (3072K), 3 survivors (3072K)
 Metaspace       used 51847K, committed 52416K, reserved 471040K
  class space    used 7166K, committed 7424K, reserved 421888K
}
Event: 132.751 GC heap before
{Heap before GC invocations=25 (full 0):
 garbage-first heap   total 81920K, used 66701K [0x0000000080000000, 0x0000000100000000)
  region size 1024K, 20 young (20480K), 3 survivors (3072K)
 Metaspace       used 53743K, committed 54336K, reserved 471040K
  class space    used 7438K, committed 7680K, reserved 421888K
}
Event: 132.756 GC heap after
{Heap after GC invocations=26 (full 0):
 garbage-first heap   total 81920K, used 50163K [0x0000000080000000, 0x0000000100000000)
  region size 1024K, 2 young (2048K), 2 survivors (2048K)
 Metaspace       used 53743K, committed 54336K, reserved 471040K
  class space    used 7438K, committed 7680K, reserved 421888K
}
Event: 133.685 GC heap before
{Heap before GC invocations=27 (full 0):
 garbage-first heap   total 94208K, used 65523K [0x0000000080000000, 0x0000000100000000)
  region size 1024K, 17 young (17408K), 2 survivors (2048K)
 Metaspace       used 54498K, committed 55104K, reserved 471040K
  class space    used 7569K, committed 7808K, reserved 421888K
}
Event: 133.689 GC heap after
{Heap after GC invocations=28 (full 0):
 garbage-first heap   total 94208K, used 51016K [0x0000000080000000, 0x0000000100000000)
  region size 1024K, 3 young (3072K), 3 survivors (3072K)
 Metaspace       used 54498K, committed 55104K, reserved 471040K
  class space    used 7569K, committed 7808K, reserved 421888K
}
Event: 133.703 GC heap before
{Heap before GC invocations=28 (full 0):
 garbage-first heap   total 94208K, used 52040K [0x0000000080000000, 0x0000000100000000)
  region size 1024K, 4 young (4096K), 3 survivors (3072K)
 Metaspace       used 54559K, committed 55168K, reserved 471040K
  class space    used 7579K, committed 7808K, reserved 421888K
}
Event: 133.707 GC heap after
{Heap after GC invocations=29 (full 0):
 garbage-first heap   total 94208K, used 50461K [0x0000000080000000, 0x0000000100000000)
  region size 1024K, 1 young (1024K), 1 survivors (1024K)
 Metaspace       used 54559K, committed 55168K, reserved 471040K
  class space    used 7579K, committed 7808K, reserved 421888K
}
Event: 136.281 GC heap before
{Heap before GC invocations=29 (full 0):
 garbage-first heap   total 94208K, used 74013K [0x0000000080000000, 0x0000000100000000)
  region size 1024K, 24 young (24576K), 1 survivors (1024K)
 Metaspace       used 56140K, committed 56832K, reserved 471040K
  class space    used 7817K, committed 8128K, reserved 421888K
}
Event: 136.287 GC heap after
{Heap after GC invocations=30 (full 0):
 garbage-first heap   total 94208K, used 53834K [0x0000000080000000, 0x0000000100000000)
  region size 1024K, 3 young (3072K), 3 survivors (3072K)
 Metaspace       used 56140K, committed 56832K, reserved 471040K
  class space    used 7817K, committed 8128K, reserved 421888K
}
Event: 139.208 GC heap before
{Heap before GC invocations=31 (full 0):
 garbage-first heap   total 94208K, used 74314K [0x0000000080000000, 0x0000000100000000)
  region size 1024K, 24 young (24576K), 3 survivors (3072K)
 Metaspace       used 58179K, committed 58880K, reserved 479232K
  class space    used 8050K, committed 8384K, reserved 421888K
}
Event: 139.219 GC heap after
{Heap after GC invocations=32 (full 0):
 garbage-first heap   total 94208K, used 56042K [0x0000000080000000, 0x0000000100000000)
  region size 1024K, 3 young (3072K), 3 survivors (3072K)
 Metaspace       used 58179K, committed 58880K, reserved 479232K
  class space    used 8050K, committed 8384K, reserved 421888K
}
Event: 139.243 GC heap before
{Heap before GC invocations=32 (full 0):
 garbage-first heap   total 94208K, used 57066K [0x0000000080000000, 0x0000000100000000)
  region size 1024K, 4 young (4096K), 3 survivors (3072K)
 Metaspace       used 58278K, committed 58944K, reserved 479232K
  class space    used 8063K, committed 8384K, reserved 421888K
}
Event: 139.247 GC heap after
{Heap after GC invocations=33 (full 0):
 garbage-first heap   total 94208K, used 55438K [0x0000000080000000, 0x0000000100000000)
  region size 1024K, 1 young (1024K), 1 survivors (1024K)
 Metaspace       used 58278K, committed 58944K, reserved 479232K
  class space    used 8063K, committed 8384K, reserved 421888K
}
Event: 145.281 GC heap before
{Heap before GC invocations=33 (full 0):
 garbage-first heap   total 94208K, used 73870K [0x0000000080000000, 0x0000000100000000)
  region size 1024K, 20 young (20480K), 1 survivors (1024K)
 Metaspace       used 59301K, committed 59968K, reserved 479232K
  class space    used 8213K, committed 8512K, reserved 421888K
}
Event: 145.285 GC heap after
{Heap after GC invocations=34 (full 0):
 garbage-first heap   total 94208K, used 56837K [0x0000000080000000, 0x0000000100000000)
  region size 1024K, 2 young (2048K), 2 survivors (2048K)
 Metaspace       used 59301K, committed 59968K, reserved 479232K
  class space    used 8213K, committed 8512K, reserved 421888K
}
Event: 148.133 GC heap before
{Heap before GC invocations=35 (full 0):
 garbage-first heap   total 102400K, used 78341K [0x0000000080000000, 0x0000000100000000)
  region size 1024K, 21 young (21504K), 2 survivors (2048K)
 Metaspace       used 59421K, committed 60096K, reserved 479232K
  class space    used 8219K, committed 8512K, reserved 421888K
}
Event: 148.137 GC heap after
{Heap after GC invocations=36 (full 0):
 garbage-first heap   total 102400K, used 63181K [0x0000000080000000, 0x0000000100000000)
  region size 1024K, 3 young (3072K), 3 survivors (3072K)
 Metaspace       used 59421K, committed 60096K, reserved 479232K
  class space    used 8219K, committed 8512K, reserved 421888K
}
Event: 148.192 GC heap before
{Heap before GC invocations=36 (full 0):
 garbage-first heap   total 102400K, used 65229K [0x0000000080000000, 0x0000000100000000)
  region size 1024K, 5 young (5120K), 3 survivors (3072K)
 Metaspace       used 59421K, committed 60096K, reserved 479232K
  class space    used 8219K, committed 8512K, reserved 421888K
}
Event: 148.195 GC heap after
{Heap after GC invocations=37 (full 0):
 garbage-first heap   total 102400K, used 64202K [0x0000000080000000, 0x0000000100000000)
  region size 1024K, 1 young (1024K), 1 survivors (1024K)
 Metaspace       used 59421K, committed 60096K, reserved 479232K
  class space    used 8219K, committed 8512K, reserved 421888K
}

