# JRE version: Java(TM) SE Runtime Environment (17.0.7+8) (build 17.0.7+8-LTS-224)
# Java VM: Java HotSpot(TM) 64-Bit Server VM (17.0.7+8-LTS-224, mixed mode, sharing, tiered, compressed oops, compressed class ptrs, g1 gc, windows-amd64)
GC Precious Log:
 CPUs: 4 total, 4 available
 Memory: 16263M
 Large Page Support: Disabled
 NUMA Support: Disabled
 Compressed Oops: Enabled (32-bit)
 Heap Region Size: 1M
 Heap Min Capacity: 8M
 Heap Initial Capacity: 256M
 Heap Max Capacity: 2G
 Pre-touch: Disabled
 Parallel Workers: 4
 Concurrent Workers: 1
 Concurrent Refinement Workers: 4
 Periodic GC: Disabled
Heap:
 garbage-first heap   total 116736K, used 67644K [0x0000000080000000, 0x0000000100000000)
  region size 1024K, 3 young (3072K), 2 survivors (2048K)
 Metaspace       used 59804K, committed 60480K, reserved 479232K
  class space    used 8260K, committed 8576K, reserved 421888K
GC Heap History (20 events):
Event: 231.006 GC heap before
{Heap before GC invocations=20 (full 0):
 garbage-first heap   total 83968K, used 66004K [0x0000000080000000, 0x0000000100000000)
  region size 1024K, 21 young (21504K), 3 survivors (3072K)
 Metaspace       used 53709K, committed 54336K, reserved 471040K
  class space    used 7423K, committed 7680K, reserved 421888K
}
Event: 231.011 GC heap after
{Heap after GC invocations=21 (full 0):
 garbage-first heap   total 83968K, used 48078K [0x0000000080000000, 0x0000000100000000)
  region size 1024K, 2 young (2048K), 2 survivors (2048K)
 Metaspace       used 53709K, committed 54336K, reserved 471040K
  class space    used 7423K, committed 7680K, reserved 421888K
}
Event: 233.416 GC heap before
{Heap before GC invocations=21 (full 0):
 garbage-first heap   total 83968K, used 67534K [0x0000000080000000, 0x0000000100000000)
  region size 1024K, 21 young (21504K), 2 survivors (2048K)
 Metaspace       used 54678K, committed 55296K, reserved 471040K
  class space    used 7585K, committed 7872K, reserved 421888K
}
Event: 233.421 GC heap after
{Heap after GC invocations=22 (full 0):
 garbage-first heap   total 83968K, used 49578K [0x0000000080000000, 0x0000000100000000)
  region size 1024K, 3 young (3072K), 3 survivors (3072K)
 Metaspace       used 54678K, committed 55296K, reserved 471040K
  class space    used 7585K, committed 7872K, reserved 421888K
}
Event: 239.896 GC heap before
{Heap before GC invocations=23 (full 0):
 garbage-first heap   total 86016K, used 66986K [0x0000000080000000, 0x0000000100000000)
  region size 1024K, 21 young (21504K), 3 survivors (3072K)
 Metaspace       used 55612K, committed 56256K, reserved 471040K
  class space    used 7699K, committed 8000K, reserved 421888K
}
Event: 239.906 GC heap after
{Heap after GC invocations=24 (full 0):
 garbage-first heap   total 86016K, used 50777K [0x0000000080000000, 0x0000000100000000)
  region size 1024K, 2 young (2048K), 2 survivors (2048K)
 Metaspace       used 55612K, committed 56256K, reserved 471040K
  class space    used 7699K, committed 8000K, reserved 421888K
}
Event: 243.764 GC heap before
{Heap before GC invocations=24 (full 0):
 garbage-first heap   total 86016K, used 68185K [0x0000000080000000, 0x0000000100000000)
  region size 1024K, 20 young (20480K), 2 survivors (2048K)
 Metaspace       used 57464K, committed 58176K, reserved 479232K
  class space    used 7972K, committed 8320K, reserved 421888K
}
Event: 243.769 GC heap after
{Heap after GC invocations=25 (full 0):
 garbage-first heap   total 86016K, used 53212K [0x0000000080000000, 0x0000000100000000)
  region size 1024K, 3 young (3072K), 3 survivors (3072K)
 Metaspace       used 57464K, committed 58176K, reserved 479232K
  class space    used 7972K, committed 8320K, reserved 421888K
}
Event: 247.527 GC heap before
{Heap before GC invocations=26 (full 0):
 garbage-first heap   total 92160K, used 70620K [0x0000000080000000, 0x0000000100000000)
  region size 1024K, 20 young (20480K), 3 survivors (3072K)
 Metaspace       used 58860K, committed 59520K, reserved 479232K
  class space    used 8137K, committed 8448K, reserved 421888K
}
Event: 247.535 GC heap after
{Heap after GC invocations=27 (full 0):
 garbage-first heap   total 92160K, used 56528K [0x0000000080000000, 0x0000000100000000)
  region size 1024K, 3 young (3072K), 3 survivors (3072K)
 Metaspace       used 58860K, committed 59520K, reserved 479232K
  class space    used 8137K, committed 8448K, reserved 421888K
}
Event: 260.535 GC heap before
{Heap before GC invocations=27 (full 0):
 garbage-first heap   total 92160K, used 72912K [0x0000000080000000, 0x0000000100000000)
  region size 1024K, 20 young (20480K), 3 survivors (3072K)
 Metaspace       used 59390K, committed 60096K, reserved 479232K
  class space    used 8200K, committed 8512K, reserved 421888K
}
Event: 260.541 GC heap after
{Heap after GC invocations=28 (full 0):
 garbage-first heap   total 92160K, used 58156K [0x0000000080000000, 0x0000000100000000)
  region size 1024K, 3 young (3072K), 3 survivors (3072K)
 Metaspace       used 59390K, committed 60096K, reserved 479232K
  class space    used 8200K, committed 8512K, reserved 421888K
}
Event: 277.555 GC heap before
{Heap before GC invocations=29 (full 0):
 garbage-first heap   total 104448K, used 76588K [0x0000000080000000, 0x0000000100000000)
  region size 1024K, 19 young (19456K), 3 survivors (3072K)
 Metaspace       used 59470K, committed 60096K, reserved 479232K
  class space    used 8206K, committed 8512K, reserved 421888K
}
Event: 277.559 GC heap after
{Heap after GC invocations=30 (full 0):
 garbage-first heap   total 104448K, used 62679K [0x0000000080000000, 0x0000000100000000)
  region size 1024K, 3 young (3072K), 3 survivors (3072K)
 Metaspace       used 59470K, committed 60096K, reserved 479232K
  class space    used 8206K, committed 8512K, reserved 421888K
}
Event: 277.904 GC heap before
{Heap before GC invocations=30 (full 0):
 garbage-first heap   total 104448K, used 63703K [0x0000000080000000, 0x0000000100000000)
  region size 1024K, 5 young (5120K), 3 survivors (3072K)
 Metaspace       used 59470K, committed 60096K, reserved 479232K
  class space    used 8206K, committed 8512K, reserved 421888K
}
Event: 277.906 GC heap after
{Heap after GC invocations=31 (full 0):
 garbage-first heap   total 104448K, used 62862K [0x0000000080000000, 0x0000000100000000)
  region size 1024K, 1 young (1024K), 1 survivors (1024K)
 Metaspace       used 59470K, committed 60096K, reserved 479232K
  class space    used 8206K, committed 8512K, reserved 421888K
}
Event: 278.218 GC heap before
{Heap before GC invocations=31 (full 0):
 garbage-first heap   total 104448K, used 63886K [0x0000000080000000, 0x0000000100000000)
  region size 1024K, 3 young (3072K), 1 survivors (1024K)
 Metaspace       used 59470K, committed 60096K, reserved 479232K
  class space    used 8206K, committed 8512K, reserved 421888K
}
Event: 278.219 GC heap after
{Heap after GC invocations=32 (full 0):
 garbage-first heap   total 104448K, used 63725K [0x0000000080000000, 0x0000000100000000)
  region size 1024K, 2 young (2048K), 2 survivors (2048K)
 Metaspace       used 59470K, committed 60096K, reserved 479232K
  class space    used 8206K, committed 8512K, reserved 421888K
}
Event: 359.247 GC heap before
{Heap before GC invocations=33 (full 0):
 garbage-first heap   total 116736K, used 79085K [0x0000000080000000, 0x0000000100000000)
  region size 1024K, 15 young (15360K), 2 survivors (2048K)
 Metaspace       used 59729K, committed 60416K, reserved 479232K
  class space    used 8243K, committed 8576K, reserved 421888K
}
Event: 359.251 GC heap after
{Heap after GC invocations=34 (full 0):
 garbage-first heap   total 116736K, used 67644K [0x0000000080000000, 0x0000000100000000)
  region size 1024K, 2 young (2048K), 2 survivors (2048K)
 Metaspace       used 59729K, committed 60416K, reserved 479232K
  class space    used 8243K, committed 8576K, reserved 421888K
}

