# JRE version: Java(TM) SE Runtime Environment (17.0.7+8) (build 17.0.7+8-LTS-224)
# Java VM: Java HotSpot(TM) 64-Bit Server VM (17.0.7+8-LTS-224, mixed mode, sharing, tiered, compressed oops, compressed class ptrs, g1 gc, windows-amd64)
GC Precious Log:
 CPUs: 4 total, 4 available
 Memory: 16263M
 Large Page Support: Disabled
 NUMA Support: Disabled
 Compressed Oops: Enabled (32-bit)
 Heap Region Size: 1M
 Heap Min Capacity: 8M
 Heap Initial Capacity: 256M
 Heap Max Capacity: 2G
 Pre-touch: Disabled
 Parallel Workers: 4
 Concurrent Workers: 1
 Concurrent Refinement Workers: 4
 Periodic GC: Disabled
Heap:
 garbage-first heap   total 71680K, used 33714K [0x0000000080000000, 0x0000000100000000)
  region size 1024K, 8 young (8192K), 2 survivors (2048K)
 Metaspace       used 31592K, committed 32000K, reserved 454656K
  class space    used 4324K, committed 4544K, reserved 421888K
GC Heap History (14 events):
Event: 10.817 GC heap before
{Heap before GC invocations=0 (full 0):
 garbage-first heap   total 262144K, used 15360K [0x0000000080000000, 0x0000000100000000)
  region size 1024K, 13 young (13312K), 0 survivors (0K)
 Metaspace       used 947K, committed 1088K, reserved 430080K
  class space    used 73K, committed 128K, reserved 421888K
}
Event: 12.464 GC heap after
{Heap after GC invocations=1 (full 0):
 garbage-first heap   total 262144K, used 3972K [0x0000000080000000, 0x0000000100000000)
  region size 1024K, 2 young (2048K), 2 survivors (2048K)
 Metaspace       used 947K, committed 1088K, reserved 430080K
  class space    used 73K, committed 128K, reserved 421888K
}
Event: 14.958 GC heap before
{Heap before GC invocations=1 (full 0):
 garbage-first heap   total 262144K, used 20356K [0x0000000080000000, 0x0000000100000000)
  region size 1024K, 16 young (16384K), 2 survivors (2048K)
 Metaspace       used 3767K, committed 3968K, reserved 430080K
  class space    used 472K, committed 576K, reserved 421888K
}
Event: 14.961 GC heap after
{Heap after GC invocations=2 (full 0):
 garbage-first heap   total 262144K, used 9216K [0x0000000080000000, 0x0000000100000000)
  region size 1024K, 2 young (2048K), 2 survivors (2048K)
 Metaspace       used 3767K, committed 3968K, reserved 430080K
  class space    used 472K, committed 576K, reserved 421888K
}
Event: 17.493 GC heap before
{Heap before GC invocations=2 (full 0):
 garbage-first heap   total 262144K, used 30720K [0x0000000080000000, 0x0000000100000000)
  region size 1024K, 23 young (23552K), 2 survivors (2048K)
 Metaspace       used 3890K, committed 4096K, reserved 430080K
  class space    used 473K, committed 576K, reserved 421888K
}
Event: 17.496 GC heap after
{Heap after GC invocations=3 (full 0):
 garbage-first heap   total 262144K, used 12660K [0x0000000080000000, 0x0000000100000000)
  region size 1024K, 3 young (3072K), 3 survivors (3072K)
 Metaspace       used 3890K, committed 4096K, reserved 430080K
  class space    used 473K, committed 576K, reserved 421888K
}
Event: 34.559 GC heap before
{Heap before GC invocations=3 (full 0):
 garbage-first heap   total 262144K, used 115060K [0x0000000080000000, 0x0000000100000000)
  region size 1024K, 104 young (106496K), 3 survivors (3072K)
 Metaspace       used 21204K, committed 21504K, reserved 446464K
  class space    used 3116K, committed 3264K, reserved 421888K
}
Event: 34.573 GC heap after
{Heap after GC invocations=4 (full 0):
 garbage-first heap   total 262144K, used 20597K [0x0000000080000000, 0x0000000100000000)
  region size 1024K, 11 young (11264K), 11 survivors (11264K)
 Metaspace       used 21204K, committed 21504K, reserved 446464K
  class space    used 3116K, committed 3264K, reserved 421888K
}
Event: 37.832 GC heap before
{Heap before GC invocations=5 (full 0):
 garbage-first heap   total 71680K, used 51317K [0x0000000080000000, 0x0000000100000000)
  region size 1024K, 42 young (43008K), 11 survivors (11264K)
 Metaspace       used 27844K, committed 28160K, reserved 454656K
  class space    used 3873K, committed 4032K, reserved 421888K
}
Event: 37.849 GC heap after
{Heap after GC invocations=6 (full 0):
 garbage-first heap   total 71680K, used 24910K [0x0000000080000000, 0x0000000100000000)
  region size 1024K, 5 young (5120K), 5 survivors (5120K)
 Metaspace       used 27844K, committed 28160K, reserved 454656K
  class space    used 3873K, committed 4032K, reserved 421888K
}
Event: 44.070 GC heap before
{Heap before GC invocations=6 (full 0):
 garbage-first heap   total 71680K, used 53582K [0x0000000080000000, 0x0000000100000000)
  region size 1024K, 31 young (31744K), 5 survivors (5120K)
 Metaspace       used 30057K, committed 30400K, reserved 454656K
  class space    used 4105K, committed 4288K, reserved 421888K
}
Event: 44.076 GC heap after
{Heap after GC invocations=7 (full 0):
 garbage-first heap   total 71680K, used 26390K [0x0000000080000000, 0x0000000100000000)
  region size 1024K, 3 young (3072K), 3 survivors (3072K)
 Metaspace       used 30057K, committed 30400K, reserved 454656K
  class space    used 4105K, committed 4288K, reserved 421888K
}
Event: 61.670 GC heap before
{Heap before GC invocations=7 (full 0):
 garbage-first heap   total 71680K, used 53014K [0x0000000080000000, 0x0000000100000000)
  region size 1024K, 29 young (29696K), 3 survivors (3072K)
 Metaspace       used 31417K, committed 31808K, reserved 454656K
  class space    used 4298K, committed 4480K, reserved 421888K
}
Event: 61.676 GC heap after
{Heap after GC invocations=8 (full 0):
 garbage-first heap   total 71680K, used 28594K [0x0000000080000000, 0x0000000100000000)
  region size 1024K, 2 young (2048K), 2 survivors (2048K)
 Metaspace       used 31417K, committed 31808K, reserved 454656K
  class space    used 4298K, committed 4480K, reserved 421888K
}

