# JRE version: Java(TM) SE Runtime Environment (17.0.7+8) (build 17.0.7+8-LTS-224)
# Java VM: Java HotSpot(TM) 64-Bit Server VM (17.0.7+8-LTS-224, mixed mode, sharing, tiered, compressed oops, compressed class ptrs, g1 gc, windows-amd64)
GC Precious Log:
 CPUs: 4 total, 4 available
 Memory: 16263M
 Large Page Support: Disabled
 NUMA Support: Disabled
 Compressed Oops: Enabled (32-bit)
 Heap Region Size: 1M
 Heap Min Capacity: 8M
 Heap Initial Capacity: 256M
 Heap Max Capacity: 2G
 Pre-touch: Disabled
 Parallel Workers: 4
 Concurrent Workers: 1
 Concurrent Refinement Workers: 4
 Periodic GC: Disabled
Heap:
 garbage-first heap   total 527360K, used 343964K [0x0000000080000000, 0x0000000100000000)
  region size 1024K, 37 young (37888K), 12 survivors (12288K)
 Metaspace       used 116354K, committed 118528K, reserved 528384K
  class space    used 15710K, committed 16704K, reserved 421888K
GC Heap History (20 events):
Event: 806.460 GC heap before
{Heap before GC invocations=89 (full 0):
 garbage-first heap   total 419840K, used 329449K [0x0000000080000000, 0x0000000100000000)
  region size 1024K, 80 young (81920K), 3 survivors (3072K)
 Metaspace       used 109143K, committed 111104K, reserved 520192K
  class space    used 14957K, committed 15872K, reserved 421888K
}
Event: 806.509 GC heap after
{Heap after GC invocations=90 (full 0):
 garbage-first heap   total 419840K, used 266020K [0x0000000080000000, 0x0000000100000000)
  region size 1024K, 10 young (10240K), 10 survivors (10240K)
 Metaspace       used 109143K, committed 111104K, reserved 520192K
  class space    used 14957K, committed 15872K, reserved 421888K
}
Event: 815.160 GC heap before
{Heap before GC invocations=90 (full 0):
 garbage-first heap   total 419840K, used 336676K [0x0000000080000000, 0x0000000100000000)
  region size 1024K, 79 young (80896K), 10 survivors (10240K)
 Metaspace       used 109332K, committed 111296K, reserved 520192K
  class space    used 14962K, committed 15872K, reserved 421888K
}
Event: 815.186 GC heap after
{Heap after GC invocations=91 (full 0):
 garbage-first heap   total 419840K, used 276060K [0x0000000080000000, 0x0000000100000000)
  region size 1024K, 9 young (9216K), 9 survivors (9216K)
 Metaspace       used 109332K, committed 111296K, reserved 520192K
  class space    used 14962K, committed 15872K, reserved 421888K
}
Event: 820.160 GC heap before
{Heap before GC invocations=91 (full 0):
 garbage-first heap   total 419840K, used 342620K [0x0000000080000000, 0x0000000100000000)
  region size 1024K, 74 young (75776K), 9 survivors (9216K)
 Metaspace       used 109914K, committed 111872K, reserved 520192K
  class space    used 15031K, committed 15936K, reserved 421888K
}
Event: 820.181 GC heap after
{Heap after GC invocations=92 (full 0):
 garbage-first heap   total 419840K, used 282967K [0x0000000080000000, 0x0000000100000000)
  region size 1024K, 8 young (8192K), 8 survivors (8192K)
 Metaspace       used 109914K, committed 111872K, reserved 520192K
  class space    used 15031K, committed 15936K, reserved 421888K
}
Event: 826.834 GC heap before
{Heap before GC invocations=92 (full 0):
 garbage-first heap   total 419840K, used 347479K [0x0000000080000000, 0x0000000100000000)
  region size 1024K, 71 young (72704K), 8 survivors (8192K)
 Metaspace       used 111426K, committed 113536K, reserved 520192K
  class space    used 15223K, committed 16192K, reserved 421888K
}
Event: 826.857 GC heap after
{Heap after GC invocations=93 (full 0):
 garbage-first heap   total 419840K, used 292244K [0x0000000080000000, 0x0000000100000000)
  region size 1024K, 9 young (9216K), 9 survivors (9216K)
 Metaspace       used 111426K, committed 113536K, reserved 520192K
  class space    used 15223K, committed 16192K, reserved 421888K
}
Event: 832.195 GC heap before
{Heap before GC invocations=93 (full 0):
 garbage-first heap   total 419840K, used 350612K [0x0000000080000000, 0x0000000100000000)
  region size 1024K, 66 young (67584K), 9 survivors (9216K)
 Metaspace       used 112322K, committed 114432K, reserved 528384K
  class space    used 15326K, committed 16320K, reserved 421888K
}
Event: 832.222 GC heap after
{Heap after GC invocations=94 (full 0):
 garbage-first heap   total 419840K, used 301169K [0x0000000080000000, 0x0000000100000000)
  region size 1024K, 9 young (9216K), 9 survivors (9216K)
 Metaspace       used 112322K, committed 114432K, reserved 528384K
  class space    used 15326K, committed 16320K, reserved 421888K
}
Event: 836.480 GC heap before
{Heap before GC invocations=94 (full 0):
 garbage-first heap   total 419840K, used 353393K [0x0000000080000000, 0x0000000100000000)
  region size 1024K, 61 young (62464K), 9 survivors (9216K)
 Metaspace       used 112644K, committed 114816K, reserved 528384K
  class space    used 15360K, committed 16384K, reserved 421888K
}
Event: 836.503 GC heap after
{Heap after GC invocations=95 (full 0):
 garbage-first heap   total 419840K, used 307867K [0x0000000080000000, 0x0000000100000000)
  region size 1024K, 7 young (7168K), 7 survivors (7168K)
 Metaspace       used 112644K, committed 114816K, reserved 528384K
  class space    used 15360K, committed 16384K, reserved 421888K
}
Event: 867.566 GC heap before
{Heap before GC invocations=96 (full 0):
 garbage-first heap   total 527360K, used 348827K [0x0000000080000000, 0x0000000100000000)
  region size 1024K, 47 young (48128K), 7 survivors (7168K)
 Metaspace       used 114527K, committed 116736K, reserved 528384K
  class space    used 15508K, committed 16512K, reserved 421888K
}
Event: 867.587 GC heap after
{Heap after GC invocations=97 (full 0):
 garbage-first heap   total 527360K, used 314155K [0x0000000080000000, 0x0000000100000000)
  region size 1024K, 6 young (6144K), 6 survivors (6144K)
 Metaspace       used 114527K, committed 116736K, reserved 528384K
  class space    used 15508K, committed 16512K, reserved 421888K
}
Event: 869.713 GC heap before
{Heap before GC invocations=97 (full 0):
 garbage-first heap   total 527360K, used 332587K [0x0000000080000000, 0x0000000100000000)
  region size 1024K, 25 young (25600K), 6 survivors (6144K)
 Metaspace       used 114782K, committed 116992K, reserved 528384K
  class space    used 15547K, committed 16512K, reserved 421888K
}
Event: 869.729 GC heap after
{Heap after GC invocations=98 (full 0):
 garbage-first heap   total 527360K, used 312266K [0x0000000080000000, 0x0000000100000000)
  region size 1024K, 4 young (4096K), 4 survivors (4096K)
 Metaspace       used 114782K, committed 116992K, reserved 528384K
  class space    used 15547K, committed 16512K, reserved 421888K
}
Event: 888.869 GC heap before
{Heap before GC invocations=98 (full 0):
 garbage-first heap   total 527360K, used 424906K [0x0000000080000000, 0x0000000100000000)
  region size 1024K, 115 young (117760K), 4 survivors (4096K)
 Metaspace       used 115959K, committed 118080K, reserved 528384K
  class space    used 15686K, committed 16640K, reserved 421888K
}
Event: 888.880 GC heap after
{Heap after GC invocations=99 (full 0):
 garbage-first heap   total 527360K, used 315963K [0x0000000080000000, 0x0000000100000000)
  region size 1024K, 8 young (8192K), 8 survivors (8192K)
 Metaspace       used 115959K, committed 118080K, reserved 528384K
  class space    used 15686K, committed 16640K, reserved 421888K
}
Event: 950.228 GC heap before
{Heap before GC invocations=99 (full 0):
 garbage-first heap   total 527360K, used 431675K [0x0000000080000000, 0x0000000100000000)
  region size 1024K, 122 young (124928K), 8 survivors (8192K)
 Metaspace       used 116312K, committed 118528K, reserved 528384K
  class space    used 15706K, committed 16704K, reserved 421888K
}
Event: 950.241 GC heap after
{Heap after GC invocations=100 (full 0):
 garbage-first heap   total 527360K, used 320412K [0x0000000080000000, 0x0000000100000000)
  region size 1024K, 12 young (12288K), 12 survivors (12288K)
 Metaspace       used 116312K, committed 118528K, reserved 528384K
  class space    used 15706K, committed 16704K, reserved 421888K
}

