# JRE version: Java(TM) SE Runtime Environment (17.0.7+8) (build 17.0.7+8-LTS-224)
# Java VM: Java HotSpot(TM) 64-Bit Server VM (17.0.7+8-LTS-224, mixed mode, sharing, tiered, compressed oops, compressed class ptrs, g1 gc, windows-amd64)
GC Precious Log:
 CPUs: 4 total, 4 available
 Memory: 16263M
 Large Page Support: Disabled
 NUMA Support: Disabled
 Compressed Oops: Enabled (32-bit)
 Heap Region Size: 1M
 Heap Min Capacity: 8M
 Heap Initial Capacity: 256M
 Heap Max Capacity: 2G
 Pre-touch: Disabled
 Parallel Workers: 4
 Concurrent Workers: 1
 Concurrent Refinement Workers: 4
 Periodic GC: Disabled
Heap:
 garbage-first heap   total 434176K, used 345843K [0x0000000080000000, 0x0000000100000000)
  region size 1024K, 49 young (50176K), 9 survivors (9216K)
 Metaspace       used 118090K, committed 120256K, reserved 528384K
  class space    used 16069K, committed 17024K, reserved 421888K
GC Heap History (20 events):
Event: 514.222 GC heap before
{Heap before GC invocations=86 (full 0):
 garbage-first heap   total 278528K, used 253734K [0x0000000080000000, 0x0000000100000000)
  region size 1024K, 13 young (13312K), 2 survivors (2048K)
 Metaspace       used 103604K, committed 105600K, reserved 520192K
  class space    used 14287K, committed 15168K, reserved 421888K
}
Event: 514.235 GC heap after
{Heap after GC invocations=87 (full 0):
 garbage-first heap   total 278528K, used 246086K [0x0000000080000000, 0x0000000100000000)
  region size 1024K, 2 young (2048K), 2 survivors (2048K)
 Metaspace       used 103604K, committed 105600K, reserved 520192K
  class space    used 14287K, committed 15168K, reserved 421888K
}
Event: 515.587 GC heap before
{Heap before GC invocations=87 (full 0):
 garbage-first heap   total 278528K, used 257350K [0x0000000080000000, 0x0000000100000000)
  region size 1024K, 13 young (13312K), 2 survivors (2048K)
 Metaspace       used 103672K, committed 105664K, reserved 520192K
  class space    used 14291K, committed 15168K, reserved 421888K
}
Event: 515.599 GC heap after
{Heap after GC invocations=88 (full 0):
 garbage-first heap   total 278528K, used 249766K [0x0000000080000000, 0x0000000100000000)
  region size 1024K, 2 young (2048K), 2 survivors (2048K)
 Metaspace       used 103672K, committed 105664K, reserved 520192K
  class space    used 14291K, committed 15168K, reserved 421888K
}
Event: 517.540 GC heap before
{Heap before GC invocations=88 (full 0):
 garbage-first heap   total 278528K, used 261030K [0x0000000080000000, 0x0000000100000000)
  region size 1024K, 13 young (13312K), 2 survivors (2048K)
 Metaspace       used 105783K, committed 107712K, reserved 520192K
  class space    used 14507K, committed 15360K, reserved 421888K
}
Event: 517.548 GC heap after
{Heap after GC invocations=89 (full 0):
 garbage-first heap   total 278528K, used 252240K [0x0000000080000000, 0x0000000100000000)
  region size 1024K, 2 young (2048K), 2 survivors (2048K)
 Metaspace       used 105783K, committed 107712K, reserved 520192K
  class space    used 14507K, committed 15360K, reserved 421888K
}
Event: 521.002 GC heap before
{Heap before GC invocations=90 (full 0):
 garbage-first heap   total 434176K, used 270672K [0x0000000080000000, 0x0000000100000000)
  region size 1024K, 21 young (21504K), 2 survivors (2048K)
 Metaspace       used 105838K, committed 107776K, reserved 520192K
  class space    used 14508K, committed 15360K, reserved 421888K
}
Event: 521.021 GC heap after
{Heap after GC invocations=91 (full 0):
 garbage-first heap   total 434176K, used 257024K [0x0000000080000000, 0x0000000100000000)
  region size 1024K, 3 young (3072K), 3 survivors (3072K)
 Metaspace       used 105838K, committed 107776K, reserved 520192K
  class space    used 14508K, committed 15360K, reserved 421888K
}
Event: 523.887 GC heap before
{Heap before GC invocations=91 (full 0):
 garbage-first heap   total 434176K, used 275456K [0x0000000080000000, 0x0000000100000000)
  region size 1024K, 21 young (21504K), 3 survivors (3072K)
 Metaspace       used 105875K, committed 107840K, reserved 520192K
  class space    used 14509K, committed 15360K, reserved 421888K
}
Event: 523.913 GC heap after
{Heap after GC invocations=92 (full 0):
 garbage-first heap   total 434176K, used 260298K [0x0000000080000000, 0x0000000100000000)
  region size 1024K, 3 young (3072K), 3 survivors (3072K)
 Metaspace       used 105875K, committed 107840K, reserved 520192K
  class space    used 14509K, committed 15360K, reserved 421888K
}
Event: 541.517 GC heap before
{Heap before GC invocations=92 (full 0):
 garbage-first heap   total 434176K, used 337098K [0x0000000080000000, 0x0000000100000000)
  region size 1024K, 78 young (79872K), 3 survivors (3072K)
 Metaspace       used 109358K, committed 111296K, reserved 520192K
  class space    used 14995K, committed 15872K, reserved 421888K
}
Event: 541.541 GC heap after
{Heap after GC invocations=93 (full 0):
 garbage-first heap   total 434176K, used 271100K [0x0000000080000000, 0x0000000100000000)
  region size 1024K, 10 young (10240K), 10 survivors (10240K)
 Metaspace       used 109358K, committed 111296K, reserved 520192K
  class space    used 14995K, committed 15872K, reserved 421888K
}
Event: 553.916 GC heap before
{Heap before GC invocations=93 (full 0):
 garbage-first heap   total 434176K, used 344828K [0x0000000080000000, 0x0000000100000000)
  region size 1024K, 82 young (83968K), 10 survivors (10240K)
 Metaspace       used 111857K, committed 113856K, reserved 520192K
  class space    used 15258K, committed 16192K, reserved 421888K
}
Event: 553.943 GC heap after
{Heap after GC invocations=94 (full 0):
 garbage-first heap   total 434176K, used 281804K [0x0000000080000000, 0x0000000100000000)
  region size 1024K, 10 young (10240K), 10 survivors (10240K)
 Metaspace       used 111857K, committed 113856K, reserved 520192K
  class space    used 15258K, committed 16192K, reserved 421888K
}
Event: 561.778 GC heap before
{Heap before GC invocations=94 (full 0):
 garbage-first heap   total 434176K, used 351436K [0x0000000080000000, 0x0000000100000000)
  region size 1024K, 78 young (79872K), 10 survivors (10240K)
 Metaspace       used 115204K, committed 117248K, reserved 528384K
  class space    used 15700K, committed 16576K, reserved 421888K
}
Event: 561.802 GC heap after
{Heap after GC invocations=95 (full 0):
 garbage-first heap   total 434176K, used 288607K [0x0000000080000000, 0x0000000100000000)
  region size 1024K, 8 young (8192K), 8 survivors (8192K)
 Metaspace       used 115204K, committed 117248K, reserved 528384K
  class space    used 15700K, committed 16576K, reserved 421888K
}
Event: 572.190 GC heap before
{Heap before GC invocations=95 (full 0):
 garbage-first heap   total 434176K, used 356191K [0x0000000080000000, 0x0000000100000000)
  region size 1024K, 74 young (75776K), 8 survivors (8192K)
 Metaspace       used 116248K, committed 118208K, reserved 528384K
  class space    used 15819K, committed 16704K, reserved 421888K
}
Event: 572.211 GC heap after
{Heap after GC invocations=96 (full 0):
 garbage-first heap   total 434176K, used 296533K [0x0000000080000000, 0x0000000100000000)
  region size 1024K, 8 young (8192K), 8 survivors (8192K)
 Metaspace       used 116248K, committed 118208K, reserved 528384K
  class space    used 15819K, committed 16704K, reserved 421888K
}
Event: 580.228 GC heap before
{Heap before GC invocations=96 (full 0):
 garbage-first heap   total 434176K, used 361045K [0x0000000080000000, 0x0000000100000000)
  region size 1024K, 71 young (72704K), 8 survivors (8192K)
 Metaspace       used 117881K, committed 120000K, reserved 528384K
  class space    used 16038K, committed 16960K, reserved 421888K
}
Event: 580.252 GC heap after
{Heap after GC invocations=97 (full 0):
 garbage-first heap   total 434176K, used 305907K [0x0000000080000000, 0x0000000100000000)
  region size 1024K, 9 young (9216K), 9 survivors (9216K)
 Metaspace       used 117881K, committed 120000K, reserved 528384K
  class space    used 16038K, committed 16960K, reserved 421888K
}

