# JRE version: Java(TM) SE Runtime Environment (17.0.7+8) (build 17.0.7+8-LTS-224)
# Java VM: Java HotSpot(TM) 64-Bit Server VM (17.0.7+8-LTS-224, mixed mode, sharing, tiered, compressed oops, compressed class ptrs, g1 gc, windows-amd64)
GC Precious Log:
 CPUs: 4 total, 4 available
 Memory: 16263M
 Large Page Support: Disabled
 NUMA Support: Disabled
 Compressed Oops: Enabled (32-bit)
 Heap Region Size: 1M
 Heap Min Capacity: 8M
 Heap Initial Capacity: 256M
 Heap Max Capacity: 2G
 Pre-touch: Disabled
 Parallel Workers: 4
 Concurrent Workers: 1
 Concurrent Refinement Workers: 4
 Periodic GC: Disabled
Heap:
 garbage-first heap   total 319488K, used 245116K [0x0000000080000000, 0x0000000100000000)
  region size 1024K, 23 young (23552K), 4 survivors (4096K)
 Metaspace       used 102414K, committed 104320K, reserved 512000K
  class space    used 14127K, committed 14976K, reserved 421888K
GC Heap History (20 events):
Event: 664.239 GC heap before
{Heap before GC invocations=79 (full 0):
 garbage-first heap   total 235520K, used 195541K [0x0000000080000000, 0x0000000100000000)
  region size 1024K, 48 young (49152K), 6 survivors (6144K)
 Metaspace       used 94927K, committed 96384K, reserved 512000K
  class space    used 13069K, committed 13760K, reserved 421888K
}
Event: 664.249 GC heap after
{Heap after GC invocations=80 (full 0):
 garbage-first heap   total 235520K, used 157696K [0x0000000080000000, 0x0000000100000000)
  region size 1024K, 5 young (5120K), 5 survivors (5120K)
 Metaspace       used 94927K, committed 96384K, reserved 512000K
  class space    used 13069K, committed 13760K, reserved 421888K
}
Event: 668.662 GC heap before
{Heap before GC invocations=81 (full 0):
 garbage-first heap   total 270336K, used 193536K [0x0000000080000000, 0x0000000100000000)
  region size 1024K, 41 young (41984K), 5 survivors (5120K)
 Metaspace       used 96202K, committed 97664K, reserved 512000K
  class space    used 13258K, committed 13952K, reserved 421888K
}
Event: 668.674 GC heap after
{Heap after GC invocations=82 (full 0):
 garbage-first heap   total 270336K, used 161790K [0x0000000080000000, 0x0000000100000000)
  region size 1024K, 5 young (5120K), 5 survivors (5120K)
 Metaspace       used 96202K, committed 97664K, reserved 512000K
  class space    used 13258K, committed 13952K, reserved 421888K
}
Event: 669.808 GC heap before
{Heap before GC invocations=82 (full 0):
 garbage-first heap   total 270336K, used 169982K [0x0000000080000000, 0x0000000100000000)
  region size 1024K, 13 young (13312K), 5 survivors (5120K)
 Metaspace       used 96371K, committed 97856K, reserved 512000K
  class space    used 13288K, committed 13952K, reserved 421888K
}
Event: 669.837 GC heap after
{Heap after GC invocations=83 (full 0):
 garbage-first heap   total 270336K, used 163279K [0x0000000080000000, 0x0000000100000000)
  region size 1024K, 2 young (2048K), 2 survivors (2048K)
 Metaspace       used 96371K, committed 97856K, reserved 512000K
  class space    used 13288K, committed 13952K, reserved 421888K
}
Event: 680.209 GC heap before
{Heap before GC invocations=83 (full 0):
 garbage-first heap   total 270336K, used 221647K [0x0000000080000000, 0x0000000100000000)
  region size 1024K, 59 young (60416K), 2 survivors (2048K)
 Metaspace       used 96921K, committed 98496K, reserved 512000K
  class space    used 13366K, committed 14080K, reserved 421888K
}
Event: 680.228 GC heap after
{Heap after GC invocations=84 (full 0):
 garbage-first heap   total 270336K, used 173056K [0x0000000080000000, 0x0000000100000000)
  region size 1024K, 8 young (8192K), 8 survivors (8192K)
 Metaspace       used 96921K, committed 98496K, reserved 512000K
  class space    used 13366K, committed 14080K, reserved 421888K
}
Event: 707.277 GC heap before
{Heap before GC invocations=84 (full 0):
 garbage-first heap   total 270336K, used 223232K [0x0000000080000000, 0x0000000100000000)
  region size 1024K, 57 young (58368K), 8 survivors (8192K)
 Metaspace       used 97881K, committed 99520K, reserved 512000K
  class space    used 13514K, committed 14272K, reserved 421888K
}
Event: 707.298 GC heap after
{Heap after GC invocations=85 (full 0):
 garbage-first heap   total 270336K, used 181607K [0x0000000080000000, 0x0000000100000000)
  region size 1024K, 8 young (8192K), 8 survivors (8192K)
 Metaspace       used 97881K, committed 99520K, reserved 512000K
  class space    used 13514K, committed 14272K, reserved 421888K
}
Event: 718.060 GC heap before
{Heap before GC invocations=85 (full 0):
 garbage-first heap   total 270336K, used 222567K [0x0000000080000000, 0x0000000100000000)
  region size 1024K, 49 young (50176K), 8 survivors (8192K)
 Metaspace       used 98322K, committed 100032K, reserved 512000K
  class space    used 13573K, committed 14336K, reserved 421888K
}
Event: 718.082 GC heap after
{Heap after GC invocations=86 (full 0):
 garbage-first heap   total 270336K, used 190152K [0x0000000080000000, 0x0000000100000000)
  region size 1024K, 7 young (7168K), 7 survivors (7168K)
 Metaspace       used 98322K, committed 100032K, reserved 512000K
  class space    used 13573K, committed 14336K, reserved 421888K
}
Event: 728.412 GC heap before
{Heap before GC invocations=87 (full 0):
 garbage-first heap   total 319488K, used 224968K [0x0000000080000000, 0x0000000100000000)
  region size 1024K, 38 young (38912K), 7 survivors (7168K)
 Metaspace       used 98529K, committed 100288K, reserved 512000K
  class space    used 13604K, committed 14400K, reserved 421888K
}
Event: 728.427 GC heap after
{Heap after GC invocations=88 (full 0):
 garbage-first heap   total 319488K, used 202155K [0x0000000080000000, 0x0000000100000000)
  region size 1024K, 5 young (5120K), 5 survivors (5120K)
 Metaspace       used 98529K, committed 100288K, reserved 512000K
  class space    used 13604K, committed 14400K, reserved 421888K
}
Event: 734.673 GC heap before
{Heap before GC invocations=88 (full 0):
 garbage-first heap   total 319488K, used 212395K [0x0000000080000000, 0x0000000100000000)
  region size 1024K, 15 young (15360K), 5 survivors (5120K)
 Metaspace       used 98576K, committed 100352K, reserved 512000K
  class space    used 13610K, committed 14400K, reserved 421888K
}
Event: 734.686 GC heap after
{Heap after GC invocations=89 (full 0):
 garbage-first heap   total 319488K, used 203961K [0x0000000080000000, 0x0000000100000000)
  region size 1024K, 2 young (2048K), 2 survivors (2048K)
 Metaspace       used 98576K, committed 100352K, reserved 512000K
  class space    used 13610K, committed 14400K, reserved 421888K
}
Event: 743.722 GC heap before
{Heap before GC invocations=89 (full 0):
 garbage-first heap   total 319488K, used 264377K [0x0000000080000000, 0x0000000100000000)
  region size 1024K, 57 young (58368K), 2 survivors (2048K)
 Metaspace       used 100728K, committed 102528K, reserved 512000K
  class space    used 13906K, committed 14720K, reserved 421888K
}
Event: 743.733 GC heap after
{Heap after GC invocations=90 (full 0):
 garbage-first heap   total 319488K, used 218112K [0x0000000080000000, 0x0000000100000000)
  region size 1024K, 8 young (8192K), 8 survivors (8192K)
 Metaspace       used 100728K, committed 102528K, reserved 512000K
  class space    used 13906K, committed 14720K, reserved 421888K
}
Event: 748.507 GC heap before
{Heap before GC invocations=90 (full 0):
 garbage-first heap   total 319488K, used 235520K [0x0000000080000000, 0x0000000100000000)
  region size 1024K, 25 young (25600K), 8 survivors (8192K)
 Metaspace       used 100858K, committed 102720K, reserved 512000K
  class space    used 13923K, committed 14784K, reserved 421888K
}
Event: 748.517 GC heap after
{Heap after GC invocations=91 (full 0):
 garbage-first heap   total 319488K, used 223612K [0x0000000080000000, 0x0000000100000000)
  region size 1024K, 4 young (4096K), 4 survivors (4096K)
 Metaspace       used 100858K, committed 102720K, reserved 512000K
  class space    used 13923K, committed 14784K, reserved 421888K
}

