# JRE version: Java(TM) SE Runtime Environment (17.0.7+8) (build 17.0.7+8-LTS-224)
# Java VM: Java HotSpot(TM) 64-Bit Server VM (17.0.7+8-LTS-224, mixed mode, sharing, tiered, compressed oops, compressed class ptrs, g1 gc, windows-amd64)
GC Precious Log:
 CPUs: 4 total, 4 available
 Memory: 16263M
 Large Page Support: Disabled
 NUMA Support: Disabled
 Compressed Oops: Enabled (32-bit)
 Heap Region Size: 1M
 Heap Min Capacity: 8M
 Heap Initial Capacity: 256M
 Heap Max Capacity: 2G
 Pre-touch: Disabled
 Parallel Workers: 4
 Concurrent Workers: 1
 Concurrent Refinement Workers: 4
 Periodic GC: Disabled
Heap:
 garbage-first heap   total 188416K, used 138505K [0x0000000080000000, 0x0000000100000000)
  region size 1024K, 34 young (34816K), 5 survivors (5120K)
 Metaspace       used 85599K, committed 86784K, reserved 503808K
  class space    used 11769K, committed 12352K, reserved 421888K
GC Heap History (20 events):
Event: 540.894 GC heap before
{Heap before GC invocations=48 (full 0):
 garbage-first heap   total 137216K, used 112784K [0x0000000080000000, 0x0000000100000000)
  region size 1024K, 31 young (31744K), 1 survivors (1024K)
 Metaspace       used 78691K, committed 79488K, reserved 495616K
  class space    used 10805K, committed 11200K, reserved 421888K
}
Event: 540.901 GC heap after
{Heap after GC invocations=49 (full 0):
 garbage-first heap   total 137216K, used 84966K [0x0000000080000000, 0x0000000100000000)
  region size 1024K, 4 young (4096K), 4 survivors (4096K)
 Metaspace       used 78691K, committed 79488K, reserved 495616K
  class space    used 10805K, committed 11200K, reserved 421888K
}
Event: 548.055 GC heap before
{Heap before GC invocations=50 (full 0):
 garbage-first heap   total 147456K, used 112614K [0x0000000080000000, 0x0000000100000000)
  region size 1024K, 31 young (31744K), 4 survivors (4096K)
 Metaspace       used 79725K, committed 80640K, reserved 495616K
  class space    used 10956K, committed 11392K, reserved 421888K
}
Event: 548.066 GC heap after
{Heap after GC invocations=51 (full 0):
 garbage-first heap   total 147456K, used 88222K [0x0000000080000000, 0x0000000100000000)
  region size 1024K, 4 young (4096K), 4 survivors (4096K)
 Metaspace       used 79725K, committed 80640K, reserved 495616K
  class space    used 10956K, committed 11392K, reserved 421888K
}
Event: 548.298 GC heap before
{Heap before GC invocations=51 (full 0):
 garbage-first heap   total 147456K, used 91294K [0x0000000080000000, 0x0000000100000000)
  region size 1024K, 7 young (7168K), 4 survivors (4096K)
 Metaspace       used 80016K, committed 80960K, reserved 495616K
  class space    used 11002K, committed 11456K, reserved 421888K
}
Event: 548.304 GC heap after
{Heap after GC invocations=52 (full 0):
 garbage-first heap   total 147456K, used 88349K [0x0000000080000000, 0x0000000100000000)
  region size 1024K, 1 young (1024K), 1 survivors (1024K)
 Metaspace       used 80016K, committed 80960K, reserved 495616K
  class space    used 11002K, committed 11456K, reserved 421888K
}
Event: 557.911 GC heap before
{Heap before GC invocations=52 (full 0):
 garbage-first heap   total 147456K, used 120093K [0x0000000080000000, 0x0000000100000000)
  region size 1024K, 33 young (33792K), 1 survivors (1024K)
 Metaspace       used 81784K, committed 82816K, reserved 495616K
  class space    used 11203K, committed 11712K, reserved 421888K
}
Event: 557.917 GC heap after
{Heap after GC invocations=53 (full 0):
 garbage-first heap   total 147456K, used 92055K [0x0000000080000000, 0x0000000100000000)
  region size 1024K, 5 young (5120K), 5 survivors (5120K)
 Metaspace       used 81784K, committed 82816K, reserved 495616K
  class space    used 11203K, committed 11712K, reserved 421888K
}
Event: 560.339 GC heap before
{Heap before GC invocations=54 (full 0):
 garbage-first heap   total 158720K, used 119703K [0x0000000080000000, 0x0000000100000000)
  region size 1024K, 32 young (32768K), 5 survivors (5120K)
 Metaspace       used 83529K, committed 84544K, reserved 495616K
  class space    used 11496K, committed 11968K, reserved 421888K
}
Event: 560.352 GC heap after
{Heap after GC invocations=55 (full 0):
 garbage-first heap   total 158720K, used 94773K [0x0000000080000000, 0x0000000100000000)
  region size 1024K, 3 young (3072K), 3 survivors (3072K)
 Metaspace       used 83529K, committed 84544K, reserved 495616K
  class space    used 11496K, committed 11968K, reserved 421888K
}
Event: 560.503 GC heap before
{Heap before GC invocations=55 (full 0):
 garbage-first heap   total 158720K, used 98869K [0x0000000080000000, 0x0000000100000000)
  region size 1024K, 7 young (7168K), 3 survivors (3072K)
 Metaspace       used 83566K, committed 84544K, reserved 495616K
  class space    used 11502K, committed 11968K, reserved 421888K
}
Event: 560.510 GC heap after
{Heap after GC invocations=56 (full 0):
 garbage-first heap   total 158720K, used 95085K [0x0000000080000000, 0x0000000100000000)
  region size 1024K, 1 young (1024K), 1 survivors (1024K)
 Metaspace       used 83566K, committed 84544K, reserved 495616K
  class space    used 11502K, committed 11968K, reserved 421888K
}
Event: 590.732 GC heap before
{Heap before GC invocations=56 (full 0):
 garbage-first heap   total 158720K, used 127853K [0x0000000080000000, 0x0000000100000000)
  region size 1024K, 34 young (34816K), 1 survivors (1024K)
 Metaspace       used 84028K, committed 85056K, reserved 495616K
  class space    used 11563K, committed 12096K, reserved 421888K
}
Event: 590.739 GC heap after
{Heap after GC invocations=57 (full 0):
 garbage-first heap   total 158720K, used 99374K [0x0000000080000000, 0x0000000100000000)
  region size 1024K, 5 young (5120K), 5 survivors (5120K)
 Metaspace       used 84028K, committed 85056K, reserved 495616K
  class space    used 11563K, committed 12096K, reserved 421888K
}
Event: 601.648 GC heap before
{Heap before GC invocations=58 (full 0):
 garbage-first heap   total 179200K, used 129070K [0x0000000080000000, 0x0000000100000000)
  region size 1024K, 34 young (34816K), 5 survivors (5120K)
 Metaspace       used 84474K, committed 85568K, reserved 503808K
  class space    used 11619K, committed 12160K, reserved 421888K
}
Event: 601.659 GC heap after
{Heap after GC invocations=59 (full 0):
 garbage-first heap   total 179200K, used 104728K [0x0000000080000000, 0x0000000100000000)
  region size 1024K, 5 young (5120K), 5 survivors (5120K)
 Metaspace       used 84474K, committed 85568K, reserved 503808K
  class space    used 11619K, committed 12160K, reserved 421888K
}
Event: 602.595 GC heap before
{Heap before GC invocations=59 (full 0):
 garbage-first heap   total 179200K, used 107800K [0x0000000080000000, 0x0000000100000000)
  region size 1024K, 8 young (8192K), 5 survivors (5120K)
 Metaspace       used 84537K, committed 85632K, reserved 503808K
  class space    used 11623K, committed 12160K, reserved 421888K
}
Event: 602.603 GC heap after
{Heap after GC invocations=60 (full 0):
 garbage-first heap   total 179200K, used 105613K [0x0000000080000000, 0x0000000100000000)
  region size 1024K, 1 young (1024K), 1 survivors (1024K)
 Metaspace       used 84537K, committed 85632K, reserved 503808K
  class space    used 11623K, committed 12160K, reserved 421888K
}
Event: 618.279 GC heap before
{Heap before GC invocations=60 (full 0):
 garbage-first heap   total 179200K, used 143501K [0x0000000080000000, 0x0000000100000000)
  region size 1024K, 39 young (39936K), 1 survivors (1024K)
 Metaspace       used 85193K, committed 86400K, reserved 503808K
  class space    used 11721K, committed 12288K, reserved 421888K
}
Event: 618.291 GC heap after
{Heap after GC invocations=61 (full 0):
 garbage-first heap   total 179200K, used 110857K [0x0000000080000000, 0x0000000100000000)
  region size 1024K, 5 young (5120K), 5 survivors (5120K)
 Metaspace       used 85193K, committed 86400K, reserved 503808K
  class space    used 11721K, committed 12288K, reserved 421888K
}

