# JRE version: Java(TM) SE Runtime Environment (17.0.7+8) (build 17.0.7+8-LTS-224)
# Java VM: Java HotSpot(TM) 64-Bit Server VM (17.0.7+8-LTS-224, mixed mode, sharing, tiered, compressed oops, compressed class ptrs, g1 gc, windows-amd64)
GC Precious Log:
 CPUs: 4 total, 4 available
 Memory: 16263M
 Large Page Support: Disabled
 NUMA Support: Disabled
 Compressed Oops: Enabled (32-bit)
 Heap Region Size: 1M
 Heap Min Capacity: 8M
 Heap Initial Capacity: 256M
 Heap Max Capacity: 2G
 Pre-touch: Disabled
 Parallel Workers: 4
 Concurrent Workers: 1
 Concurrent Refinement Workers: 4
 Periodic GC: Disabled
Heap:
 garbage-first heap   total 111616K, used 79243K [0x0000000080000000, 0x0000000100000000)
  region size 1024K, 20 young (20480K), 1 survivors (1024K)
 Metaspace       used 59726K, committed 60416K, reserved 479232K
  class space    used 8261K, committed 8576K, reserved 421888K
GC Heap History (20 events):
Event: 124.647 GC heap before
{Heap before GC invocations=21 (full 0):
 garbage-first heap   total 78848K, used 61239K [0x0000000080000000, 0x0000000100000000)
  region size 1024K, 19 young (19456K), 2 survivors (2048K)
 Metaspace       used 49278K, committed 49856K, reserved 471040K
  class space    used 6862K, committed 7104K, reserved 421888K
}
Event: 124.651 GC heap after
{Heap after GC invocations=22 (full 0):
 garbage-first heap   total 78848K, used 45669K [0x0000000080000000, 0x0000000100000000)
  region size 1024K, 3 young (3072K), 3 survivors (3072K)
 Metaspace       used 49278K, committed 49856K, reserved 471040K
  class space    used 6862K, committed 7104K, reserved 421888K
}
Event: 126.422 GC heap before
{Heap before GC invocations=23 (full 0):
 garbage-first heap   total 80896K, used 62053K [0x0000000080000000, 0x0000000100000000)
  region size 1024K, 20 young (20480K), 3 survivors (3072K)
 Metaspace       used 51360K, committed 51904K, reserved 471040K
  class space    used 7123K, committed 7360K, reserved 421888K
}
Event: 126.427 GC heap after
{Heap after GC invocations=24 (full 0):
 garbage-first heap   total 80896K, used 47111K [0x0000000080000000, 0x0000000100000000)
  region size 1024K, 3 young (3072K), 3 survivors (3072K)
 Metaspace       used 51360K, committed 51904K, reserved 471040K
  class space    used 7123K, committed 7360K, reserved 421888K
}
Event: 129.054 GC heap before
{Heap before GC invocations=24 (full 0):
 garbage-first heap   total 80896K, used 65543K [0x0000000080000000, 0x0000000100000000)
  region size 1024K, 21 young (21504K), 3 survivors (3072K)
 Metaspace       used 52560K, committed 53120K, reserved 471040K
  class space    used 7272K, committed 7488K, reserved 421888K
}
Event: 129.057 GC heap after
{Heap after GC invocations=25 (full 0):
 garbage-first heap   total 80896K, used 47090K [0x0000000080000000, 0x0000000100000000)
  region size 1024K, 2 young (2048K), 2 survivors (2048K)
 Metaspace       used 52560K, committed 53120K, reserved 471040K
  class space    used 7272K, committed 7488K, reserved 421888K
}
Event: 131.194 GC heap before
{Heap before GC invocations=26 (full 0):
 garbage-first heap   total 81920K, used 65522K [0x0000000080000000, 0x0000000100000000)
  region size 1024K, 20 young (20480K), 2 survivors (2048K)
 Metaspace       used 53856K, committed 54400K, reserved 471040K
  class space    used 7455K, committed 7680K, reserved 421888K
}
Event: 131.199 GC heap after
{Heap after GC invocations=27 (full 0):
 garbage-first heap   total 81920K, used 48731K [0x0000000080000000, 0x0000000100000000)
  region size 1024K, 3 young (3072K), 3 survivors (3072K)
 Metaspace       used 53856K, committed 54400K, reserved 471040K
  class space    used 7455K, committed 7680K, reserved 421888K
}
Event: 132.583 GC heap before
{Heap before GC invocations=27 (full 0):
 garbage-first heap   total 81920K, used 67163K [0x0000000080000000, 0x0000000100000000)
  region size 1024K, 21 young (21504K), 3 survivors (3072K)
 Metaspace       used 54904K, committed 55552K, reserved 471040K
  class space    used 7598K, committed 7872K, reserved 421888K
}
Event: 132.589 GC heap after
{Heap after GC invocations=28 (full 0):
 garbage-first heap   total 81920K, used 51162K [0x0000000080000000, 0x0000000100000000)
  region size 1024K, 3 young (3072K), 3 survivors (3072K)
 Metaspace       used 54904K, committed 55552K, reserved 471040K
  class space    used 7598K, committed 7872K, reserved 421888K
}
Event: 136.418 GC heap before
{Heap before GC invocations=29 (full 0):
 garbage-first heap   total 89088K, used 66522K [0x0000000080000000, 0x0000000100000000)
  region size 1024K, 19 young (19456K), 3 survivors (3072K)
 Metaspace       used 56371K, committed 57024K, reserved 479232K
  class space    used 7843K, committed 8192K, reserved 421888K
}
Event: 136.426 GC heap after
{Heap after GC invocations=30 (full 0):
 garbage-first heap   total 89088K, used 52866K [0x0000000080000000, 0x0000000100000000)
  region size 1024K, 2 young (2048K), 2 survivors (2048K)
 Metaspace       used 56371K, committed 57024K, reserved 479232K
  class space    used 7843K, committed 8192K, reserved 421888K
}
Event: 137.998 GC heap before
{Heap before GC invocations=30 (full 0):
 garbage-first heap   total 89088K, used 71298K [0x0000000080000000, 0x0000000100000000)
  region size 1024K, 21 young (21504K), 2 survivors (2048K)
 Metaspace       used 58217K, committed 58880K, reserved 479232K
  class space    used 8051K, committed 8384K, reserved 421888K
}
Event: 138.004 GC heap after
{Heap after GC invocations=31 (full 0):
 garbage-first heap   total 89088K, used 55127K [0x0000000080000000, 0x0000000100000000)
  region size 1024K, 3 young (3072K), 3 survivors (3072K)
 Metaspace       used 58217K, committed 58880K, reserved 479232K
  class space    used 8051K, committed 8384K, reserved 421888K
}
Event: 141.279 GC heap before
{Heap before GC invocations=32 (full 0):
 garbage-first heap   total 96256K, used 72535K [0x0000000080000000, 0x0000000100000000)
  region size 1024K, 20 young (20480K), 3 survivors (3072K)
 Metaspace       used 59315K, committed 59968K, reserved 479232K
  class space    used 8210K, committed 8512K, reserved 421888K
}
Event: 141.285 GC heap after
{Heap after GC invocations=33 (full 0):
 garbage-first heap   total 96256K, used 56994K [0x0000000080000000, 0x0000000100000000)
  region size 1024K, 2 young (2048K), 2 survivors (2048K)
 Metaspace       used 59315K, committed 59968K, reserved 479232K
  class space    used 8210K, committed 8512K, reserved 421888K
}
Event: 141.300 GC heap before
{Heap before GC invocations=33 (full 0):
 garbage-first heap   total 96256K, used 58018K [0x0000000080000000, 0x0000000100000000)
  region size 1024K, 4 young (4096K), 2 survivors (2048K)
 Metaspace       used 59327K, committed 59968K, reserved 479232K
  class space    used 8210K, committed 8512K, reserved 421888K
}
Event: 141.304 GC heap after
{Heap after GC invocations=34 (full 0):
 garbage-first heap   total 96256K, used 56393K [0x0000000080000000, 0x0000000100000000)
  region size 1024K, 1 young (1024K), 1 survivors (1024K)
 Metaspace       used 59327K, committed 59968K, reserved 479232K
  class space    used 8210K, committed 8512K, reserved 421888K
}
Event: 144.536 GC heap before
{Heap before GC invocations=34 (full 0):
 garbage-first heap   total 96256K, used 70729K [0x0000000080000000, 0x0000000100000000)
  region size 1024K, 16 young (16384K), 1 survivors (1024K)
 Metaspace       used 59413K, committed 60032K, reserved 479232K
  class space    used 8215K, committed 8512K, reserved 421888K
}
Event: 144.538 GC heap after
{Heap after GC invocations=35 (full 0):
 garbage-first heap   total 96256K, used 56830K [0x0000000080000000, 0x0000000100000000)
  region size 1024K, 1 young (1024K), 1 survivors (1024K)
 Metaspace       used 59413K, committed 60032K, reserved 479232K
  class space    used 8215K, committed 8512K, reserved 421888K
}

