# JRE version: Java(TM) SE Runtime Environment (17.0.7+8) (build 17.0.7+8-LTS-224)
# Java VM: Java HotSpot(TM) 64-Bit Server VM (17.0.7+8-LTS-224, mixed mode, sharing, tiered, compressed oops, compressed class ptrs, g1 gc, windows-amd64)
GC Precious Log:
 CPUs: 4 total, 4 available
 Memory: 16263M
 Large Page Support: Disabled
 NUMA Support: Disabled
 Compressed Oops: Enabled (32-bit)
 Heap Region Size: 1M
 Heap Min Capacity: 8M
 Heap Initial Capacity: 256M
 Heap Max Capacity: 2G
 Pre-touch: Disabled
 Parallel Workers: 4
 Concurrent Workers: 1
 Concurrent Refinement Workers: 4
 Periodic GC: Disabled
Heap:
 garbage-first heap   total 256000K, used 174796K [0x0000000080000000, 0x0000000100000000)
  region size 1024K, 23 young (23552K), 2 survivors (2048K)
 Metaspace       used 94849K, committed 96320K, reserved 512000K
  class space    used 13076K, committed 13760K, reserved 421888K
GC Heap History (20 events):
Event: 613.809 GC heap before
{Heap before GC invocations=70 (full 0):
 garbage-first heap   total 201728K, used 122455K [0x0000000080000000, 0x0000000100000000)
  region size 1024K, 9 young (9216K), 4 survivors (4096K)
 Metaspace       used 85770K, committed 86976K, reserved 503808K
  class space    used 11803K, committed 12352K, reserved 421888K
}
Event: 613.818 GC heap after
{Heap after GC invocations=71 (full 0):
 garbage-first heap   total 201728K, used 119403K [0x0000000080000000, 0x0000000100000000)
  region size 1024K, 2 young (2048K), 2 survivors (2048K)
 Metaspace       used 85770K, committed 86976K, reserved 503808K
  class space    used 11803K, committed 12352K, reserved 421888K
}
Event: 628.017 GC heap before
{Heap before GC invocations=71 (full 0):
 garbage-first heap   total 201728K, used 159339K [0x0000000080000000, 0x0000000100000000)
  region size 1024K, 41 young (41984K), 2 survivors (2048K)
 Metaspace       used 86207K, committed 87424K, reserved 503808K
  class space    used 11866K, committed 12416K, reserved 421888K
}
Event: 628.026 GC heap after
{Heap after GC invocations=72 (full 0):
 garbage-first heap   total 201728K, used 126209K [0x0000000080000000, 0x0000000100000000)
  region size 1024K, 6 young (6144K), 6 survivors (6144K)
 Metaspace       used 86207K, committed 87424K, reserved 503808K
  class space    used 11866K, committed 12416K, reserved 421888K
}
Event: 637.483 GC heap before
{Heap before GC invocations=73 (full 0):
 garbage-first heap   total 219136K, used 160001K [0x0000000080000000, 0x0000000100000000)
  region size 1024K, 40 young (40960K), 6 survivors (6144K)
 Metaspace       used 86721K, committed 88064K, reserved 503808K
  class space    used 11942K, committed 12544K, reserved 421888K
}
Event: 637.497 GC heap after
{Heap after GC invocations=74 (full 0):
 garbage-first heap   total 219136K, used 132352K [0x0000000080000000, 0x0000000100000000)
  region size 1024K, 5 young (5120K), 5 survivors (5120K)
 Metaspace       used 86721K, committed 88064K, reserved 503808K
  class space    used 11942K, committed 12544K, reserved 421888K
}
Event: 640.471 GC heap before
{Heap before GC invocations=74 (full 0):
 garbage-first heap   total 219136K, used 137472K [0x0000000080000000, 0x0000000100000000)
  region size 1024K, 10 young (10240K), 5 survivors (5120K)
 Metaspace       used 86827K, committed 88256K, reserved 503808K
  class space    used 11960K, committed 12608K, reserved 421888K
}
Event: 640.482 GC heap after
{Heap after GC invocations=75 (full 0):
 garbage-first heap   total 219136K, used 133662K [0x0000000080000000, 0x0000000100000000)
  region size 1024K, 2 young (2048K), 2 survivors (2048K)
 Metaspace       used 86827K, committed 88256K, reserved 503808K
  class space    used 11960K, committed 12608K, reserved 421888K
}
Event: 649.493 GC heap before
{Heap before GC invocations=75 (full 0):
 garbage-first heap   total 219136K, used 174622K [0x0000000080000000, 0x0000000100000000)
  region size 1024K, 42 young (43008K), 2 survivors (2048K)
 Metaspace       used 88628K, committed 90112K, reserved 503808K
  class space    used 12213K, committed 12864K, reserved 421888K
}
Event: 649.502 GC heap after
{Heap after GC invocations=76 (full 0):
 garbage-first heap   total 219136K, used 138320K [0x0000000080000000, 0x0000000100000000)
  region size 1024K, 6 young (6144K), 6 survivors (6144K)
 Metaspace       used 88628K, committed 90112K, reserved 503808K
  class space    used 12213K, committed 12864K, reserved 421888K
}
Event: 655.461 GC heap before
{Heap before GC invocations=77 (full 0):
 garbage-first heap   total 234496K, used 177232K [0x0000000080000000, 0x0000000100000000)
  region size 1024K, 44 young (45056K), 6 survivors (6144K)
 Metaspace       used 90205K, committed 91648K, reserved 503808K
  class space    used 12460K, committed 13120K, reserved 421888K
}
Event: 655.472 GC heap after
{Heap after GC invocations=78 (full 0):
 garbage-first heap   total 234496K, used 142801K [0x0000000080000000, 0x0000000100000000)
  region size 1024K, 5 young (5120K), 5 survivors (5120K)
 Metaspace       used 90205K, committed 91648K, reserved 503808K
  class space    used 12460K, committed 13120K, reserved 421888K
}
Event: 655.693 GC heap before
{Heap before GC invocations=78 (full 0):
 garbage-first heap   total 234496K, used 148945K [0x0000000080000000, 0x0000000100000000)
  region size 1024K, 11 young (11264K), 5 survivors (5120K)
 Metaspace       used 90295K, committed 91776K, reserved 503808K
  class space    used 12472K, committed 13184K, reserved 421888K
}
Event: 655.701 GC heap after
{Heap after GC invocations=79 (full 0):
 garbage-first heap   total 234496K, used 143460K [0x0000000080000000, 0x0000000100000000)
  region size 1024K, 2 young (2048K), 2 survivors (2048K)
 Metaspace       used 90295K, committed 91776K, reserved 503808K
  class space    used 12472K, committed 13184K, reserved 421888K
}
Event: 659.564 GC heap before
{Heap before GC invocations=79 (full 0):
 garbage-first heap   total 234496K, used 190564K [0x0000000080000000, 0x0000000100000000)
  region size 1024K, 48 young (49152K), 2 survivors (2048K)
 Metaspace       used 92765K, committed 94272K, reserved 503808K
  class space    used 12804K, committed 13504K, reserved 421888K
}
Event: 659.571 GC heap after
{Heap after GC invocations=80 (full 0):
 garbage-first heap   total 234496K, used 147753K [0x0000000080000000, 0x0000000100000000)
  region size 1024K, 6 young (6144K), 6 survivors (6144K)
 Metaspace       used 92765K, committed 94272K, reserved 503808K
  class space    used 12804K, committed 13504K, reserved 421888K
}
Event: 663.345 GC heap before
{Heap before GC invocations=81 (full 0):
 garbage-first heap   total 256000K, used 190761K [0x0000000080000000, 0x0000000100000000)
  region size 1024K, 48 young (49152K), 6 survivors (6144K)
 Metaspace       used 93934K, committed 95488K, reserved 512000K
  class space    used 12968K, committed 13696K, reserved 421888K
}
Event: 663.357 GC heap after
{Heap after GC invocations=82 (full 0):
 garbage-first heap   total 256000K, used 153037K [0x0000000080000000, 0x0000000100000000)
  region size 1024K, 6 young (6144K), 6 survivors (6144K)
 Metaspace       used 93934K, committed 95488K, reserved 512000K
  class space    used 12968K, committed 13696K, reserved 421888K
}
Event: 663.700 GC heap before
{Heap before GC invocations=82 (full 0):
 garbage-first heap   total 256000K, used 159181K [0x0000000080000000, 0x0000000100000000)
  region size 1024K, 12 young (12288K), 6 survivors (6144K)
 Metaspace       used 94099K, committed 95616K, reserved 512000K
  class space    used 12991K, committed 13696K, reserved 421888K
}
Event: 663.709 GC heap after
{Heap after GC invocations=83 (full 0):
 garbage-first heap   total 256000K, used 154316K [0x0000000080000000, 0x0000000100000000)
  region size 1024K, 2 young (2048K), 2 survivors (2048K)
 Metaspace       used 94099K, committed 95616K, reserved 512000K
  class space    used 12991K, committed 13696K, reserved 421888K
}

