# JRE version: Java(TM) SE Runtime Environment (17.0.7+8) (build 17.0.7+8-LTS-224)
# Java VM: Java HotSpot(TM) 64-Bit Server VM (17.0.7+8-LTS-224, mixed mode, sharing, tiered, compressed oops, compressed class ptrs, g1 gc, windows-amd64)
GC Precious Log:
 CPUs: 4 total, 4 available
 Memory: 16263M
 Large Page Support: Disabled
 NUMA Support: Disabled
 Compressed Oops: Enabled (32-bit)
 Heap Region Size: 1M
 Heap Min Capacity: 8M
 Heap Initial Capacity: 256M
 Heap Max Capacity: 2G
 Pre-touch: Disabled
 Parallel Workers: 4
 Concurrent Workers: 1
 Concurrent Refinement Workers: 4
 Periodic GC: Disabled
Heap:
 garbage-first heap   total 256000K, used 165497K [0x0000000080000000, 0x0000000100000000)
  region size 1024K, 21 young (21504K), 2 survivors (2048K)
 Metaspace       used 92970K, committed 94464K, reserved 503808K
  class space    used 12799K, committed 13504K, reserved 421888K
GC Heap History (20 events):
Event: 644.587 GC heap before
{Heap before GC invocations=65 (full 0):
 garbage-first heap   total 189440K, used 139248K [0x0000000080000000, 0x0000000100000000)
  region size 1024K, 33 young (33792K), 5 survivors (5120K)
 Metaspace       used 85591K, committed 86784K, reserved 503808K
  class space    used 11753K, committed 12288K, reserved 421888K
}
Event: 644.599 GC heap after
{Heap after GC invocations=66 (full 0):
 garbage-first heap   total 189440K, used 116834K [0x0000000080000000, 0x0000000100000000)
  region size 1024K, 5 young (5120K), 5 survivors (5120K)
 Metaspace       used 85591K, committed 86784K, reserved 503808K
  class space    used 11753K, committed 12288K, reserved 421888K
}
Event: 644.948 GC heap before
{Heap before GC invocations=66 (full 0):
 garbage-first heap   total 189440K, used 120930K [0x0000000080000000, 0x0000000100000000)
  region size 1024K, 9 young (9216K), 5 survivors (5120K)
 Metaspace       used 85676K, committed 86848K, reserved 503808K
  class space    used 11765K, committed 12288K, reserved 421888K
}
Event: 644.957 GC heap after
{Heap after GC invocations=67 (full 0):
 garbage-first heap   total 189440K, used 117814K [0x0000000080000000, 0x0000000100000000)
  region size 1024K, 2 young (2048K), 2 survivors (2048K)
 Metaspace       used 85676K, committed 86848K, reserved 503808K
  class space    used 11765K, committed 12288K, reserved 421888K
}
Event: 658.553 GC heap before
{Heap before GC invocations=67 (full 0):
 garbage-first heap   total 189440K, used 153654K [0x0000000080000000, 0x0000000100000000)
  region size 1024K, 37 young (37888K), 2 survivors (2048K)
 Metaspace       used 86109K, committed 87424K, reserved 503808K
  class space    used 11822K, committed 12416K, reserved 421888K
}
Event: 658.564 GC heap after
{Heap after GC invocations=68 (full 0):
 garbage-first heap   total 189440K, used 123595K [0x0000000080000000, 0x0000000100000000)
  region size 1024K, 5 young (5120K), 5 survivors (5120K)
 Metaspace       used 86109K, committed 87424K, reserved 503808K
  class space    used 11822K, committed 12416K, reserved 421888K
}
Event: 679.370 GC heap before
{Heap before GC invocations=69 (full 0):
 garbage-first heap   total 208896K, used 153291K [0x0000000080000000, 0x0000000100000000)
  region size 1024K, 34 young (34816K), 5 survivors (5120K)
 Metaspace       used 86501K, committed 87808K, reserved 503808K
  class space    used 11877K, committed 12480K, reserved 421888K
}
Event: 679.387 GC heap after
{Heap after GC invocations=70 (full 0):
 garbage-first heap   total 208896K, used 128698K [0x0000000080000000, 0x0000000100000000)
  region size 1024K, 5 young (5120K), 5 survivors (5120K)
 Metaspace       used 86501K, committed 87808K, reserved 503808K
  class space    used 11877K, committed 12480K, reserved 421888K
}
Event: 679.498 GC heap before
{Heap before GC invocations=70 (full 0):
 garbage-first heap   total 208896K, used 133818K [0x0000000080000000, 0x0000000100000000)
  region size 1024K, 10 young (10240K), 5 survivors (5120K)
 Metaspace       used 86557K, committed 87872K, reserved 503808K
  class space    used 11885K, committed 12480K, reserved 421888K
}
Event: 679.506 GC heap after
{Heap after GC invocations=71 (full 0):
 garbage-first heap   total 208896K, used 129465K [0x0000000080000000, 0x0000000100000000)
  region size 1024K, 2 young (2048K), 2 survivors (2048K)
 Metaspace       used 86557K, committed 87872K, reserved 503808K
  class space    used 11885K, committed 12480K, reserved 421888K
}
Event: 703.664 GC heap before
{Heap before GC invocations=71 (full 0):
 garbage-first heap   total 208896K, used 169401K [0x0000000080000000, 0x0000000100000000)
  region size 1024K, 41 young (41984K), 2 survivors (2048K)
 Metaspace       used 87207K, committed 88640K, reserved 503808K
  class space    used 11995K, committed 12672K, reserved 421888K
}
Event: 703.673 GC heap after
{Heap after GC invocations=72 (full 0):
 garbage-first heap   total 208896K, used 135882K [0x0000000080000000, 0x0000000100000000)
  region size 1024K, 6 young (6144K), 6 survivors (6144K)
 Metaspace       used 87207K, committed 88640K, reserved 503808K
  class space    used 11995K, committed 12672K, reserved 421888K
}
Event: 710.340 GC heap before
{Heap before GC invocations=72 (full 0):
 garbage-first heap   total 208896K, used 170698K [0x0000000080000000, 0x0000000100000000)
  region size 1024K, 40 young (40960K), 6 survivors (6144K)
 Metaspace       used 89210K, committed 90688K, reserved 503808K
  class space    used 12258K, committed 12928K, reserved 421888K
}
Event: 710.353 GC heap after
{Heap after GC invocations=73 (full 0):
 garbage-first heap   total 208896K, used 139800K [0x0000000080000000, 0x0000000100000000)
  region size 1024K, 4 young (4096K), 4 survivors (4096K)
 Metaspace       used 89210K, committed 90688K, reserved 503808K
  class space    used 12258K, committed 12928K, reserved 421888K
}
Event: 711.408 GC heap before
{Heap before GC invocations=73 (full 0):
 garbage-first heap   total 208896K, used 172568K [0x0000000080000000, 0x0000000100000000)
  region size 1024K, 36 young (36864K), 4 survivors (4096K)
 Metaspace       used 90347K, committed 91776K, reserved 503808K
  class space    used 12451K, committed 13120K, reserved 421888K
}
Event: 711.420 GC heap after
{Heap after GC invocations=74 (full 0):
 garbage-first heap   total 208896K, used 143874K [0x0000000080000000, 0x0000000100000000)
  region size 1024K, 4 young (4096K), 4 survivors (4096K)
 Metaspace       used 90347K, committed 91776K, reserved 503808K
  class space    used 12451K, committed 13120K, reserved 421888K
}
Event: 713.044 GC heap before
{Heap before GC invocations=75 (full 0):
 garbage-first heap   total 256000K, used 171522K [0x0000000080000000, 0x0000000100000000)
  region size 1024K, 31 young (31744K), 4 survivors (4096K)
 Metaspace       used 92402K, committed 93952K, reserved 503808K
  class space    used 12729K, committed 13440K, reserved 421888K
}
Event: 713.055 GC heap after
{Heap after GC invocations=76 (full 0):
 garbage-first heap   total 256000K, used 146353K [0x0000000080000000, 0x0000000100000000)
  region size 1024K, 3 young (3072K), 3 survivors (3072K)
 Metaspace       used 92402K, committed 93952K, reserved 503808K
  class space    used 12729K, committed 13440K, reserved 421888K
}
Event: 713.749 GC heap before
{Heap before GC invocations=76 (full 0):
 garbage-first heap   total 256000K, used 155569K [0x0000000080000000, 0x0000000100000000)
  region size 1024K, 12 young (12288K), 3 survivors (3072K)
 Metaspace       used 92583K, committed 94080K, reserved 503808K
  class space    used 12756K, committed 13440K, reserved 421888K
}
Event: 713.756 GC heap after
{Heap after GC invocations=77 (full 0):
 garbage-first heap   total 256000K, used 147065K [0x0000000080000000, 0x0000000100000000)
  region size 1024K, 2 young (2048K), 2 survivors (2048K)
 Metaspace       used 92583K, committed 94080K, reserved 503808K
  class space    used 12756K, committed 13440K, reserved 421888K
}

